[2022-03-25T00:18:04+0000] [MainThread] [I] [toil.statsAndLogging] xmlRoot = <multi_cactus inputSequences="turtle-output/GCA_009430475.1_Amar_v1_genomic.fna turtle-output/Anc00.fa turtle-output/Anc01.fa turtle-output/Anc02.fa turtle-output/Anc03.fa turtle-output/Anc04.fa turtle-output/Anc05.fa turtle-output/Anc06.fa turtle-output/Anc07.fa turtle-output/Anc09.fa turtle-output/Anc10.fa turtle-output/Anc11.fa turtle-output/Anc12.fa turtle-output/Anc13.fa turtle-output/Anc14.fa turtle-output/Anc15.fa turtle-output/Anc16.fa turtle-output/Anc17.fa turtle-output/Anc18.fa turtle-output/Anc19.fa turtle-output/Anc20.fa turtle-output/GCA_003597395.1_ASM359739v1_genomic.fna turtle-output/GCA_007922185.1_Carettochelys_insculpta-1.0_genomic.fna turtle-output/GCA_003846335.1_ASM384633v1_genomic.fna turtle-output/GCF_015237465.2_rCheMyd1.pri.v2_genomic.fna turtle-output/GCA_000241765.3_Chrysemys_picta_BioNano-3.0.4_genomic.fna turtle-output/GCA_007922165.1_Chelydra_serpentina-1.0_genomic.fna turtle-output/GCF_009764565.3_rDerCor1.pri.v4_genomic.fna turtle-output/GCA_007922305.1_Dermatemys_mawii-1.0_genomic.fna turtle-output/GCA_007922225.1_Emydura_subglobosa-1.0_genomic.fna turtle-output/GCF_007399415.2_rGopEvg1_v1.p_genomic.fna turtle-output/LepKem1-11Jun2020.fasta.masked turtle-output/GCA_020497125.1_ASM2049712v1_genomic.fna turtle-output/GCF_016161935.1_ASM1616193v1_genomic.fna turtle-output/GCA_001728815.2_terp_v2_2_genomic.fna turtle-output/GCA_007922155.1_Mesoclemmys_tuberculata-1.0_genomic.fna turtle-output/GCA_007922175.1_Pelusios_castaneus-1.0_genomic.fna turtle-output/GCA_007922195.1_Podocnemis_expansa-1.0_genomic.fna turtle-output/GCA_003942145.1_ASM394214v1_genomic.fna turtle-output/GCA_000230535.1_PelSin_1.0_genomic.fna turtle-output/GCA_019425775.1_ASM1942577v1_genomic.fna turtle-output/GCF_013100865.1_CAS_Tse_1.0_genomic.fna" inputSequenceNames="Amarmorata Anc00 Anc01 Anc02 Anc03 Anc04 Anc05 Anc06 Anc07 Anc09 Anc10 Anc11 Anc12 Anc13 Anc14 Anc15 Anc16 Anc17 Anc18 Anc19 Anc20 Cabingdonii Cinsculpta Cmccordii Cmydas Cpicta Cserpentina Dcoriacea Dmawii Esubglobosa Gevgoodei Lkempii Mmutica Mreevesii Mterrapin Mtuberculata Pcastaneus Pexpansa Pmegacephalum Psinensis Rswinhoei Tscripta">
	<tree>((((Cmccordii:1.0,(Mmutica:1.0,Mreevesii:1.0)Anc14:1.0)Anc07:1.0,(Cabingdonii:1.0,Gevgoodei:1.0)Anc08:1.0)Anc03:1.0,((((Tscripta:1.0,Mterrapin:1.0)Anc19:1.0,Cpicta:1.0)Anc15:1.0,Amarmorata:1.0)Anc09:1.0,Pmegacephalum:1.0)Anc04:1.0)Anc01:1.0,((((Dmawii:1.0,Cserpentina:1.0)Anc16:1.0,((Cmydas:1.0,Lkempii:1.0)Anc20:1.0,Dcoriacea:1.0)Anc17:1.0)Anc10:1.0,((Psinensis:1.0,Rswinhoei:1.0)Anc18:1.0,Cinsculpta:1.0)Anc11:1.0)Anc05:1.0,((Esubglobosa:1.0,Mtuberculata:1.0)Anc12:1.0,(Pcastaneus:1.0,Pexpansa:1.0)Anc13:1.0)Anc06:1.0)Anc02:1.0)Anc00;</tree>
	<cactus name="Anc00" experiment_path="/tmp/tmp14k6fgq9/progressiveAlignment/Anc00/Anc00_experiment.xml" />
	<cactus name="Anc01" experiment_path="/tmp/tmp14k6fgq9/progressiveAlignment/Anc01/Anc01_experiment.xml" />
	<cactus name="Anc03" experiment_path="/tmp/tmp14k6fgq9/progressiveAlignment/Anc03/Anc03_experiment.xml" />
	<cactus name="Anc07" experiment_path="/tmp/tmp14k6fgq9/progressiveAlignment/Anc07/Anc07_experiment.xml" />
	<cactus name="Anc14" experiment_path="/tmp/tmp14k6fgq9/progressiveAlignment/Anc14/Anc14_experiment.xml" />
	<cactus name="Anc08" experiment_path="/tmp/tmp14k6fgq9/progressiveAlignment/Anc08/Anc08_experiment.xml" />
	<cactus name="Anc04" experiment_path="/tmp/tmp14k6fgq9/progressiveAlignment/Anc04/Anc04_experiment.xml" />
	<cactus name="Anc09" experiment_path="/tmp/tmp14k6fgq9/progressiveAlignment/Anc09/Anc09_experiment.xml" />
	<cactus name="Anc15" experiment_path="/tmp/tmp14k6fgq9/progressiveAlignment/Anc15/Anc15_experiment.xml" />
	<cactus name="Anc19" experiment_path="/tmp/tmp14k6fgq9/progressiveAlignment/Anc19/Anc19_experiment.xml" />
	<cactus name="Anc02" experiment_path="/tmp/tmp14k6fgq9/progressiveAlignment/Anc02/Anc02_experiment.xml" />
	<cactus name="Anc05" experiment_path="/tmp/tmp14k6fgq9/progressiveAlignment/Anc05/Anc05_experiment.xml" />
	<cactus name="Anc10" experiment_path="/tmp/tmp14k6fgq9/progressiveAlignment/Anc10/Anc10_experiment.xml" />
	<cactus name="Anc16" experiment_path="/tmp/tmp14k6fgq9/progressiveAlignment/Anc16/Anc16_experiment.xml" />
	<cactus name="Anc17" experiment_path="/tmp/tmp14k6fgq9/progressiveAlignment/Anc17/Anc17_experiment.xml" />
	<cactus name="Anc20" experiment_path="/tmp/tmp14k6fgq9/progressiveAlignment/Anc20/Anc20_experiment.xml" />
	<cactus name="Anc11" experiment_path="/tmp/tmp14k6fgq9/progressiveAlignment/Anc11/Anc11_experiment.xml" />
	<cactus name="Anc18" experiment_path="/tmp/tmp14k6fgq9/progressiveAlignment/Anc18/Anc18_experiment.xml" />
	<cactus name="Anc06" experiment_path="/tmp/tmp14k6fgq9/progressiveAlignment/Anc06/Anc06_experiment.xml" />
	<cactus name="Anc12" experiment_path="/tmp/tmp14k6fgq9/progressiveAlignment/Anc12/Anc12_experiment.xml" />
	<cactus name="Anc13" experiment_path="/tmp/tmp14k6fgq9/progressiveAlignment/Anc13/Anc13_experiment.xml" />
</multi_cactus>
[2022-03-25T00:18:04+0000] [MainThread] [I] [toil.statsAndLogging] Experiment b'<cactus_workflow_experiment species_tree="(((Cmccordii:1.0,Mmutica:2.0)Anc07:1.0,(Cabingdonii:1.0,Gevgoodei:1.0)Anc08:1.0)Anc03:1.0,Pmegacephalum:2.0)Anc01;" config="/tmp/tmp14k6fgq9/config.xml">\n\t<genome name="Cabingdonii" />\n\t<genome name="Gevgoodei" />\n\t<genome name="Anc08" />\n\t<genome name="Cmccordii" outgroup="1" />\n\t<genome name="Pmegacephalum" outgroup="1" />\n\t<genome name="Mmutica" outgroup="1" />\n\t<root reconstruction="1">Anc08</root>\n</cactus_workflow_experiment>'
[2022-03-25T00:18:04+0000] [MainThread] [I] [toil.statsAndLogging] Genomes in blastonly, Anc08: ['Pmegacephalum', 'Gevgoodei', 'Cmccordii', 'Mmutica', 'Cabingdonii']
[2022-03-25T00:18:10+0000] [MainThread] [I] [toil.job] Saving graph of 1 jobs, 1 new
[2022-03-25T00:18:10+0000] [MainThread] [I] [toil.job] Processing job 'CactusBlastPhase' kind-CactusBlastPhase/instance-fc1rm_lq v0
[2022-03-25T00:18:10+0000] [MainThread] [I] [toil] Running Toil version 5.6.0-c34146a6437e4407a61e946e968bcce67a0ebbca on host holygpu7c26106.rc.fas.harvard.edu.
[2022-03-25T00:18:10+0000] [MainThread] [I] [toil.realtimeLogger] Starting real-time logging.
[2022-03-25T00:18:10+0000] [MainThread] [I] [toil.leader] Issued job 'CactusBlastPhase' kind-CactusBlastPhase/instance-fc1rm_lq v1 with job batch system ID: 0 and cores: 1, disk: 2.0 Gi, and memory: 3.3 Gi
[2022-03-25T00:18:11+0000] [MainThread] [I] [toil.worker] Redirecting logging to /tmp/b95cae2eb2eb5572b8e926c980d64ec5/86bf/worker_log.txt
[2022-03-25T00:18:12+0000] [MainThread] [I] [toil.leader] 1 jobs are running, 0 jobs are issued and waiting to run
[2022-03-25T00:19:17+0000] [Thread-4  ] [I] [toil.statsAndLogging] Got message from job at time 03-25-2022 00:19:17: Running blast using the trimming strategy
[2022-03-25T00:19:17+0000] [Thread-4  ] [I] [toil.statsAndLogging] Got message from job at time 03-25-2022 00:19:17: Running mapQ uniquifying with parameters, minimumMapQValue: 0.0, maxAlignmentsPerSite 5, alpha: 0.001
[2022-03-25T00:19:17+0000] [Thread-4  ] [W] [toil.statsAndLogging] Got message from job at time 03-25-2022 00:19:17: Job used more disk than requested. For CWL, consider increasing the outdirMin requirement, otherwise, consider increasing the disk requirement. Job files/for-job/kind-CactusBlastPhase/instance-fc1rm_lq/cleanup/file-d7b9043b701940f4bec0f4515ba87b09/stream used 1110.14% disk (22.2 GiB [23840067584B] used, 2.0 GiB [2147483648B] requested).
[2022-03-25T00:19:21+0000] [MainThread] [I] [toil.leader] Issued job 'EncapsulatedJob' kind-EncapsulatedJob/instance-rodm1c7h v1 with job batch system ID: 1 and cores: 1, disk: 2.0 Gi, and memory: 2.0 Gi
[2022-03-25T00:19:21+0000] [MainThread] [I] [toil.worker] Redirecting logging to /tmp/b95cae2eb2eb5572b8e926c980d64ec5/5438/worker_log.txt
[2022-03-25T00:19:22+0000] [MainThread] [I] [toil.leader] Issued job 'BlastIngroupsAndOutgroups' kind-BlastIngroupsAndOutgroups/instance-sr33oqvq v1 with job batch system ID: 2 and cores: 1, disk: 2.0 Gi, and memory: 2.0 Gi
[2022-03-25T00:19:22+0000] [MainThread] [I] [toil.worker] Redirecting logging to /tmp/b95cae2eb2eb5572b8e926c980d64ec5/ca87/worker_log.txt
[2022-03-25T00:19:23+0000] [Thread-4  ] [I] [toil.statsAndLogging] Got message from job at time 03-25-2022 00:19:23: Blasting ingroups vs outgroups. Ingroup genomes: Cabingdonii, Gevgoodei, outgroup genomes: Cmccordii, Pmegacephalum, Mmutica
[2022-03-25T00:19:23+0000] [MainThread] [I] [toil.leader] Issued job 'BlastFirstOutgroup' kind-BlastFirstOutgroup/instance-djsueje7 v1 with job batch system ID: 3 and cores: 1, disk: 2.0 Gi, and memory: 2.0 Gi
[2022-03-25T00:19:23+0000] [MainThread] [I] [toil.leader] Issued job 'BlastSequencesAllAgainstAll' kind-BlastSequencesAllAgainstAll/instance-56tn6xln v1 with job batch system ID: 4 and cores: 1, disk: 18.8 Gi, and memory: 2.0 Gi
[2022-03-25T00:19:23+0000] [MainThread] [I] [toil.worker] Redirecting logging to /tmp/b95cae2eb2eb5572b8e926c980d64ec5/1b28/worker_log.txt
[2022-03-25T00:19:23+0000] [MainThread] [I] [toil.worker] Redirecting logging to /tmp/b95cae2eb2eb5572b8e926c980d64ec5/c435/worker_log.txt
[2022-03-25T00:19:24+0000] [MainThread] [I] [toil.leader] Issued job 'BlastSequencesAgainstEachOther' kind-BlastSequencesAgainstEachOther/instance-kcuqdr3h v1 with job batch system ID: 5 and cores: 1, disk: 21.3 Gi, and memory: 2.0 Gi
[2022-03-25T00:19:24+0000] [MainThread] [I] [toil.worker] Redirecting logging to /tmp/b95cae2eb2eb5572b8e926c980d64ec5/d50d/worker_log.txt
[2022-03-25T00:19:26+0000] [MainThread] [I] [toil-rt] 2022-03-25 00:19:26.178517: Running the command: "cactus_blast_chunkSequences INFO 6000000000 10000 /tmp/b95cae2eb2eb5572b8e926c980d64ec5/c435/8ff8/tmpmymkafcs/tmp_04Jww0gHDQ /tmp/b95cae2eb2eb5572b8e926c980d64ec5/c435/8ff8/tmp4gyzufi2.tmp /tmp/b95cae2eb2eb5572b8e926c980d64ec5/c435/8ff8/tmpp2exaczx.tmp"
[2022-03-25T00:19:28+0000] [MainThread] [I] [toil-rt] 2022-03-25 00:19:28.242415: Running the command: "cactus_blast_chunkSequences INFO 6000000000 10000 /tmp/b95cae2eb2eb5572b8e926c980d64ec5/d50d/9e1c/tmpgqgv3d61/tmp_vUw31T7a9T /tmp/b95cae2eb2eb5572b8e926c980d64ec5/d50d/9e1c/tmphr4ofopc.tmp /tmp/b95cae2eb2eb5572b8e926c980d64ec5/d50d/9e1c/tmpupdyxecq.tmp"
[2022-03-25T00:19:56+0000] [MainThread] [I] [toil-rt] 2022-03-25 00:19:56.894300: Successfully ran: "cactus_blast_chunkSequences INFO 6000000000 10000 /tmp/b95cae2eb2eb5572b8e926c980d64ec5/c435/8ff8/tmpmymkafcs/tmp_04Jww0gHDQ /tmp/b95cae2eb2eb5572b8e926c980d64ec5/c435/8ff8/tmp4gyzufi2.tmp /tmp/b95cae2eb2eb5572b8e926c980d64ec5/c435/8ff8/tmpp2exaczx.tmp" in 30.705 seconds and 499.3 Mi memory
[2022-03-25T00:19:58+0000] [MainThread] [I] [toil-rt] 2022-03-25 00:19:58.783389: Successfully ran: "cactus_blast_chunkSequences INFO 6000000000 10000 /tmp/b95cae2eb2eb5572b8e926c980d64ec5/d50d/9e1c/tmpgqgv3d61/tmp_vUw31T7a9T /tmp/b95cae2eb2eb5572b8e926c980d64ec5/d50d/9e1c/tmphr4ofopc.tmp /tmp/b95cae2eb2eb5572b8e926c980d64ec5/d50d/9e1c/tmpupdyxecq.tmp" in 30.5304 seconds and 500.0 Mi memory
[2022-03-25T00:19:58+0000] [MainThread] [I] [toil-rt] 2022-03-25 00:19:58.784596: Running the command: "cactus_blast_chunkSequences INFO 6000000000 10000 /tmp/b95cae2eb2eb5572b8e926c980d64ec5/d50d/9e1c/tmpzfv99vpc/tmp_qpC98p6lmV /tmp/b95cae2eb2eb5572b8e926c980d64ec5/d50d/9e1c/tmp10j5kguz.tmp"
[2022-03-25T00:20:06+0000] [MainThread] [I] [toil.leader] Issued job 'MakeOffDiagonalBlasts' kind-MakeOffDiagonalBlasts/instance-rudhyr93 v1 with job batch system ID: 6 and cores: 1, disk: 2.0 Gi, and memory: 2.0 Gi
[2022-03-25T00:20:06+0000] [MainThread] [I] [toil.leader] Issued job 'MakeSelfBlasts' kind-MakeSelfBlasts/instance-cogjm4nt v1 with job batch system ID: 7 and cores: 1, disk: 2.0 Gi, and memory: 2.0 Gi
[2022-03-25T00:20:06+0000] [MainThread] [I] [toil.worker] Redirecting logging to /tmp/b95cae2eb2eb5572b8e926c980d64ec5/5d7b/worker_log.txt
[2022-03-25T00:20:06+0000] [MainThread] [I] [toil.worker] Redirecting logging to /tmp/b95cae2eb2eb5572b8e926c980d64ec5/3f38/worker_log.txt
[2022-03-25T00:20:07+0000] [MainThread] [I] [toil.leader] Issued job 'RunSelfBlast' kind-RunSelfBlast/instance-pdjgo1aw v1 with job batch system ID: 8 and cores: 64, disk: 14.5 Gi, and memory: 13.0 Gi
[2022-03-25T00:20:07+0000] [MainThread] [I] [toil.leader] Issued job 'CollateBlasts' kind-CollateBlasts/instance-l1m7u162 v1 with job batch system ID: 9 and cores: 1, disk: 2.0 Gi, and memory: 2.0 Gi
[2022-03-25T00:20:08+0000] [MainThread] [I] [toil.worker] Redirecting logging to /tmp/b95cae2eb2eb5572b8e926c980d64ec5/ab7c/worker_log.txt
[2022-03-25T00:20:09+0000] [MainThread] [I] [toil.leader] Issued job 'CollateBlasts2' kind-CollateBlasts2/instance-z2lt_aar v1 with job batch system ID: 10 and cores: 1, disk: 1.5 Gi, and memory: 2.0 Gi
[2022-03-25T00:20:09+0000] [MainThread] [I] [toil.worker] Redirecting logging to /tmp/b95cae2eb2eb5572b8e926c980d64ec5/8585/worker_log.txt
[2022-03-25T00:20:11+0000] [MainThread] [I] [toil.leader] Issued job 'CollateBlasts' kind-CollateBlasts/instance-l1m7u162 v2 with job batch system ID: 11 and cores: 1, disk: 2.0 Gi, and memory: 2.0 Gi
[2022-03-25T00:20:11+0000] [MainThread] [I] [toil.worker] Redirecting logging to /tmp/b95cae2eb2eb5572b8e926c980d64ec5/e367/worker_log.txt
[2022-03-25T00:20:12+0000] [MainThread] [I] [toil.leader] Issued job 'MakeOffDiagonalBlasts' kind-MakeOffDiagonalBlasts/instance-rudhyr93 v2 with job batch system ID: 12 and cores: 1, disk: 2.0 Gi, and memory: 2.0 Gi
[2022-03-25T00:20:13+0000] [MainThread] [I] [toil.worker] Redirecting logging to /tmp/b95cae2eb2eb5572b8e926c980d64ec5/9701/worker_log.txt
[2022-03-25T00:20:14+0000] [MainThread] [I] [toil-rt] 2022-03-25 00:20:14.549167: Successfully ran: "cactus_blast_chunkSequences INFO 6000000000 10000 /tmp/b95cae2eb2eb5572b8e926c980d64ec5/d50d/9e1c/tmpzfv99vpc/tmp_qpC98p6lmV /tmp/b95cae2eb2eb5572b8e926c980d64ec5/d50d/9e1c/tmp10j5kguz.tmp" in 15.7548 seconds and 155.6 Mi memory
[2022-03-25T00:20:27+0000] [MainThread] [I] [toil.leader] Issued job 'RunBlast' kind-RunBlast/instance-fjmj0ey2 v1 with job batch system ID: 13 and cores: 64, disk: 14.6 Gi, and memory: 13.2 Gi
[2022-03-25T00:20:28+0000] [MainThread] [I] [toil.worker] Redirecting logging to /tmp/b95cae2eb2eb5572b8e926c980d64ec5/34ac/worker_log.txt
[2022-03-25T00:20:30+0000] [MainThread] [I] [toil-rt] 2022-03-25 00:20:30.585566: Running the command: "run_segalign /tmp/b95cae2eb2eb5572b8e926c980d64ec5/34ac/cad1/tmpskoyeuzx.tmp /tmp/b95cae2eb2eb5572b8e926c980d64ec5/34ac/cad1/tmpskoyeuzx.tmp --format=cigar --notrivial --step=1 --ambiguous=iupac,100,100 --ydrop=3000"
slurmstepd: error: *** JOB 880867 ON holygpu7c26106 CANCELLED AT 2022-03-25T20:18:13 DUE TO TIME LIMIT ***
slurmstepd: error: Detected 17285641 oom-kill event(s) in StepId=880867.batch. Some of your processes may have been killed by the cgroup out-of-memory handler.
