INFO:    Could not find any nv files on this host!
[2022-03-31T21:18:14+0000] [MainThread] [I] [toil.statsAndLogging] xmlRoot = <multi_cactus inputSequences="turtle-output/GCA_009430475.1_Amar_v1_genomic.fna turtle-output/Anc00.fa turtle-output/Anc01.fa turtle-output/Anc02.fa turtle-output/Anc03.fa turtle-output/Anc04.fa turtle-output/Anc05.fa turtle-output/Anc06.fa turtle-output/Anc07.fa turtle-output/Anc09.fa turtle-output/Anc10.fa turtle-output/Anc11.fa turtle-output/Anc12.fa turtle-output/Anc13.fa turtle-output/Anc14.fa turtle-output/Anc15.fa turtle-output/Anc16.fa turtle-output/Anc17.fa turtle-output/Anc18.fa turtle-output/Anc19.fa turtle-output/Anc20.fa turtle-output/GCA_003597395.1_ASM359739v1_genomic.fna turtle-output/GCA_007922185.1_Carettochelys_insculpta-1.0_genomic.fna turtle-output/GCA_003846335.1_ASM384633v1_genomic.fna turtle-output/GCF_015237465.2_rCheMyd1.pri.v2_genomic.fna turtle-output/GCA_000241765.3_Chrysemys_picta_BioNano-3.0.4_genomic.fna turtle-output/GCA_007922165.1_Chelydra_serpentina-1.0_genomic.fna turtle-output/GCF_009764565.3_rDerCor1.pri.v4_genomic.fna turtle-output/GCA_007922305.1_Dermatemys_mawii-1.0_genomic.fna turtle-output/GCA_007922225.1_Emydura_subglobosa-1.0_genomic.fna turtle-output/GCF_007399415.2_rGopEvg1_v1.p_genomic.fna turtle-output/LepKem1-11Jun2020.fasta.masked turtle-output/GCA_020497125.1_ASM2049712v1_genomic.fna turtle-output/GCF_016161935.1_ASM1616193v1_genomic.fna turtle-output/GCA_001728815.2_terp_v2_2_genomic.fna turtle-output/GCA_007922155.1_Mesoclemmys_tuberculata-1.0_genomic.fna turtle-output/GCA_007922175.1_Pelusios_castaneus-1.0_genomic.fna turtle-output/GCA_007922195.1_Podocnemis_expansa-1.0_genomic.fna turtle-output/GCA_003942145.1_ASM394214v1_genomic.fna turtle-output/GCA_000230535.1_PelSin_1.0_genomic.fna turtle-output/GCA_019425775.1_ASM1942577v1_genomic.fna turtle-output/GCF_013100865.1_CAS_Tse_1.0_genomic.fna" inputSequenceNames="Amarmorata Anc00 Anc01 Anc02 Anc03 Anc04 Anc05 Anc06 Anc07 Anc09 Anc10 Anc11 Anc12 Anc13 Anc14 Anc15 Anc16 Anc17 Anc18 Anc19 Anc20 Cabingdonii Cinsculpta Cmccordii Cmydas Cpicta Cserpentina Dcoriacea Dmawii Esubglobosa Gevgoodei Lkempii Mmutica Mreevesii Mterrapin Mtuberculata Pcastaneus Pexpansa Pmegacephalum Psinensis Rswinhoei Tscripta">
	<tree>((((Cmccordii:1.0,(Mmutica:1.0,Mreevesii:1.0)Anc14:1.0)Anc07:1.0,(Cabingdonii:1.0,Gevgoodei:1.0)Anc08:1.0)Anc03:1.0,((((Tscripta:1.0,Mterrapin:1.0)Anc19:1.0,Cpicta:1.0)Anc15:1.0,Amarmorata:1.0)Anc09:1.0,Pmegacephalum:1.0)Anc04:1.0)Anc01:1.0,((((Dmawii:1.0,Cserpentina:1.0)Anc16:1.0,((Cmydas:1.0,Lkempii:1.0)Anc20:1.0,Dcoriacea:1.0)Anc17:1.0)Anc10:1.0,((Psinensis:1.0,Rswinhoei:1.0)Anc18:1.0,Cinsculpta:1.0)Anc11:1.0)Anc05:1.0,((Esubglobosa:1.0,Mtuberculata:1.0)Anc12:1.0,(Pcastaneus:1.0,Pexpansa:1.0)Anc13:1.0)Anc06:1.0)Anc02:1.0)Anc00;</tree>
	<cactus name="Anc00" experiment_path="/tmp/tmp5j6op3zj/progressiveAlignment/Anc00/Anc00_experiment.xml" />
	<cactus name="Anc01" experiment_path="/tmp/tmp5j6op3zj/progressiveAlignment/Anc01/Anc01_experiment.xml" />
	<cactus name="Anc03" experiment_path="/tmp/tmp5j6op3zj/progressiveAlignment/Anc03/Anc03_experiment.xml" />
	<cactus name="Anc07" experiment_path="/tmp/tmp5j6op3zj/progressiveAlignment/Anc07/Anc07_experiment.xml" />
	<cactus name="Anc14" experiment_path="/tmp/tmp5j6op3zj/progressiveAlignment/Anc14/Anc14_experiment.xml" />
	<cactus name="Anc08" experiment_path="/tmp/tmp5j6op3zj/progressiveAlignment/Anc08/Anc08_experiment.xml" />
	<cactus name="Anc04" experiment_path="/tmp/tmp5j6op3zj/progressiveAlignment/Anc04/Anc04_experiment.xml" />
	<cactus name="Anc09" experiment_path="/tmp/tmp5j6op3zj/progressiveAlignment/Anc09/Anc09_experiment.xml" />
	<cactus name="Anc15" experiment_path="/tmp/tmp5j6op3zj/progressiveAlignment/Anc15/Anc15_experiment.xml" />
	<cactus name="Anc19" experiment_path="/tmp/tmp5j6op3zj/progressiveAlignment/Anc19/Anc19_experiment.xml" />
	<cactus name="Anc02" experiment_path="/tmp/tmp5j6op3zj/progressiveAlignment/Anc02/Anc02_experiment.xml" />
	<cactus name="Anc05" experiment_path="/tmp/tmp5j6op3zj/progressiveAlignment/Anc05/Anc05_experiment.xml" />
	<cactus name="Anc10" experiment_path="/tmp/tmp5j6op3zj/progressiveAlignment/Anc10/Anc10_experiment.xml" />
	<cactus name="Anc16" experiment_path="/tmp/tmp5j6op3zj/progressiveAlignment/Anc16/Anc16_experiment.xml" />
	<cactus name="Anc17" experiment_path="/tmp/tmp5j6op3zj/progressiveAlignment/Anc17/Anc17_experiment.xml" />
	<cactus name="Anc20" experiment_path="/tmp/tmp5j6op3zj/progressiveAlignment/Anc20/Anc20_experiment.xml" />
	<cactus name="Anc11" experiment_path="/tmp/tmp5j6op3zj/progressiveAlignment/Anc11/Anc11_experiment.xml" />
	<cactus name="Anc18" experiment_path="/tmp/tmp5j6op3zj/progressiveAlignment/Anc18/Anc18_experiment.xml" />
	<cactus name="Anc06" experiment_path="/tmp/tmp5j6op3zj/progressiveAlignment/Anc06/Anc06_experiment.xml" />
	<cactus name="Anc12" experiment_path="/tmp/tmp5j6op3zj/progressiveAlignment/Anc12/Anc12_experiment.xml" />
	<cactus name="Anc13" experiment_path="/tmp/tmp5j6op3zj/progressiveAlignment/Anc13/Anc13_experiment.xml" />
</multi_cactus>
[2022-03-31T21:18:20+0000] [MainThread] [I] [toil.statsAndLogging] Importing file:///n/holylfs05/LABS/informatics/Users/gthomas/turtles/cactus/turtle-output/GCA_003597395.1_ASM359739v1_genomic.fna
[2022-03-31T21:18:20+0000] [MainThread] [I] [toil.statsAndLogging] Importing file:///n/holylfs05/LABS/informatics/Users/gthomas/turtles/cactus/turtle-output/GCF_007399415.2_rGopEvg1_v1.p_genomic.fna
[2022-03-31T21:18:20+0000] [MainThread] [I] [toil.job] Saving graph of 1 jobs, 1 new
[2022-03-31T21:18:20+0000] [MainThread] [I] [toil.job] Processing job 'run_batch_align_jobs' kind-run_batch_align_jobs/instance-m2saahdm v0
[2022-03-31T21:18:20+0000] [MainThread] [I] [toil] Running Toil version 5.6.0-c34146a6437e4407a61e946e968bcce67a0ebbca on host holy7c06102.rc.fas.harvard.edu.
[2022-03-31T21:18:20+0000] [MainThread] [I] [toil.realtimeLogger] Starting real-time logging.
[2022-03-31T21:18:20+0000] [MainThread] [I] [toil.leader] Issued job 'run_batch_align_jobs' kind-run_batch_align_jobs/instance-m2saahdm v1 with job batch system ID: 0 and cores: 1, disk: 30.0 Gi, and memory: 2.0 Gi
[2022-03-31T21:18:21+0000] [MainThread] [I] [toil.worker] Redirecting logging to /tmp/4a1faf14e72e5fc3a095b7b60b9818b1/d996/worker_log.txt
[2022-03-31T21:18:22+0000] [MainThread] [I] [toil.leader] 0 jobs are running, 0 jobs are issued and waiting to run
[2022-03-31T21:18:22+0000] [MainThread] [I] [toil.leader] Issued job 'run_cactus_align' kind-run_cactus_align/instance-2orjxmi8 v1 with job batch system ID: 1 and cores: 1, disk: 30.0 Gi, and memory: 2.0 Gi
[2022-03-31T21:18:23+0000] [MainThread] [I] [toil.worker] Redirecting logging to /tmp/4a1faf14e72e5fc3a095b7b60b9818b1/d0e7/worker_log.txt
[2022-03-31T21:18:23+0000] [MainThread] [I] [toil.leader] Issued job 'Job' kind-Job/instance-vdlzzklw v1 with job batch system ID: 2 and cores: 1, disk: 30.0 Gi, and memory: 2.0 Gi
[2022-03-31T21:18:24+0000] [MainThread] [I] [toil.worker] Redirecting logging to /tmp/4a1faf14e72e5fc3a095b7b60b9818b1/9311/worker_log.txt
[2022-03-31T21:18:24+0000] [MainThread] [I] [toil.leader] Issued job 'preprocess_input_sequences' kind-preprocess_input_sequences/instance-dgzrelqm v1 with job batch system ID: 3 and cores: 1, disk: 30.0 Gi, and memory: 2.0 Gi
[2022-03-31T21:18:25+0000] [MainThread] [I] [toil.worker] Redirecting logging to /tmp/4a1faf14e72e5fc3a095b7b60b9818b1/45a9/worker_log.txt
[2022-03-31T21:18:25+0000] [MainThread] [I] [toil.leader] Issued job 'Job' kind-Job/instance-zx1e79d9 v1 with job batch system ID: 4 and cores: 1, disk: 30.0 Gi, and memory: 2.0 Gi
[2022-03-31T21:18:26+0000] [MainThread] [I] [toil.worker] Redirecting logging to /tmp/4a1faf14e72e5fc3a095b7b60b9818b1/cb7d/worker_log.txt
[2022-03-31T21:18:26+0000] [MainThread] [I] [toil.leader] Issued job 'resolve_id_promises' kind-resolve_id_promises/instance-19b6nswz v1 with job batch system ID: 5 and cores: 1, disk: 30.0 Gi, and memory: 2.0 Gi
[2022-03-31T21:18:27+0000] [MainThread] [I] [toil.worker] Redirecting logging to /tmp/4a1faf14e72e5fc3a095b7b60b9818b1/7ab7/worker_log.txt
[2022-03-31T21:18:27+0000] [MainThread] [I] [toil.leader] Issued job 'Job' kind-Job/instance-zx1e79d9 v2 with job batch system ID: 6 and cores: 1, disk: 30.0 Gi, and memory: 2.0 Gi
[2022-03-31T21:18:28+0000] [MainThread] [I] [toil.worker] Redirecting logging to /tmp/4a1faf14e72e5fc3a095b7b60b9818b1/3462/worker_log.txt
[2022-03-31T21:18:28+0000] [MainThread] [I] [toil.leader] Issued job 'preprocess_input_sequences' kind-preprocess_input_sequences/instance-dgzrelqm v2 with job batch system ID: 7 and cores: 1, disk: 30.0 Gi, and memory: 2.0 Gi
[2022-03-31T21:18:29+0000] [MainThread] [I] [toil.worker] Redirecting logging to /tmp/4a1faf14e72e5fc3a095b7b60b9818b1/84c4/worker_log.txt
[2022-03-31T21:18:29+0000] [MainThread] [I] [toil.leader] Issued job 'run_prepend_unique_ids' kind-run_prepend_unique_ids/instance-yjnchkky v1 with job batch system ID: 8 and cores: 1, disk: 30.0 Gi, and memory: 2.0 Gi
[2022-03-31T21:18:30+0000] [MainThread] [I] [toil.worker] Redirecting logging to /tmp/4a1faf14e72e5fc3a095b7b60b9818b1/6e98/worker_log.txt
[2022-03-31T21:19:06+0000] [MainThread] [I] [toil.leader] Issued job 'run_setup_phase' kind-run_setup_phase/instance-lmul4sa_ v1 with job batch system ID: 9 and cores: 1, disk: 30.0 Gi, and memory: 2.0 Gi
[2022-03-31T21:19:07+0000] [MainThread] [I] [toil.worker] Redirecting logging to /tmp/4a1faf14e72e5fc3a095b7b60b9818b1/6295/worker_log.txt
[2022-03-31T21:19:08+0000] [MainThread] [I] [toil.leader] Issued job 'CactusConsolidated' kind-CactusConsolidated/instance-fk68lh5i v1 with job batch system ID: 10 and cores: 48, disk: 13.0 Gi, and memory: 78.1 Gi
[2022-03-31T21:19:08+0000] [MainThread] [I] [toil.worker] Redirecting logging to /tmp/4a1faf14e72e5fc3a095b7b60b9818b1/66b4/worker_log.txt
[2022-03-31T21:22:07+0000] [MainThread] [I] [toil-rt] 2022-03-31 21:22:07.499126: Running the command: "cactus_consolidated --sequences Cabingdonii /tmp/4a1faf14e72e5fc3a095b7b60b9818b1/66b4/4a60/tmpdrwnbkfq.tmp Cmccordii /tmp/4a1faf14e72e5fc3a095b7b60b9818b1/66b4/4a60/tmpv42y2471.tmp Gevgoodei /tmp/4a1faf14e72e5fc3a095b7b60b9818b1/66b4/4a60/tmpydqc7fu8.tmp Mmutica /tmp/4a1faf14e72e5fc3a095b7b60b9818b1/66b4/4a60/tmplll9022w.tmp Pmegacephalum /tmp/4a1faf14e72e5fc3a095b7b60b9818b1/66b4/4a60/tmpom8duq17.tmp --speciesTree (((Cmccordii:1.0,Mmutica:2.0)Anc07:1.0,(Cabingdonii:1.0,Gevgoodei:1.0)Anc08:1.0)Anc03:1.0,Pmegacephalum:2.0)Anc01; --logLevel INFO --alignments /tmp/4a1faf14e72e5fc3a095b7b60b9818b1/66b4/4a60/tmpoqovsqu5.tmp --params /tmp/4a1faf14e72e5fc3a095b7b60b9818b1/66b4/4a60/tmpkvhli5f1.tmp --outputFile /tmp/4a1faf14e72e5fc3a095b7b60b9818b1/66b4/4a60/tmp389r8rw_.tmp --outputHalFastaFile /tmp/4a1faf14e72e5fc3a095b7b60b9818b1/66b4/4a60/tmp1fmbixhc.tmp --outputReferenceFile /tmp/4a1faf14e72e5fc3a095b7b60b9818b1/66b4/4a60/tmpe1jmwiqs.tmp --outgroupEvents Cmccordii Pmegacephalum Mmutica --referenceEvent Anc08 --secondaryAlignments /tmp/4a1faf14e72e5fc3a095b7b60b9818b1/66b4/4a60/tmpu6s69j3z.tmp --threads 48"
[2022-03-31T21:22:07+0000] [MainThread] [I] [toil-rt] cactus_consolidated(Anc08): Params file: /tmp/4a1faf14e72e5fc3a095b7b60b9818b1/66b4/4a60/tmpkvhli5f1.tmp
[2022-03-31T21:22:07+0000] [MainThread] [I] [toil-rt] cactus_consolidated(Anc08): Output file string : /tmp/4a1faf14e72e5fc3a095b7b60b9818b1/66b4/4a60/tmp389r8rw_.tmp
[2022-03-31T21:22:07+0000] [MainThread] [I] [toil-rt] cactus_consolidated(Anc08): Output hal fasta file string : /tmp/4a1faf14e72e5fc3a095b7b60b9818b1/66b4/4a60/tmp1fmbixhc.tmp
[2022-03-31T21:22:07+0000] [MainThread] [I] [toil-rt] cactus_consolidated(Anc08): Output reference fasta file string : /tmp/4a1faf14e72e5fc3a095b7b60b9818b1/66b4/4a60/tmpe1jmwiqs.tmp
[2022-03-31T21:22:07+0000] [MainThread] [I] [toil-rt] cactus_consolidated(Anc08): Sequence files and events: Cabingdonii /tmp/4a1faf14e72e5fc3a095b7b60b9818b1/66b4/4a60/tmpdrwnbkfq.tmp Cmccordii /tmp/4a1faf14e72e5fc3a095b7b60b9818b1/66b4/4a60/tmpv42y2471.tmp Gevgoodei /tmp/4a1faf14e72e5fc3a095b7b60b9818b1/66b4/4a60/tmpydqc7fu8.tmp Mmutica /tmp/4a1faf14e72e5fc3a095b7b60b9818b1/66b4/4a60/tmplll9022w.tmp Pmegacephalum /tmp/4a1faf14e72e5fc3a095b7b60b9818b1/66b4/4a60/tmpom8duq17.tmp
[2022-03-31T21:22:07+0000] [MainThread] [I] [toil-rt] cactus_consolidated(Anc08): Alignments file: /tmp/4a1faf14e72e5fc3a095b7b60b9818b1/66b4/4a60/tmpoqovsqu5.tmp
[2022-03-31T21:22:07+0000] [MainThread] [I] [toil-rt] cactus_consolidated(Anc08): Secondary alignments file: /tmp/4a1faf14e72e5fc3a095b7b60b9818b1/66b4/4a60/tmpu6s69j3z.tmp
[2022-03-31T21:22:07+0000] [MainThread] [I] [toil-rt] cactus_consolidated(Anc08): Constraint alignments file: (null)
[2022-03-31T21:22:07+0000] [MainThread] [I] [toil-rt] cactus_consolidated(Anc08): Species tree: (((Cmccordii:1.0,Mmutica:2.0)Anc07:1.0,(Cabingdonii:1.0,Gevgoodei:1.0)Anc08:1.0)Anc03:1.0,Pmegacephalum:2.0)Anc01;
[2022-03-31T21:22:07+0000] [MainThread] [I] [toil-rt] cactus_consolidated(Anc08): Outgroup events: Cmccordii Pmegacephalum Mmutica
[2022-03-31T21:22:07+0000] [MainThread] [I] [toil-rt] cactus_consolidated(Anc08): Reference event: Anc08
[2022-03-31T21:22:07+0000] [MainThread] [I] [toil-rt] cactus_consolidated(Anc08): Loaded the parameters files, 0 seconds have elapsed
[2022-03-31T21:22:07+0000] [MainThread] [I] [toil-rt] cactus_consolidated(Anc08): Set up the cactus disk, 0 seconds have elapsed
[2022-03-31T21:22:07+0000] [MainThread] [I] [toil-rt] cactus_consolidated(Anc08): Constructed the first flower
[2022-03-31T21:22:07+0000] [MainThread] [I] [toil-rt] cactus_consolidated(Anc08): Going to build the event tree with newick string: (((Cmccordii:1.0,Mmutica:2.0)Anc07:1.0,(Cabingdonii:1.0,Gevgoodei:1.0)Anc08:1.0)Anc03:1.0,Pmegacephalum:2.0)Anc01;
[2022-03-31T21:22:07+0000] [MainThread] [I] [toil-rt] cactus_consolidated(Anc08): Parsed the tree
[2022-03-31T21:22:07+0000] [MainThread] [I] [toil-rt] cactus_consolidated(Anc08): Constructed the basic event tree
[2022-03-31T21:22:07+0000] [MainThread] [I] [toil-rt] cactus_consolidated(Anc08): Assigning sequence /tmp/4a1faf14e72e5fc3a095b7b60b9818b1/66b4/4a60/tmpdrwnbkfq.tmp to Cabingdonii
[2022-03-31T21:22:07+0000] [MainThread] [I] [toil-rt] cactus_consolidated(Anc08): Processing file: /tmp/4a1faf14e72e5fc3a095b7b60b9818b1/66b4/4a60/tmpdrwnbkfq.tmp
[2022-03-31T21:22:07+0000] [MainThread] [I] [toil-rt] cactus_consolidated(Anc08): The file /tmp/4a1faf14e72e5fc3a095b7b60b9818b1/66b4/4a60/tmpdrwnbkfq.tmp is specified incomplete, the sequences will not be attached
[2022-03-31T21:22:23+0000] [MainThread] [I] [toil-rt] cactus_consolidated(Anc08): Assigning sequence /tmp/4a1faf14e72e5fc3a095b7b60b9818b1/66b4/4a60/tmpv42y2471.tmp to Cmccordii
[2022-03-31T21:22:23+0000] [MainThread] [I] [toil-rt] cactus_consolidated(Anc08): Processing file: /tmp/4a1faf14e72e5fc3a095b7b60b9818b1/66b4/4a60/tmpv42y2471.tmp
[2022-03-31T21:22:23+0000] [MainThread] [I] [toil-rt] cactus_consolidated(Anc08): The file /tmp/4a1faf14e72e5fc3a095b7b60b9818b1/66b4/4a60/tmpv42y2471.tmp is specified incomplete, the sequences will not be attached
[2022-03-31T21:22:38+0000] [MainThread] [I] [toil-rt] cactus_consolidated(Anc08): Assigning sequence /tmp/4a1faf14e72e5fc3a095b7b60b9818b1/66b4/4a60/tmpydqc7fu8.tmp to Gevgoodei
[2022-03-31T21:22:38+0000] [MainThread] [I] [toil-rt] cactus_consolidated(Anc08): Processing file: /tmp/4a1faf14e72e5fc3a095b7b60b9818b1/66b4/4a60/tmpydqc7fu8.tmp
[2022-03-31T21:22:38+0000] [MainThread] [I] [toil-rt] cactus_consolidated(Anc08): The file /tmp/4a1faf14e72e5fc3a095b7b60b9818b1/66b4/4a60/tmpydqc7fu8.tmp is specified incomplete, the sequences will not be attached
[2022-03-31T21:22:54+0000] [MainThread] [I] [toil-rt] cactus_consolidated(Anc08): Assigning sequence /tmp/4a1faf14e72e5fc3a095b7b60b9818b1/66b4/4a60/tmplll9022w.tmp to Mmutica
[2022-03-31T21:22:54+0000] [MainThread] [I] [toil-rt] cactus_consolidated(Anc08): Processing file: /tmp/4a1faf14e72e5fc3a095b7b60b9818b1/66b4/4a60/tmplll9022w.tmp
[2022-03-31T21:22:54+0000] [MainThread] [I] [toil-rt] cactus_consolidated(Anc08): The file /tmp/4a1faf14e72e5fc3a095b7b60b9818b1/66b4/4a60/tmplll9022w.tmp is specified incomplete, the sequences will not be attached
[2022-03-31T21:23:08+0000] [MainThread] [I] [toil-rt] cactus_consolidated(Anc08): Assigning sequence /tmp/4a1faf14e72e5fc3a095b7b60b9818b1/66b4/4a60/tmpom8duq17.tmp to Pmegacephalum
[2022-03-31T21:23:08+0000] [MainThread] [I] [toil-rt] cactus_consolidated(Anc08): Processing file: /tmp/4a1faf14e72e5fc3a095b7b60b9818b1/66b4/4a60/tmpom8duq17.tmp
[2022-03-31T21:23:08+0000] [MainThread] [I] [toil-rt] cactus_consolidated(Anc08): The file /tmp/4a1faf14e72e5fc3a095b7b60b9818b1/66b4/4a60/tmpom8duq17.tmp is specified incomplete, the sequences will not be attached
[2022-03-31T21:23:21+0000] [MainThread] [I] [toil-rt] cactus_consolidated(Anc08): Constructed the initial flower with 433067 sequences and 10 events with string: ((((Cmccordii:1,Mmutica:2)Anc07:1,(Cabingdonii:1,Gevgoodei:1)Anc08:1)Anc03:1,Pmegacephalum:2)Anc01:9.22337e+18)ROOT:9.22337e+18;
[2022-03-31T21:23:22+0000] [MainThread] [I] [toil-rt] cactus_consolidated(Anc08): Established the first Flower in the hierarchy, 75 seconds have elapsed
[2022-03-31T21:51:58+0000] [MainThread] [I] [toil-rt] cactus_consolidated(Anc08): Converted alignment coordinates, 1791 seconds have elapsed
[2022-03-31T21:51:59+0000] [MainThread] [I] [toil-rt] cactus_consolidated(Anc08): Stripped the unique IDs, 1792 seconds have elapsed
[2022-03-31T21:52:01+0000] [MainThread] [I] [toil-rt] cactus_consolidated(Anc08): Starting annealing round with a minimum chain length of 64 and an alignment trim of 3
[2022-03-31T22:18:24+0000] [MainThread] [I] [toil.leader] 1 jobs are running, 0 jobs are issued and waiting to run
[2022-03-31T23:18:15+0000] [MainThread] [I] [toil-rt] cactus_consolidated(Anc08): There were 159362292 blocks in the sequence graph, representing 6743955860 total aligned bases
[2022-03-31T23:18:25+0000] [MainThread] [I] [toil.leader] 1 jobs are running, 0 jobs are issued and waiting to run
[2022-03-31T23:18:49+0000] [MainThread] [I] [toil-rt] cactus_consolidated(Anc08): Block degree stats: min 1, avg 5.328231, median 4, max 394349
[2022-03-31T23:18:49+0000] [MainThread] [I] [toil-rt] cactus_consolidated(Anc08): Block support stats: min 0.000000, avg 0.738990, median 0.666667, max 5.000000
[2022-03-31T23:24:26+0000] [MainThread] [I] [toil-rt] cactus_consolidated(Anc08): Starting melting round with a minimum chain length of 2
[2022-03-31T23:51:13+0000] [MainThread] [I] [toil-rt] cactus_consolidated(Anc08): cactus_consolidated(+0x5f24e)[0x55f1685c624e]
[2022-03-31T23:51:13+0000] [MainThread] [I] [toil-rt] cactus_consolidated(Anc08): cactus_consolidated(+0x5f32c)[0x55f1685c632c]
[2022-03-31T23:51:13+0000] [MainThread] [I] [toil-rt] cactus_consolidated(Anc08): cactus_consolidated(+0x80e7a)[0x55f1685e7e7a]
[2022-03-31T23:51:13+0000] [MainThread] [I] [toil-rt] cactus_consolidated(Anc08): cactus_consolidated(+0x25f54)[0x55f16858cf54]
[2022-03-31T23:51:13+0000] [MainThread] [I] [toil-rt] cactus_consolidated(Anc08): cactus_consolidated(+0x1f91b)[0x55f16858691b]
[2022-03-31T23:51:13+0000] [MainThread] [I] [toil-rt] cactus_consolidated(Anc08): cactus_consolidated(+0x1934d)[0x55f16858034d]
[2022-03-31T23:51:13+0000] [MainThread] [I] [toil-rt] cactus_consolidated(Anc08): cactus_consolidated(+0x3c2c)[0x55f16856ac2c]
[2022-03-31T23:51:13+0000] [MainThread] [I] [toil-rt] cactus_consolidated(Anc08): /lib/x86_64-linux-gnu/libc.so.6(__libc_start_main+0xe7)[0x2b52baca0bf7]
[2022-03-31T23:51:13+0000] [MainThread] [I] [toil-rt] cactus_consolidated(Anc08): cactus_consolidated(+0x429a)[0x55f16856b29a]
[2022-03-31T23:51:13+0000] [MainThread] [I] [toil-rt] cactus_consolidated(Anc08): ERROR: Malloc failed with a request for: 1610612888 bytes: Cannot allocate memory
[2022-03-31T23:51:37+0000] [MainThread] [I] [toil-rt] cactus_consolidated(Anc08): Command exited with non-zero status 1
[2022-03-31T23:51:37+0000] [MainThread] [I] [toil-rt] cactus_consolidated(Anc08): Command being timed: "cactus_consolidated --sequences Cabingdonii /tmp/4a1faf14e72e5fc3a095b7b60b9818b1/66b4/4a60/tmpdrwnbkfq.tmp Cmccordii /tmp/4a1faf14e72e5fc3a095b7b60b9818b1/66b4/4a60/tmpv42y2471.tmp Gevgoodei /tmp/4a1faf14e72e5fc3a095b7b60b9818b1/66b4/4a60/tmpydqc7fu8.tmp Mmutica /tmp/4a1faf14e72e5fc3a095b7b60b9818b1/66b4/4a60/tmplll9022w.tmp Pmegacephalum /tmp/4a1faf14e72e5fc3a095b7b60b9818b1/66b4/4a60/tmpom8duq17.tmp --speciesTree (((Cmccordii:1.0,Mmutica:2.0)Anc07:1.0,(Cabingdonii:1.0,Gevgoodei:1.0)Anc08:1.0)Anc03:1.0,Pmegacephalum:2.0)Anc01; --logLevel INFO --alignments /tmp/4a1faf14e72e5fc3a095b7b60b9818b1/66b4/4a60/tmpoqovsqu5.tmp --params /tmp/4a1faf14e72e5fc3a095b7b60b9818b1/66b4/4a60/tmpkvhli5f1.tmp --outputFile /tmp/4a1faf14e72e5fc3a095b7b60b9818b1/66b4/4a60/tmp389r8rw_.tmp --outputHalFastaFile /tmp/4a1faf14e72e5fc3a095b7b60b9818b1/66b4/4a60/tmp1fmbixhc.tmp --outputReferenceFile /tmp/4a1faf14e72e5fc3a095b7b60b9818b1/66b4/4a60/tmpe1jmwiqs.tmp --outgroupEvents Cmccordii Pmegacephalum Mmutica --referenceEvent Anc08 --secondaryAlignments /tmp/4a1faf14e72e5fc3a095b7b60b9818b1/66b4/4a60/tmpu6s69j3z.tmp --threads 48"
[2022-03-31T23:51:37+0000] [MainThread] [I] [toil-rt] cactus_consolidated(Anc08): User time (seconds): 7564.92
[2022-03-31T23:51:37+0000] [MainThread] [I] [toil-rt] cactus_consolidated(Anc08): System time (seconds): 1261.62
[2022-03-31T23:51:37+0000] [MainThread] [I] [toil-rt] cactus_consolidated(Anc08): Percent of CPU this job got: 98%
[2022-03-31T23:51:37+0000] [MainThread] [I] [toil-rt] cactus_consolidated(Anc08): Elapsed (wall clock) time (h:mm:ss or m:ss): 2:29:29
[2022-03-31T23:51:37+0000] [MainThread] [I] [toil-rt] cactus_consolidated(Anc08): Average shared text size (kbytes): 0
[2022-03-31T23:51:37+0000] [MainThread] [I] [toil-rt] cactus_consolidated(Anc08): Average unshared data size (kbytes): 0
[2022-03-31T23:51:37+0000] [MainThread] [I] [toil-rt] cactus_consolidated(Anc08): Average stack size (kbytes): 0
[2022-03-31T23:51:37+0000] [MainThread] [I] [toil-rt] cactus_consolidated(Anc08): Average total size (kbytes): 0
[2022-03-31T23:51:37+0000] [MainThread] [I] [toil-rt] cactus_consolidated(Anc08): Maximum resident set size (kbytes): 182719328
[2022-03-31T23:51:37+0000] [MainThread] [I] [toil-rt] cactus_consolidated(Anc08): Average resident set size (kbytes): 0
[2022-03-31T23:51:37+0000] [MainThread] [I] [toil-rt] cactus_consolidated(Anc08): Major (requiring I/O) page faults: 99
[2022-03-31T23:51:37+0000] [MainThread] [I] [toil-rt] cactus_consolidated(Anc08): Minor (reclaiming a frame) page faults: 1483336737
[2022-03-31T23:51:37+0000] [MainThread] [I] [toil-rt] cactus_consolidated(Anc08): Voluntary context switches: 234607
[2022-03-31T23:51:37+0000] [MainThread] [I] [toil-rt] cactus_consolidated(Anc08): Involuntary context switches: 8409
[2022-03-31T23:51:37+0000] [MainThread] [I] [toil-rt] cactus_consolidated(Anc08): Swaps: 0
[2022-03-31T23:51:37+0000] [MainThread] [I] [toil-rt] cactus_consolidated(Anc08): File system inputs: 405453828
[2022-03-31T23:51:37+0000] [MainThread] [I] [toil-rt] cactus_consolidated(Anc08): File system outputs: 90800240
[2022-03-31T23:51:37+0000] [MainThread] [I] [toil-rt] cactus_consolidated(Anc08): Socket messages sent: 0
[2022-03-31T23:51:37+0000] [MainThread] [I] [toil-rt] cactus_consolidated(Anc08): Socket messages received: 0
[2022-03-31T23:51:37+0000] [MainThread] [I] [toil-rt] cactus_consolidated(Anc08): Signals delivered: 0
[2022-03-31T23:51:37+0000] [MainThread] [I] [toil-rt] cactus_consolidated(Anc08): Page size (bytes): 4096
[2022-03-31T23:51:37+0000] [MainThread] [I] [toil-rt] cactus_consolidated(Anc08): Exit status: 1
[2022-03-31T23:51:39+0000] [Thread-1  ] [E] [toil.batchSystems.singleMachine] Got exit code 1 (indicating failure) from job _toil_worker CactusConsolidated file:/n/holylfs05/LABS/informatics/Users/gthomas/turtles/cactus/jobstore/9 kind-CactusConsolidated/instance-fk68lh5i.
[2022-03-31T23:51:39+0000] [MainThread] [W] [toil.leader] Job failed with exit value 1: 'CactusConsolidated' kind-CactusConsolidated/instance-fk68lh5i v1
Exit reason: None
[2022-03-31T23:51:39+0000] [MainThread] [W] [toil.leader] The job seems to have left a log file, indicating failure: 'CactusConsolidated' kind-CactusConsolidated/instance-fk68lh5i v2
[2022-03-31T23:51:39+0000] [MainThread] [W] [toil.leader] Log from job "kind-CactusConsolidated/instance-fk68lh5i" follows:
=========>
	[2022-03-31T21:19:08+0000] [MainThread] [I] [toil.worker] ---TOIL WORKER OUTPUT LOG---
	[2022-03-31T21:19:08+0000] [MainThread] [I] [toil] Running Toil version 5.6.0-c34146a6437e4407a61e946e968bcce67a0ebbca on host holy7c06102.rc.fas.harvard.edu.
	[2022-03-31T21:19:08+0000] [MainThread] [I] [toil.worker] Working on job 'CactusConsolidated' kind-CactusConsolidated/instance-fk68lh5i v1
	[2022-03-31T21:19:09+0000] [MainThread] [I] [toil.worker] Loaded body Job('CactusConsolidated' kind-CactusConsolidated/instance-fk68lh5i v1) from description 'CactusConsolidated' kind-CactusConsolidated/instance-fk68lh5i v1
	[2022-03-31T21:20:01+0000] [MainThread] [I] [toil.statsAndLogging] Alignments file: /tmp/4a1faf14e72e5fc3a095b7b60b9818b1/66b4/4a60/tmpoqovsqu5.tmp
	[2022-03-31T21:22:07+0000] [MainThread] [W] [root] Deprecated toil method.  Please call "logging.getLevelName" directly.
	[2022-03-31T21:22:07+0000] [MainThread] [I] [cactus.shared.common] Running the command ['cactus_consolidated', '--sequences', 'Cabingdonii /tmp/4a1faf14e72e5fc3a095b7b60b9818b1/66b4/4a60/tmpdrwnbkfq.tmp Cmccordii /tmp/4a1faf14e72e5fc3a095b7b60b9818b1/66b4/4a60/tmpv42y2471.tmp Gevgoodei /tmp/4a1faf14e72e5fc3a095b7b60b9818b1/66b4/4a60/tmpydqc7fu8.tmp Mmutica /tmp/4a1faf14e72e5fc3a095b7b60b9818b1/66b4/4a60/tmplll9022w.tmp Pmegacephalum /tmp/4a1faf14e72e5fc3a095b7b60b9818b1/66b4/4a60/tmpom8duq17.tmp', '--speciesTree', '(((Cmccordii:1.0,Mmutica:2.0)Anc07:1.0,(Cabingdonii:1.0,Gevgoodei:1.0)Anc08:1.0)Anc03:1.0,Pmegacephalum:2.0)Anc01;', '--logLevel', 'INFO', '--alignments', '/tmp/4a1faf14e72e5fc3a095b7b60b9818b1/66b4/4a60/tmpoqovsqu5.tmp', '--params', '/tmp/4a1faf14e72e5fc3a095b7b60b9818b1/66b4/4a60/tmpkvhli5f1.tmp', '--outputFile', '/tmp/4a1faf14e72e5fc3a095b7b60b9818b1/66b4/4a60/tmp389r8rw_.tmp', '--outputHalFastaFile', '/tmp/4a1faf14e72e5fc3a095b7b60b9818b1/66b4/4a60/tmp1fmbixhc.tmp', '--outputReferenceFile', '/tmp/4a1faf14e72e5fc3a095b7b60b9818b1/66b4/4a60/tmpe1jmwiqs.tmp', '--outgroupEvents', 'Cmccordii Pmegacephalum Mmutica', '--referenceEvent', 'Anc08', '--secondaryAlignments', '/tmp/4a1faf14e72e5fc3a095b7b60b9818b1/66b4/4a60/tmpu6s69j3z.tmp', '--threads', '48']
	[2022-03-31T21:22:07+0000] [MainThread] [I] [toil-rt] 2022-03-31 21:22:07.499126: Running the command: "cactus_consolidated --sequences Cabingdonii /tmp/4a1faf14e72e5fc3a095b7b60b9818b1/66b4/4a60/tmpdrwnbkfq.tmp Cmccordii /tmp/4a1faf14e72e5fc3a095b7b60b9818b1/66b4/4a60/tmpv42y2471.tmp Gevgoodei /tmp/4a1faf14e72e5fc3a095b7b60b9818b1/66b4/4a60/tmpydqc7fu8.tmp Mmutica /tmp/4a1faf14e72e5fc3a095b7b60b9818b1/66b4/4a60/tmplll9022w.tmp Pmegacephalum /tmp/4a1faf14e72e5fc3a095b7b60b9818b1/66b4/4a60/tmpom8duq17.tmp --speciesTree (((Cmccordii:1.0,Mmutica:2.0)Anc07:1.0,(Cabingdonii:1.0,Gevgoodei:1.0)Anc08:1.0)Anc03:1.0,Pmegacephalum:2.0)Anc01; --logLevel INFO --alignments /tmp/4a1faf14e72e5fc3a095b7b60b9818b1/66b4/4a60/tmpoqovsqu5.tmp --params /tmp/4a1faf14e72e5fc3a095b7b60b9818b1/66b4/4a60/tmpkvhli5f1.tmp --outputFile /tmp/4a1faf14e72e5fc3a095b7b60b9818b1/66b4/4a60/tmp389r8rw_.tmp --outputHalFastaFile /tmp/4a1faf14e72e5fc3a095b7b60b9818b1/66b4/4a60/tmp1fmbixhc.tmp --outputReferenceFile /tmp/4a1faf14e72e5fc3a095b7b60b9818b1/66b4/4a60/tmpe1jmwiqs.tmp --outgroupEvents Cmccordii Pmegacephalum Mmutica --referenceEvent Anc08 --secondaryAlignments /tmp/4a1faf14e72e5fc3a095b7b60b9818b1/66b4/4a60/tmpu6s69j3z.tmp --threads 48"
	[2022-03-31T21:22:07+0000] [MainThread] [I] [toil-rt] cactus_consolidated(Anc08): Params file: /tmp/4a1faf14e72e5fc3a095b7b60b9818b1/66b4/4a60/tmpkvhli5f1.tmp
	[2022-03-31T21:22:07+0000] [MainThread] [I] [toil-rt] cactus_consolidated(Anc08): Output file string : /tmp/4a1faf14e72e5fc3a095b7b60b9818b1/66b4/4a60/tmp389r8rw_.tmp
	[2022-03-31T21:22:07+0000] [MainThread] [I] [toil-rt] cactus_consolidated(Anc08): Output hal fasta file string : /tmp/4a1faf14e72e5fc3a095b7b60b9818b1/66b4/4a60/tmp1fmbixhc.tmp
	[2022-03-31T21:22:07+0000] [MainThread] [I] [toil-rt] cactus_consolidated(Anc08): Output reference fasta file string : /tmp/4a1faf14e72e5fc3a095b7b60b9818b1/66b4/4a60/tmpe1jmwiqs.tmp
	[2022-03-31T21:22:07+0000] [MainThread] [I] [toil-rt] cactus_consolidated(Anc08): Sequence files and events: Cabingdonii /tmp/4a1faf14e72e5fc3a095b7b60b9818b1/66b4/4a60/tmpdrwnbkfq.tmp Cmccordii /tmp/4a1faf14e72e5fc3a095b7b60b9818b1/66b4/4a60/tmpv42y2471.tmp Gevgoodei /tmp/4a1faf14e72e5fc3a095b7b60b9818b1/66b4/4a60/tmpydqc7fu8.tmp Mmutica /tmp/4a1faf14e72e5fc3a095b7b60b9818b1/66b4/4a60/tmplll9022w.tmp Pmegacephalum /tmp/4a1faf14e72e5fc3a095b7b60b9818b1/66b4/4a60/tmpom8duq17.tmp
	[2022-03-31T21:22:07+0000] [MainThread] [I] [toil-rt] cactus_consolidated(Anc08): Alignments file: /tmp/4a1faf14e72e5fc3a095b7b60b9818b1/66b4/4a60/tmpoqovsqu5.tmp
	[2022-03-31T21:22:07+0000] [MainThread] [I] [toil-rt] cactus_consolidated(Anc08): Secondary alignments file: /tmp/4a1faf14e72e5fc3a095b7b60b9818b1/66b4/4a60/tmpu6s69j3z.tmp
	[2022-03-31T21:22:07+0000] [MainThread] [I] [toil-rt] cactus_consolidated(Anc08): Constraint alignments file: (null)
	[2022-03-31T21:22:07+0000] [MainThread] [I] [toil-rt] cactus_consolidated(Anc08): Species tree: (((Cmccordii:1.0,Mmutica:2.0)Anc07:1.0,(Cabingdonii:1.0,Gevgoodei:1.0)Anc08:1.0)Anc03:1.0,Pmegacephalum:2.0)Anc01;
	[2022-03-31T21:22:07+0000] [MainThread] [I] [toil-rt] cactus_consolidated(Anc08): Outgroup events: Cmccordii Pmegacephalum Mmutica
	[2022-03-31T21:22:07+0000] [MainThread] [I] [toil-rt] cactus_consolidated(Anc08): Reference event: Anc08
	[2022-03-31T21:22:07+0000] [MainThread] [I] [toil-rt] cactus_consolidated(Anc08): Loaded the parameters files, 0 seconds have elapsed
	[2022-03-31T21:22:07+0000] [MainThread] [I] [toil-rt] cactus_consolidated(Anc08): Set up the cactus disk, 0 seconds have elapsed
	[2022-03-31T21:22:07+0000] [MainThread] [I] [toil-rt] cactus_consolidated(Anc08): Constructed the first flower
	[2022-03-31T21:22:07+0000] [MainThread] [I] [toil-rt] cactus_consolidated(Anc08): Going to build the event tree with newick string: (((Cmccordii:1.0,Mmutica:2.0)Anc07:1.0,(Cabingdonii:1.0,Gevgoodei:1.0)Anc08:1.0)Anc03:1.0,Pmegacephalum:2.0)Anc01;
	[2022-03-31T21:22:07+0000] [MainThread] [I] [toil-rt] cactus_consolidated(Anc08): Parsed the tree
	[2022-03-31T21:22:07+0000] [MainThread] [I] [toil-rt] cactus_consolidated(Anc08): Constructed the basic event tree
	[2022-03-31T21:22:07+0000] [MainThread] [I] [toil-rt] cactus_consolidated(Anc08): Assigning sequence /tmp/4a1faf14e72e5fc3a095b7b60b9818b1/66b4/4a60/tmpdrwnbkfq.tmp to Cabingdonii
	[2022-03-31T21:22:07+0000] [MainThread] [I] [toil-rt] cactus_consolidated(Anc08): Processing file: /tmp/4a1faf14e72e5fc3a095b7b60b9818b1/66b4/4a60/tmpdrwnbkfq.tmp
	[2022-03-31T21:22:07+0000] [MainThread] [I] [toil-rt] cactus_consolidated(Anc08): The file /tmp/4a1faf14e72e5fc3a095b7b60b9818b1/66b4/4a60/tmpdrwnbkfq.tmp is specified incomplete, the sequences will not be attached
	[2022-03-31T21:22:23+0000] [MainThread] [I] [toil-rt] cactus_consolidated(Anc08): Assigning sequence /tmp/4a1faf14e72e5fc3a095b7b60b9818b1/66b4/4a60/tmpv42y2471.tmp to Cmccordii
	[2022-03-31T21:22:23+0000] [MainThread] [I] [toil-rt] cactus_consolidated(Anc08): Processing file: /tmp/4a1faf14e72e5fc3a095b7b60b9818b1/66b4/4a60/tmpv42y2471.tmp
	[2022-03-31T21:22:23+0000] [MainThread] [I] [toil-rt] cactus_consolidated(Anc08): The file /tmp/4a1faf14e72e5fc3a095b7b60b9818b1/66b4/4a60/tmpv42y2471.tmp is specified incomplete, the sequences will not be attached
	[2022-03-31T21:22:38+0000] [MainThread] [I] [toil-rt] cactus_consolidated(Anc08): Assigning sequence /tmp/4a1faf14e72e5fc3a095b7b60b9818b1/66b4/4a60/tmpydqc7fu8.tmp to Gevgoodei
	[2022-03-31T21:22:38+0000] [MainThread] [I] [toil-rt] cactus_consolidated(Anc08): Processing file: /tmp/4a1faf14e72e5fc3a095b7b60b9818b1/66b4/4a60/tmpydqc7fu8.tmp
	[2022-03-31T21:22:38+0000] [MainThread] [I] [toil-rt] cactus_consolidated(Anc08): The file /tmp/4a1faf14e72e5fc3a095b7b60b9818b1/66b4/4a60/tmpydqc7fu8.tmp is specified incomplete, the sequences will not be attached
	[2022-03-31T21:22:54+0000] [MainThread] [I] [toil-rt] cactus_consolidated(Anc08): Assigning sequence /tmp/4a1faf14e72e5fc3a095b7b60b9818b1/66b4/4a60/tmplll9022w.tmp to Mmutica
	[2022-03-31T21:22:54+0000] [MainThread] [I] [toil-rt] cactus_consolidated(Anc08): Processing file: /tmp/4a1faf14e72e5fc3a095b7b60b9818b1/66b4/4a60/tmplll9022w.tmp
	[2022-03-31T21:22:54+0000] [MainThread] [I] [toil-rt] cactus_consolidated(Anc08): The file /tmp/4a1faf14e72e5fc3a095b7b60b9818b1/66b4/4a60/tmplll9022w.tmp is specified incomplete, the sequences will not be attached
	[2022-03-31T21:23:08+0000] [MainThread] [I] [toil-rt] cactus_consolidated(Anc08): Assigning sequence /tmp/4a1faf14e72e5fc3a095b7b60b9818b1/66b4/4a60/tmpom8duq17.tmp to Pmegacephalum
	[2022-03-31T21:23:08+0000] [MainThread] [I] [toil-rt] cactus_consolidated(Anc08): Processing file: /tmp/4a1faf14e72e5fc3a095b7b60b9818b1/66b4/4a60/tmpom8duq17.tmp
	[2022-03-31T21:23:08+0000] [MainThread] [I] [toil-rt] cactus_consolidated(Anc08): The file /tmp/4a1faf14e72e5fc3a095b7b60b9818b1/66b4/4a60/tmpom8duq17.tmp is specified incomplete, the sequences will not be attached
	[2022-03-31T21:23:21+0000] [MainThread] [I] [toil-rt] cactus_consolidated(Anc08): Constructed the initial flower with 433067 sequences and 10 events with string: ((((Cmccordii:1,Mmutica:2)Anc07:1,(Cabingdonii:1,Gevgoodei:1)Anc08:1)Anc03:1,Pmegacephalum:2)Anc01:9.22337e+18)ROOT:9.22337e+18;
	[2022-03-31T21:23:22+0000] [MainThread] [I] [toil-rt] cactus_consolidated(Anc08): Established the first Flower in the hierarchy, 75 seconds have elapsed
	[2022-03-31T21:51:58+0000] [MainThread] [I] [toil-rt] cactus_consolidated(Anc08): Converted alignment coordinates, 1791 seconds have elapsed
	[2022-03-31T21:51:59+0000] [MainThread] [I] [toil-rt] cactus_consolidated(Anc08): Stripped the unique IDs, 1792 seconds have elapsed
	[2022-03-31T21:52:01+0000] [MainThread] [I] [toil-rt] cactus_consolidated(Anc08): Starting annealing round with a minimum chain length of 64 and an alignment trim of 3
	[2022-03-31T23:18:15+0000] [MainThread] [I] [toil-rt] cactus_consolidated(Anc08): There were 159362292 blocks in the sequence graph, representing 6743955860 total aligned bases
	[2022-03-31T23:18:49+0000] [MainThread] [I] [toil-rt] cactus_consolidated(Anc08): Block degree stats: min 1, avg 5.328231, median 4, max 394349
	[2022-03-31T23:18:49+0000] [MainThread] [I] [toil-rt] cactus_consolidated(Anc08): Block support stats: min 0.000000, avg 0.738990, median 0.666667, max 5.000000
	[2022-03-31T23:24:26+0000] [MainThread] [I] [toil-rt] cactus_consolidated(Anc08): Starting melting round with a minimum chain length of 2
	[2022-03-31T23:51:13+0000] [MainThread] [I] [toil-rt] cactus_consolidated(Anc08): cactus_consolidated(+0x5f24e)[0x55f1685c624e]
	[2022-03-31T23:51:13+0000] [MainThread] [I] [toil-rt] cactus_consolidated(Anc08): cactus_consolidated(+0x5f32c)[0x55f1685c632c]
	[2022-03-31T23:51:13+0000] [MainThread] [I] [toil-rt] cactus_consolidated(Anc08): cactus_consolidated(+0x80e7a)[0x55f1685e7e7a]
	[2022-03-31T23:51:13+0000] [MainThread] [I] [toil-rt] cactus_consolidated(Anc08): cactus_consolidated(+0x25f54)[0x55f16858cf54]
	[2022-03-31T23:51:13+0000] [MainThread] [I] [toil-rt] cactus_consolidated(Anc08): cactus_consolidated(+0x1f91b)[0x55f16858691b]
	[2022-03-31T23:51:13+0000] [MainThread] [I] [toil-rt] cactus_consolidated(Anc08): cactus_consolidated(+0x1934d)[0x55f16858034d]
	[2022-03-31T23:51:13+0000] [MainThread] [I] [toil-rt] cactus_consolidated(Anc08): cactus_consolidated(+0x3c2c)[0x55f16856ac2c]
	[2022-03-31T23:51:13+0000] [MainThread] [I] [toil-rt] cactus_consolidated(Anc08): /lib/x86_64-linux-gnu/libc.so.6(__libc_start_main+0xe7)[0x2b52baca0bf7]
	[2022-03-31T23:51:13+0000] [MainThread] [I] [toil-rt] cactus_consolidated(Anc08): cactus_consolidated(+0x429a)[0x55f16856b29a]
	[2022-03-31T23:51:13+0000] [MainThread] [I] [toil-rt] cactus_consolidated(Anc08): ERROR: Malloc failed with a request for: 1610612888 bytes: Cannot allocate memory
	[2022-03-31T23:51:37+0000] [MainThread] [I] [toil-rt] cactus_consolidated(Anc08): Command exited with non-zero status 1
	[2022-03-31T23:51:37+0000] [MainThread] [I] [toil-rt] cactus_consolidated(Anc08): Command being timed: "cactus_consolidated --sequences Cabingdonii /tmp/4a1faf14e72e5fc3a095b7b60b9818b1/66b4/4a60/tmpdrwnbkfq.tmp Cmccordii /tmp/4a1faf14e72e5fc3a095b7b60b9818b1/66b4/4a60/tmpv42y2471.tmp Gevgoodei /tmp/4a1faf14e72e5fc3a095b7b60b9818b1/66b4/4a60/tmpydqc7fu8.tmp Mmutica /tmp/4a1faf14e72e5fc3a095b7b60b9818b1/66b4/4a60/tmplll9022w.tmp Pmegacephalum /tmp/4a1faf14e72e5fc3a095b7b60b9818b1/66b4/4a60/tmpom8duq17.tmp --speciesTree (((Cmccordii:1.0,Mmutica:2.0)Anc07:1.0,(Cabingdonii:1.0,Gevgoodei:1.0)Anc08:1.0)Anc03:1.0,Pmegacephalum:2.0)Anc01; --logLevel INFO --alignments /tmp/4a1faf14e72e5fc3a095b7b60b9818b1/66b4/4a60/tmpoqovsqu5.tmp --params /tmp/4a1faf14e72e5fc3a095b7b60b9818b1/66b4/4a60/tmpkvhli5f1.tmp --outputFile /tmp/4a1faf14e72e5fc3a095b7b60b9818b1/66b4/4a60/tmp389r8rw_.tmp --outputHalFastaFile /tmp/4a1faf14e72e5fc3a095b7b60b9818b1/66b4/4a60/tmp1fmbixhc.tmp --outputReferenceFile /tmp/4a1faf14e72e5fc3a095b7b60b9818b1/66b4/4a60/tmpe1jmwiqs.tmp --outgroupEvents Cmccordii Pmegacephalum Mmutica --referenceEvent Anc08 --secondaryAlignments /tmp/4a1faf14e72e5fc3a095b7b60b9818b1/66b4/4a60/tmpu6s69j3z.tmp --threads 48"
	[2022-03-31T23:51:37+0000] [MainThread] [I] [toil-rt] cactus_consolidated(Anc08): User time (seconds): 7564.92
	[2022-03-31T23:51:37+0000] [MainThread] [I] [toil-rt] cactus_consolidated(Anc08): System time (seconds): 1261.62
	[2022-03-31T23:51:37+0000] [MainThread] [I] [toil-rt] cactus_consolidated(Anc08): Percent of CPU this job got: 98%
	[2022-03-31T23:51:37+0000] [MainThread] [I] [toil-rt] cactus_consolidated(Anc08): Elapsed (wall clock) time (h:mm:ss or m:ss): 2:29:29
	[2022-03-31T23:51:37+0000] [MainThread] [I] [toil-rt] cactus_consolidated(Anc08): Average shared text size (kbytes): 0
	[2022-03-31T23:51:37+0000] [MainThread] [I] [toil-rt] cactus_consolidated(Anc08): Average unshared data size (kbytes): 0
	[2022-03-31T23:51:37+0000] [MainThread] [I] [toil-rt] cactus_consolidated(Anc08): Average stack size (kbytes): 0
	[2022-03-31T23:51:37+0000] [MainThread] [I] [toil-rt] cactus_consolidated(Anc08): Average total size (kbytes): 0
	[2022-03-31T23:51:37+0000] [MainThread] [I] [toil-rt] cactus_consolidated(Anc08): Maximum resident set size (kbytes): 182719328
	[2022-03-31T23:51:37+0000] [MainThread] [I] [toil-rt] cactus_consolidated(Anc08): Average resident set size (kbytes): 0
	[2022-03-31T23:51:37+0000] [MainThread] [I] [toil-rt] cactus_consolidated(Anc08): Major (requiring I/O) page faults: 99
	[2022-03-31T23:51:37+0000] [MainThread] [I] [toil-rt] cactus_consolidated(Anc08): Minor (reclaiming a frame) page faults: 1483336737
	[2022-03-31T23:51:37+0000] [MainThread] [I] [toil-rt] cactus_consolidated(Anc08): Voluntary context switches: 234607
	[2022-03-31T23:51:37+0000] [MainThread] [I] [toil-rt] cactus_consolidated(Anc08): Involuntary context switches: 8409
	[2022-03-31T23:51:37+0000] [MainThread] [I] [toil-rt] cactus_consolidated(Anc08): Swaps: 0
	[2022-03-31T23:51:37+0000] [MainThread] [I] [toil-rt] cactus_consolidated(Anc08): File system inputs: 405453828
	[2022-03-31T23:51:37+0000] [MainThread] [I] [toil-rt] cactus_consolidated(Anc08): File system outputs: 90800240
	[2022-03-31T23:51:37+0000] [MainThread] [I] [toil-rt] cactus_consolidated(Anc08): Socket messages sent: 0
	[2022-03-31T23:51:37+0000] [MainThread] [I] [toil-rt] cactus_consolidated(Anc08): Socket messages received: 0
	[2022-03-31T23:51:37+0000] [MainThread] [I] [toil-rt] cactus_consolidated(Anc08): Signals delivered: 0
	[2022-03-31T23:51:37+0000] [MainThread] [I] [toil-rt] cactus_consolidated(Anc08): Page size (bytes): 4096
	[2022-03-31T23:51:37+0000] [MainThread] [I] [toil-rt] cactus_consolidated(Anc08): Exit status: 1
	[2022-03-31T23:51:37+0000] [MainThread] [W] [toil.fileStores.abstractFileStore] Failed job accessed files:
	[2022-03-31T23:51:37+0000] [MainThread] [W] [toil.fileStores.abstractFileStore] Downloaded file 'files/for-job/kind-run_prepend_unique_ids/instance-yjnchkky/cleanup/file-3ef66911168e404bb2dce2caf177573f/tmpz577ndj_.tmp.fa' to path '/tmp/4a1faf14e72e5fc3a095b7b60b9818b1/66b4/4a60/tmpdrwnbkfq.tmp'
	[2022-03-31T23:51:37+0000] [MainThread] [W] [toil.fileStores.abstractFileStore] Downloaded file 'files/no-job/file-6f2b345f4a5e4677a996e66497302a07/Anc08.cigar.og_fragment_0' to path '/tmp/4a1faf14e72e5fc3a095b7b60b9818b1/66b4/4a60/tmpv42y2471.tmp'
	[2022-03-31T23:51:37+0000] [MainThread] [W] [toil.fileStores.abstractFileStore] Downloaded file 'files/for-job/kind-run_prepend_unique_ids/instance-yjnchkky/cleanup/file-9db6dfaefdad4544800a11d0ef9805b1/tmprvstc0ld.tmp.fa' to path '/tmp/4a1faf14e72e5fc3a095b7b60b9818b1/66b4/4a60/tmpydqc7fu8.tmp'
	[2022-03-31T23:51:37+0000] [MainThread] [W] [toil.fileStores.abstractFileStore] Downloaded file 'files/no-job/file-6886be331e134379989666281b65a931/Anc08.cigar.og_fragment_2' to path '/tmp/4a1faf14e72e5fc3a095b7b60b9818b1/66b4/4a60/tmplll9022w.tmp'
	[2022-03-31T23:51:37+0000] [MainThread] [W] [toil.fileStores.abstractFileStore] Downloaded file 'files/no-job/file-a53fcd5de3b24ec08dec3f6f656fac78/Anc08.cigar.og_fragment_1' to path '/tmp/4a1faf14e72e5fc3a095b7b60b9818b1/66b4/4a60/tmpom8duq17.tmp'
	[2022-03-31T23:51:37+0000] [MainThread] [W] [toil.fileStores.abstractFileStore] Downloaded file 'files/no-job/file-24e0f646956d4bd7ae4b850b3fc9812d/Anc08.cigar' to path '/tmp/4a1faf14e72e5fc3a095b7b60b9818b1/66b4/4a60/tmpoqovsqu5.tmp'
	[2022-03-31T23:51:37+0000] [MainThread] [W] [toil.fileStores.abstractFileStore] Downloaded file 'files/no-job/file-23bedd2c84c84674b9cd227c0f6a1f51/Anc08.cigar.secondary' to path '/tmp/4a1faf14e72e5fc3a095b7b60b9818b1/66b4/4a60/tmpu6s69j3z.tmp'
	[2022-03-31T23:51:37+0000] [MainThread] [W] [toil.fileStores.abstractFileStore] LOG-TO-MASTER: Job used more disk than requested. For CWL, consider increasing the outdirMin requirement, otherwise, consider increasing the disk requirement. Job files/for-job/kind-CactusConsolidated/instance-fk68lh5i/cleanup/file-5724b7c56ce9425193ead07d7b57eaf4/stream used 545.84% disk (70.8 GiB [76071264256B] used, 13.0 GiB [13936453932B] requested).
	Traceback (most recent call last):
	  File "/usr/local/lib/python3.8/dist-packages/toil/worker.py", line 405, in workerScript
	    job._runner(jobGraph=None, jobStore=jobStore, fileStore=fileStore, defer=defer)
	  File "/usr/local/lib/python3.8/dist-packages/cactus/shared/common.py", line 943, in _runner
	    super(RoundedJob, self)._runner(*args, jobStore=jobStore,
	  File "/usr/local/lib/python3.8/dist-packages/toil/job.py", line 2399, in _runner
	    returnValues = self._run(jobGraph=None, fileStore=fileStore)
	  File "/usr/local/lib/python3.8/dist-packages/toil/job.py", line 2317, in _run
	    return self.run(fileStore)
	  File "/usr/local/lib/python3.8/dist-packages/cactus/pipeline/cactus_workflow.py", line 408, in run
	    messages = runCactusConsolidated(seqMap=seqMap,
	  File "/usr/local/lib/python3.8/dist-packages/cactus/shared/common.py", line 197, in runCactusConsolidated
	    masterMessages = cactus_call(check_output=True, returnStdErr=True, realtimeStderrPrefix='cactus_consolidated({})'.format(referenceEvent),
	  File "/usr/local/lib/python3.8/dist-packages/cactus/shared/common.py", line 877, in cactus_call
	    raise RuntimeError("Command {} exited {}: {}".format(call, process.returncode, out))
	RuntimeError: Command /usr/bin/time -v cactus_consolidated --sequences 'Cabingdonii /tmp/4a1faf14e72e5fc3a095b7b60b9818b1/66b4/4a60/tmpdrwnbkfq.tmp Cmccordii /tmp/4a1faf14e72e5fc3a095b7b60b9818b1/66b4/4a60/tmpv42y2471.tmp Gevgoodei /tmp/4a1faf14e72e5fc3a095b7b60b9818b1/66b4/4a60/tmpydqc7fu8.tmp Mmutica /tmp/4a1faf14e72e5fc3a095b7b60b9818b1/66b4/4a60/tmplll9022w.tmp Pmegacephalum /tmp/4a1faf14e72e5fc3a095b7b60b9818b1/66b4/4a60/tmpom8duq17.tmp' --speciesTree '(((Cmccordii:1.0,Mmutica:2.0)Anc07:1.0,(Cabingdonii:1.0,Gevgoodei:1.0)Anc08:1.0)Anc03:1.0,Pmegacephalum:2.0)Anc01;' --logLevel INFO --alignments /tmp/4a1faf14e72e5fc3a095b7b60b9818b1/66b4/4a60/tmpoqovsqu5.tmp --params /tmp/4a1faf14e72e5fc3a095b7b60b9818b1/66b4/4a60/tmpkvhli5f1.tmp --outputFile /tmp/4a1faf14e72e5fc3a095b7b60b9818b1/66b4/4a60/tmp389r8rw_.tmp --outputHalFastaFile /tmp/4a1faf14e72e5fc3a095b7b60b9818b1/66b4/4a60/tmp1fmbixhc.tmp --outputReferenceFile /tmp/4a1faf14e72e5fc3a095b7b60b9818b1/66b4/4a60/tmpe1jmwiqs.tmp --outgroupEvents 'Cmccordii Pmegacephalum Mmutica' --referenceEvent Anc08 --secondaryAlignments /tmp/4a1faf14e72e5fc3a095b7b60b9818b1/66b4/4a60/tmpu6s69j3z.tmp --threads 48 exited 1: stdout=, stderr=None
	[2022-03-31T23:51:37+0000] [MainThread] [E] [toil.worker] Exiting the worker because of a failed job on host holy7c06102.rc.fas.harvard.edu
<=========
[2022-03-31T23:51:39+0000] [MainThread] [W] [toil.job] Due to failure we are reducing the remaining try count of job 'CactusConsolidated' kind-CactusConsolidated/instance-fk68lh5i v2 with ID kind-CactusConsolidated/instance-fk68lh5i to 0
[2022-03-31T23:51:39+0000] [MainThread] [W] [toil.job] We have increased the disk of the failed job 'CactusConsolidated' kind-CactusConsolidated/instance-fk68lh5i v2 to the default of 32212254720 bytes
[2022-03-31T23:51:39+0000] [MainThread] [W] [toil.leader] Job 'CactusConsolidated' kind-CactusConsolidated/instance-fk68lh5i v3 is completely failed
[2022-03-31T23:51:53+0000] [MainThread] [I] [toil.leader] Finished toil run with 6 failed jobs.
[2022-03-31T23:51:53+0000] [MainThread] [I] [toil.leader] Failed jobs at end of the run: 'run_setup_phase' kind-run_setup_phase/instance-lmul4sa_ v3 'Job' kind-Job/instance-vdlzzklw v2 'CactusConsolidated' kind-CactusConsolidated/instance-fk68lh5i v3 'run_batch_align_jobs' kind-run_batch_align_jobs/instance-m2saahdm v2 'run_prepend_unique_ids' kind-run_prepend_unique_ids/instance-yjnchkky v3 'run_cactus_align' kind-run_cactus_align/instance-2orjxmi8 v2
[2022-03-31T23:51:53+0000] [MainThread] [I] [toil.realtimeLogger] Stopping real-time logging server.
[2022-03-31T23:51:53+0000] [MainThread] [I] [toil.realtimeLogger] Joining real-time logging server thread.
Traceback (most recent call last):
  File "/usr/local/bin/cactus-align", line 8, in <module>
    sys.exit(main())
  File "/usr/local/lib/python3.8/dist-packages/cactus/setup/cactus_align.py", line 177, in main
    results_dict = toil.start(Job.wrapJobFn(run_batch_align_jobs, align_jobs))
  File "/usr/local/lib/python3.8/dist-packages/toil/common.py", line 951, in start
    return self._runMainLoop(rootJobDescription)
  File "/usr/local/lib/python3.8/dist-packages/toil/common.py", line 1273, in _runMainLoop
    return Leader(config=self.config,
  File "/usr/local/lib/python3.8/dist-packages/toil/leader.py", line 289, in run
    raise FailedJobsException(self.jobStore, failed_jobs, exit_code=self.recommended_fail_exit_code)
toil.leader.FailedJobsException: The job store '/n/holylfs05/LABS/informatics/Users/gthomas/turtles/cactus/jobstore/9' contains 6 failed jobs: 'run_setup_phase' kind-run_setup_phase/instance-lmul4sa_ v3, 'Job' kind-Job/instance-vdlzzklw v2, 'CactusConsolidated' kind-CactusConsolidated/instance-fk68lh5i v3, 'run_batch_align_jobs' kind-run_batch_align_jobs/instance-m2saahdm v2, 'run_prepend_unique_ids' kind-run_prepend_unique_ids/instance-yjnchkky v3, 'run_cactus_align' kind-run_cactus_align/instance-2orjxmi8 v2
Log from job "'CactusConsolidated' kind-CactusConsolidated/instance-fk68lh5i v3" follows:
=========>
	[2022-03-31T21:19:08+0000] [MainThread] [I] [toil.worker] ---TOIL WORKER OUTPUT LOG---
	[2022-03-31T21:19:08+0000] [MainThread] [I] [toil] Running Toil version 5.6.0-c34146a6437e4407a61e946e968bcce67a0ebbca on host holy7c06102.rc.fas.harvard.edu.
	[2022-03-31T21:19:08+0000] [MainThread] [I] [toil.worker] Working on job 'CactusConsolidated' kind-CactusConsolidated/instance-fk68lh5i v1
	[2022-03-31T21:19:09+0000] [MainThread] [I] [toil.worker] Loaded body Job('CactusConsolidated' kind-CactusConsolidated/instance-fk68lh5i v1) from description 'CactusConsolidated' kind-CactusConsolidated/instance-fk68lh5i v1
	[2022-03-31T21:20:01+0000] [MainThread] [I] [toil.statsAndLogging] Alignments file: /tmp/4a1faf14e72e5fc3a095b7b60b9818b1/66b4/4a60/tmpoqovsqu5.tmp
	[2022-03-31T21:22:07+0000] [MainThread] [W] [root] Deprecated toil method.  Please call "logging.getLevelName" directly.
	[2022-03-31T21:22:07+0000] [MainThread] [I] [cactus.shared.common] Running the command ['cactus_consolidated', '--sequences', 'Cabingdonii /tmp/4a1faf14e72e5fc3a095b7b60b9818b1/66b4/4a60/tmpdrwnbkfq.tmp Cmccordii /tmp/4a1faf14e72e5fc3a095b7b60b9818b1/66b4/4a60/tmpv42y2471.tmp Gevgoodei /tmp/4a1faf14e72e5fc3a095b7b60b9818b1/66b4/4a60/tmpydqc7fu8.tmp Mmutica /tmp/4a1faf14e72e5fc3a095b7b60b9818b1/66b4/4a60/tmplll9022w.tmp Pmegacephalum /tmp/4a1faf14e72e5fc3a095b7b60b9818b1/66b4/4a60/tmpom8duq17.tmp', '--speciesTree', '(((Cmccordii:1.0,Mmutica:2.0)Anc07:1.0,(Cabingdonii:1.0,Gevgoodei:1.0)Anc08:1.0)Anc03:1.0,Pmegacephalum:2.0)Anc01;', '--logLevel', 'INFO', '--alignments', '/tmp/4a1faf14e72e5fc3a095b7b60b9818b1/66b4/4a60/tmpoqovsqu5.tmp', '--params', '/tmp/4a1faf14e72e5fc3a095b7b60b9818b1/66b4/4a60/tmpkvhli5f1.tmp', '--outputFile', '/tmp/4a1faf14e72e5fc3a095b7b60b9818b1/66b4/4a60/tmp389r8rw_.tmp', '--outputHalFastaFile', '/tmp/4a1faf14e72e5fc3a095b7b60b9818b1/66b4/4a60/tmp1fmbixhc.tmp', '--outputReferenceFile', '/tmp/4a1faf14e72e5fc3a095b7b60b9818b1/66b4/4a60/tmpe1jmwiqs.tmp', '--outgroupEvents', 'Cmccordii Pmegacephalum Mmutica', '--referenceEvent', 'Anc08', '--secondaryAlignments', '/tmp/4a1faf14e72e5fc3a095b7b60b9818b1/66b4/4a60/tmpu6s69j3z.tmp', '--threads', '48']
	[2022-03-31T21:22:07+0000] [MainThread] [I] [toil-rt] 2022-03-31 21:22:07.499126: Running the command: "cactus_consolidated --sequences Cabingdonii /tmp/4a1faf14e72e5fc3a095b7b60b9818b1/66b4/4a60/tmpdrwnbkfq.tmp Cmccordii /tmp/4a1faf14e72e5fc3a095b7b60b9818b1/66b4/4a60/tmpv42y2471.tmp Gevgoodei /tmp/4a1faf14e72e5fc3a095b7b60b9818b1/66b4/4a60/tmpydqc7fu8.tmp Mmutica /tmp/4a1faf14e72e5fc3a095b7b60b9818b1/66b4/4a60/tmplll9022w.tmp Pmegacephalum /tmp/4a1faf14e72e5fc3a095b7b60b9818b1/66b4/4a60/tmpom8duq17.tmp --speciesTree (((Cmccordii:1.0,Mmutica:2.0)Anc07:1.0,(Cabingdonii:1.0,Gevgoodei:1.0)Anc08:1.0)Anc03:1.0,Pmegacephalum:2.0)Anc01; --logLevel INFO --alignments /tmp/4a1faf14e72e5fc3a095b7b60b9818b1/66b4/4a60/tmpoqovsqu5.tmp --params /tmp/4a1faf14e72e5fc3a095b7b60b9818b1/66b4/4a60/tmpkvhli5f1.tmp --outputFile /tmp/4a1faf14e72e5fc3a095b7b60b9818b1/66b4/4a60/tmp389r8rw_.tmp --outputHalFastaFile /tmp/4a1faf14e72e5fc3a095b7b60b9818b1/66b4/4a60/tmp1fmbixhc.tmp --outputReferenceFile /tmp/4a1faf14e72e5fc3a095b7b60b9818b1/66b4/4a60/tmpe1jmwiqs.tmp --outgroupEvents Cmccordii Pmegacephalum Mmutica --referenceEvent Anc08 --secondaryAlignments /tmp/4a1faf14e72e5fc3a095b7b60b9818b1/66b4/4a60/tmpu6s69j3z.tmp --threads 48"
	[2022-03-31T21:22:07+0000] [MainThread] [I] [toil-rt] cactus_consolidated(Anc08): Params file: /tmp/4a1faf14e72e5fc3a095b7b60b9818b1/66b4/4a60/tmpkvhli5f1.tmp
	[2022-03-31T21:22:07+0000] [MainThread] [I] [toil-rt] cactus_consolidated(Anc08): Output file string : /tmp/4a1faf14e72e5fc3a095b7b60b9818b1/66b4/4a60/tmp389r8rw_.tmp
	[2022-03-31T21:22:07+0000] [MainThread] [I] [toil-rt] cactus_consolidated(Anc08): Output hal fasta file string : /tmp/4a1faf14e72e5fc3a095b7b60b9818b1/66b4/4a60/tmp1fmbixhc.tmp
	[2022-03-31T21:22:07+0000] [MainThread] [I] [toil-rt] cactus_consolidated(Anc08): Output reference fasta file string : /tmp/4a1faf14e72e5fc3a095b7b60b9818b1/66b4/4a60/tmpe1jmwiqs.tmp
	[2022-03-31T21:22:07+0000] [MainThread] [I] [toil-rt] cactus_consolidated(Anc08): Sequence files and events: Cabingdonii /tmp/4a1faf14e72e5fc3a095b7b60b9818b1/66b4/4a60/tmpdrwnbkfq.tmp Cmccordii /tmp/4a1faf14e72e5fc3a095b7b60b9818b1/66b4/4a60/tmpv42y2471.tmp Gevgoodei /tmp/4a1faf14e72e5fc3a095b7b60b9818b1/66b4/4a60/tmpydqc7fu8.tmp Mmutica /tmp/4a1faf14e72e5fc3a095b7b60b9818b1/66b4/4a60/tmplll9022w.tmp Pmegacephalum /tmp/4a1faf14e72e5fc3a095b7b60b9818b1/66b4/4a60/tmpom8duq17.tmp
	[2022-03-31T21:22:07+0000] [MainThread] [I] [toil-rt] cactus_consolidated(Anc08): Alignments file: /tmp/4a1faf14e72e5fc3a095b7b60b9818b1/66b4/4a60/tmpoqovsqu5.tmp
	[2022-03-31T21:22:07+0000] [MainThread] [I] [toil-rt] cactus_consolidated(Anc08): Secondary alignments file: /tmp/4a1faf14e72e5fc3a095b7b60b9818b1/66b4/4a60/tmpu6s69j3z.tmp
	[2022-03-31T21:22:07+0000] [MainThread] [I] [toil-rt] cactus_consolidated(Anc08): Constraint alignments file: (null)
	[2022-03-31T21:22:07+0000] [MainThread] [I] [toil-rt] cactus_consolidated(Anc08): Species tree: (((Cmccordii:1.0,Mmutica:2.0)Anc07:1.0,(Cabingdonii:1.0,Gevgoodei:1.0)Anc08:1.0)Anc03:1.0,Pmegacephalum:2.0)Anc01;
	[2022-03-31T21:22:07+0000] [MainThread] [I] [toil-rt] cactus_consolidated(Anc08): Outgroup events: Cmccordii Pmegacephalum Mmutica
	[2022-03-31T21:22:07+0000] [MainThread] [I] [toil-rt] cactus_consolidated(Anc08): Reference event: Anc08
	[2022-03-31T21:22:07+0000] [MainThread] [I] [toil-rt] cactus_consolidated(Anc08): Loaded the parameters files, 0 seconds have elapsed
	[2022-03-31T21:22:07+0000] [MainThread] [I] [toil-rt] cactus_consolidated(Anc08): Set up the cactus disk, 0 seconds have elapsed
	[2022-03-31T21:22:07+0000] [MainThread] [I] [toil-rt] cactus_consolidated(Anc08): Constructed the first flower
	[2022-03-31T21:22:07+0000] [MainThread] [I] [toil-rt] cactus_consolidated(Anc08): Going to build the event tree with newick string: (((Cmccordii:1.0,Mmutica:2.0)Anc07:1.0,(Cabingdonii:1.0,Gevgoodei:1.0)Anc08:1.0)Anc03:1.0,Pmegacephalum:2.0)Anc01;
	[2022-03-31T21:22:07+0000] [MainThread] [I] [toil-rt] cactus_consolidated(Anc08): Parsed the tree
	[2022-03-31T21:22:07+0000] [MainThread] [I] [toil-rt] cactus_consolidated(Anc08): Constructed the basic event tree
	[2022-03-31T21:22:07+0000] [MainThread] [I] [toil-rt] cactus_consolidated(Anc08): Assigning sequence /tmp/4a1faf14e72e5fc3a095b7b60b9818b1/66b4/4a60/tmpdrwnbkfq.tmp to Cabingdonii
	[2022-03-31T21:22:07+0000] [MainThread] [I] [toil-rt] cactus_consolidated(Anc08): Processing file: /tmp/4a1faf14e72e5fc3a095b7b60b9818b1/66b4/4a60/tmpdrwnbkfq.tmp
	[2022-03-31T21:22:07+0000] [MainThread] [I] [toil-rt] cactus_consolidated(Anc08): The file /tmp/4a1faf14e72e5fc3a095b7b60b9818b1/66b4/4a60/tmpdrwnbkfq.tmp is specified incomplete, the sequences will not be attached
	[2022-03-31T21:22:23+0000] [MainThread] [I] [toil-rt] cactus_consolidated(Anc08): Assigning sequence /tmp/4a1faf14e72e5fc3a095b7b60b9818b1/66b4/4a60/tmpv42y2471.tmp to Cmccordii
	[2022-03-31T21:22:23+0000] [MainThread] [I] [toil-rt] cactus_consolidated(Anc08): Processing file: /tmp/4a1faf14e72e5fc3a095b7b60b9818b1/66b4/4a60/tmpv42y2471.tmp
	[2022-03-31T21:22:23+0000] [MainThread] [I] [toil-rt] cactus_consolidated(Anc08): The file /tmp/4a1faf14e72e5fc3a095b7b60b9818b1/66b4/4a60/tmpv42y2471.tmp is specified incomplete, the sequences will not be attached
	[2022-03-31T21:22:38+0000] [MainThread] [I] [toil-rt] cactus_consolidated(Anc08): Assigning sequence /tmp/4a1faf14e72e5fc3a095b7b60b9818b1/66b4/4a60/tmpydqc7fu8.tmp to Gevgoodei
	[2022-03-31T21:22:38+0000] [MainThread] [I] [toil-rt] cactus_consolidated(Anc08): Processing file: /tmp/4a1faf14e72e5fc3a095b7b60b9818b1/66b4/4a60/tmpydqc7fu8.tmp
	[2022-03-31T21:22:38+0000] [MainThread] [I] [toil-rt] cactus_consolidated(Anc08): The file /tmp/4a1faf14e72e5fc3a095b7b60b9818b1/66b4/4a60/tmpydqc7fu8.tmp is specified incomplete, the sequences will not be attached
	[2022-03-31T21:22:54+0000] [MainThread] [I] [toil-rt] cactus_consolidated(Anc08): Assigning sequence /tmp/4a1faf14e72e5fc3a095b7b60b9818b1/66b4/4a60/tmplll9022w.tmp to Mmutica
	[2022-03-31T21:22:54+0000] [MainThread] [I] [toil-rt] cactus_consolidated(Anc08): Processing file: /tmp/4a1faf14e72e5fc3a095b7b60b9818b1/66b4/4a60/tmplll9022w.tmp
	[2022-03-31T21:22:54+0000] [MainThread] [I] [toil-rt] cactus_consolidated(Anc08): The file /tmp/4a1faf14e72e5fc3a095b7b60b9818b1/66b4/4a60/tmplll9022w.tmp is specified incomplete, the sequences will not be attached
	[2022-03-31T21:23:08+0000] [MainThread] [I] [toil-rt] cactus_consolidated(Anc08): Assigning sequence /tmp/4a1faf14e72e5fc3a095b7b60b9818b1/66b4/4a60/tmpom8duq17.tmp to Pmegacephalum
	[2022-03-31T21:23:08+0000] [MainThread] [I] [toil-rt] cactus_consolidated(Anc08): Processing file: /tmp/4a1faf14e72e5fc3a095b7b60b9818b1/66b4/4a60/tmpom8duq17.tmp
	[2022-03-31T21:23:08+0000] [MainThread] [I] [toil-rt] cactus_consolidated(Anc08): The file /tmp/4a1faf14e72e5fc3a095b7b60b9818b1/66b4/4a60/tmpom8duq17.tmp is specified incomplete, the sequences will not be attached
	[2022-03-31T21:23:21+0000] [MainThread] [I] [toil-rt] cactus_consolidated(Anc08): Constructed the initial flower with 433067 sequences and 10 events with string: ((((Cmccordii:1,Mmutica:2)Anc07:1,(Cabingdonii:1,Gevgoodei:1)Anc08:1)Anc03:1,Pmegacephalum:2)Anc01:9.22337e+18)ROOT:9.22337e+18;
	[2022-03-31T21:23:22+0000] [MainThread] [I] [toil-rt] cactus_consolidated(Anc08): Established the first Flower in the hierarchy, 75 seconds have elapsed
	[2022-03-31T21:51:58+0000] [MainThread] [I] [toil-rt] cactus_consolidated(Anc08): Converted alignment coordinates, 1791 seconds have elapsed
	[2022-03-31T21:51:59+0000] [MainThread] [I] [toil-rt] cactus_consolidated(Anc08): Stripped the unique IDs, 1792 seconds have elapsed
	[2022-03-31T21:52:01+0000] [MainThread] [I] [toil-rt] cactus_consolidated(Anc08): Starting annealing round with a minimum chain length of 64 and an alignment trim of 3
	[2022-03-31T23:18:15+0000] [MainThread] [I] [toil-rt] cactus_consolidated(Anc08): There were 159362292 blocks in the sequence graph, representing 6743955860 total aligned bases
	[2022-03-31T23:18:49+0000] [MainThread] [I] [toil-rt] cactus_consolidated(Anc08): Block degree stats: min 1, avg 5.328231, median 4, max 394349
	[2022-03-31T23:18:49+0000] [MainThread] [I] [toil-rt] cactus_consolidated(Anc08): Block support stats: min 0.000000, avg 0.738990, median 0.666667, max 5.000000
	[2022-03-31T23:24:26+0000] [MainThread] [I] [toil-rt] cactus_consolidated(Anc08): Starting melting round with a minimum chain length of 2
	[2022-03-31T23:51:13+0000] [MainThread] [I] [toil-rt] cactus_consolidated(Anc08): cactus_consolidated(+0x5f24e)[0x55f1685c624e]
	[2022-03-31T23:51:13+0000] [MainThread] [I] [toil-rt] cactus_consolidated(Anc08): cactus_consolidated(+0x5f32c)[0x55f1685c632c]
	[2022-03-31T23:51:13+0000] [MainThread] [I] [toil-rt] cactus_consolidated(Anc08): cactus_consolidated(+0x80e7a)[0x55f1685e7e7a]
	[2022-03-31T23:51:13+0000] [MainThread] [I] [toil-rt] cactus_consolidated(Anc08): cactus_consolidated(+0x25f54)[0x55f16858cf54]
	[2022-03-31T23:51:13+0000] [MainThread] [I] [toil-rt] cactus_consolidated(Anc08): cactus_consolidated(+0x1f91b)[0x55f16858691b]
	[2022-03-31T23:51:13+0000] [MainThread] [I] [toil-rt] cactus_consolidated(Anc08): cactus_consolidated(+0x1934d)[0x55f16858034d]
	[2022-03-31T23:51:13+0000] [MainThread] [I] [toil-rt] cactus_consolidated(Anc08): cactus_consolidated(+0x3c2c)[0x55f16856ac2c]
	[2022-03-31T23:51:13+0000] [MainThread] [I] [toil-rt] cactus_consolidated(Anc08): /lib/x86_64-linux-gnu/libc.so.6(__libc_start_main+0xe7)[0x2b52baca0bf7]
	[2022-03-31T23:51:13+0000] [MainThread] [I] [toil-rt] cactus_consolidated(Anc08): cactus_consolidated(+0x429a)[0x55f16856b29a]
	[2022-03-31T23:51:13+0000] [MainThread] [I] [toil-rt] cactus_consolidated(Anc08): ERROR: Malloc failed with a request for: 1610612888 bytes: Cannot allocate memory
	[2022-03-31T23:51:37+0000] [MainThread] [I] [toil-rt] cactus_consolidated(Anc08): Command exited with non-zero status 1
	[2022-03-31T23:51:37+0000] [MainThread] [I] [toil-rt] cactus_consolidated(Anc08): Command being timed: "cactus_consolidated --sequences Cabingdonii /tmp/4a1faf14e72e5fc3a095b7b60b9818b1/66b4/4a60/tmpdrwnbkfq.tmp Cmccordii /tmp/4a1faf14e72e5fc3a095b7b60b9818b1/66b4/4a60/tmpv42y2471.tmp Gevgoodei /tmp/4a1faf14e72e5fc3a095b7b60b9818b1/66b4/4a60/tmpydqc7fu8.tmp Mmutica /tmp/4a1faf14e72e5fc3a095b7b60b9818b1/66b4/4a60/tmplll9022w.tmp Pmegacephalum /tmp/4a1faf14e72e5fc3a095b7b60b9818b1/66b4/4a60/tmpom8duq17.tmp --speciesTree (((Cmccordii:1.0,Mmutica:2.0)Anc07:1.0,(Cabingdonii:1.0,Gevgoodei:1.0)Anc08:1.0)Anc03:1.0,Pmegacephalum:2.0)Anc01; --logLevel INFO --alignments /tmp/4a1faf14e72e5fc3a095b7b60b9818b1/66b4/4a60/tmpoqovsqu5.tmp --params /tmp/4a1faf14e72e5fc3a095b7b60b9818b1/66b4/4a60/tmpkvhli5f1.tmp --outputFile /tmp/4a1faf14e72e5fc3a095b7b60b9818b1/66b4/4a60/tmp389r8rw_.tmp --outputHalFastaFile /tmp/4a1faf14e72e5fc3a095b7b60b9818b1/66b4/4a60/tmp1fmbixhc.tmp --outputReferenceFile /tmp/4a1faf14e72e5fc3a095b7b60b9818b1/66b4/4a60/tmpe1jmwiqs.tmp --outgroupEvents Cmccordii Pmegacephalum Mmutica --referenceEvent Anc08 --secondaryAlignments /tmp/4a1faf14e72e5fc3a095b7b60b9818b1/66b4/4a60/tmpu6s69j3z.tmp --threads 48"
	[2022-03-31T23:51:37+0000] [MainThread] [I] [toil-rt] cactus_consolidated(Anc08): User time (seconds): 7564.92
	[2022-03-31T23:51:37+0000] [MainThread] [I] [toil-rt] cactus_consolidated(Anc08): System time (seconds): 1261.62
	[2022-03-31T23:51:37+0000] [MainThread] [I] [toil-rt] cactus_consolidated(Anc08): Percent of CPU this job got: 98%
	[2022-03-31T23:51:37+0000] [MainThread] [I] [toil-rt] cactus_consolidated(Anc08): Elapsed (wall clock) time (h:mm:ss or m:ss): 2:29:29
	[2022-03-31T23:51:37+0000] [MainThread] [I] [toil-rt] cactus_consolidated(Anc08): Average shared text size (kbytes): 0
	[2022-03-31T23:51:37+0000] [MainThread] [I] [toil-rt] cactus_consolidated(Anc08): Average unshared data size (kbytes): 0
	[2022-03-31T23:51:37+0000] [MainThread] [I] [toil-rt] cactus_consolidated(Anc08): Average stack size (kbytes): 0
	[2022-03-31T23:51:37+0000] [MainThread] [I] [toil-rt] cactus_consolidated(Anc08): Average total size (kbytes): 0
	[2022-03-31T23:51:37+0000] [MainThread] [I] [toil-rt] cactus_consolidated(Anc08): Maximum resident set size (kbytes): 182719328
	[2022-03-31T23:51:37+0000] [MainThread] [I] [toil-rt] cactus_consolidated(Anc08): Average resident set size (kbytes): 0
	[2022-03-31T23:51:37+0000] [MainThread] [I] [toil-rt] cactus_consolidated(Anc08): Major (requiring I/O) page faults: 99
	[2022-03-31T23:51:37+0000] [MainThread] [I] [toil-rt] cactus_consolidated(Anc08): Minor (reclaiming a frame) page faults: 1483336737
	[2022-03-31T23:51:37+0000] [MainThread] [I] [toil-rt] cactus_consolidated(Anc08): Voluntary context switches: 234607
	[2022-03-31T23:51:37+0000] [MainThread] [I] [toil-rt] cactus_consolidated(Anc08): Involuntary context switches: 8409
	[2022-03-31T23:51:37+0000] [MainThread] [I] [toil-rt] cactus_consolidated(Anc08): Swaps: 0
	[2022-03-31T23:51:37+0000] [MainThread] [I] [toil-rt] cactus_consolidated(Anc08): File system inputs: 405453828
	[2022-03-31T23:51:37+0000] [MainThread] [I] [toil-rt] cactus_consolidated(Anc08): File system outputs: 90800240
	[2022-03-31T23:51:37+0000] [MainThread] [I] [toil-rt] cactus_consolidated(Anc08): Socket messages sent: 0
	[2022-03-31T23:51:37+0000] [MainThread] [I] [toil-rt] cactus_consolidated(Anc08): Socket messages received: 0
	[2022-03-31T23:51:37+0000] [MainThread] [I] [toil-rt] cactus_consolidated(Anc08): Signals delivered: 0
	[2022-03-31T23:51:37+0000] [MainThread] [I] [toil-rt] cactus_consolidated(Anc08): Page size (bytes): 4096
	[2022-03-31T23:51:37+0000] [MainThread] [I] [toil-rt] cactus_consolidated(Anc08): Exit status: 1
	[2022-03-31T23:51:37+0000] [MainThread] [W] [toil.fileStores.abstractFileStore] Failed job accessed files:
	[2022-03-31T23:51:37+0000] [MainThread] [W] [toil.fileStores.abstractFileStore] Downloaded file 'files/for-job/kind-run_prepend_unique_ids/instance-yjnchkky/cleanup/file-3ef66911168e404bb2dce2caf177573f/tmpz577ndj_.tmp.fa' to path '/tmp/4a1faf14e72e5fc3a095b7b60b9818b1/66b4/4a60/tmpdrwnbkfq.tmp'
	[2022-03-31T23:51:37+0000] [MainThread] [W] [toil.fileStores.abstractFileStore] Downloaded file 'files/no-job/file-6f2b345f4a5e4677a996e66497302a07/Anc08.cigar.og_fragment_0' to path '/tmp/4a1faf14e72e5fc3a095b7b60b9818b1/66b4/4a60/tmpv42y2471.tmp'
	[2022-03-31T23:51:37+0000] [MainThread] [W] [toil.fileStores.abstractFileStore] Downloaded file 'files/for-job/kind-run_prepend_unique_ids/instance-yjnchkky/cleanup/file-9db6dfaefdad4544800a11d0ef9805b1/tmprvstc0ld.tmp.fa' to path '/tmp/4a1faf14e72e5fc3a095b7b60b9818b1/66b4/4a60/tmpydqc7fu8.tmp'
	[2022-03-31T23:51:37+0000] [MainThread] [W] [toil.fileStores.abstractFileStore] Downloaded file 'files/no-job/file-6886be331e134379989666281b65a931/Anc08.cigar.og_fragment_2' to path '/tmp/4a1faf14e72e5fc3a095b7b60b9818b1/66b4/4a60/tmplll9022w.tmp'
	[2022-03-31T23:51:37+0000] [MainThread] [W] [toil.fileStores.abstractFileStore] Downloaded file 'files/no-job/file-a53fcd5de3b24ec08dec3f6f656fac78/Anc08.cigar.og_fragment_1' to path '/tmp/4a1faf14e72e5fc3a095b7b60b9818b1/66b4/4a60/tmpom8duq17.tmp'
	[2022-03-31T23:51:37+0000] [MainThread] [W] [toil.fileStores.abstractFileStore] Downloaded file 'files/no-job/file-24e0f646956d4bd7ae4b850b3fc9812d/Anc08.cigar' to path '/tmp/4a1faf14e72e5fc3a095b7b60b9818b1/66b4/4a60/tmpoqovsqu5.tmp'
	[2022-03-31T23:51:37+0000] [MainThread] [W] [toil.fileStores.abstractFileStore] Downloaded file 'files/no-job/file-23bedd2c84c84674b9cd227c0f6a1f51/Anc08.cigar.secondary' to path '/tmp/4a1faf14e72e5fc3a095b7b60b9818b1/66b4/4a60/tmpu6s69j3z.tmp'
	[2022-03-31T23:51:37+0000] [MainThread] [W] [toil.fileStores.abstractFileStore] LOG-TO-MASTER: Job used more disk than requested. For CWL, consider increasing the outdirMin requirement, otherwise, consider increasing the disk requirement. Job files/for-job/kind-CactusConsolidated/instance-fk68lh5i/cleanup/file-5724b7c56ce9425193ead07d7b57eaf4/stream used 545.84% disk (70.8 GiB [76071264256B] used, 13.0 GiB [13936453932B] requested).
	Traceback (most recent call last):
	  File "/usr/local/lib/python3.8/dist-packages/toil/worker.py", line 405, in workerScript
	    job._runner(jobGraph=None, jobStore=jobStore, fileStore=fileStore, defer=defer)
	  File "/usr/local/lib/python3.8/dist-packages/cactus/shared/common.py", line 943, in _runner
	    super(RoundedJob, self)._runner(*args, jobStore=jobStore,
	  File "/usr/local/lib/python3.8/dist-packages/toil/job.py", line 2399, in _runner
	    returnValues = self._run(jobGraph=None, fileStore=fileStore)
	  File "/usr/local/lib/python3.8/dist-packages/toil/job.py", line 2317, in _run
	    return self.run(fileStore)
	  File "/usr/local/lib/python3.8/dist-packages/cactus/pipeline/cactus_workflow.py", line 408, in run
	    messages = runCactusConsolidated(seqMap=seqMap,
	  File "/usr/local/lib/python3.8/dist-packages/cactus/shared/common.py", line 197, in runCactusConsolidated
	    masterMessages = cactus_call(check_output=True, returnStdErr=True, realtimeStderrPrefix='cactus_consolidated({})'.format(referenceEvent),
	  File "/usr/local/lib/python3.8/dist-packages/cactus/shared/common.py", line 877, in cactus_call
	    raise RuntimeError("Command {} exited {}: {}".format(call, process.returncode, out))
	RuntimeError: Command /usr/bin/time -v cactus_consolidated --sequences 'Cabingdonii /tmp/4a1faf14e72e5fc3a095b7b60b9818b1/66b4/4a60/tmpdrwnbkfq.tmp Cmccordii /tmp/4a1faf14e72e5fc3a095b7b60b9818b1/66b4/4a60/tmpv42y2471.tmp Gevgoodei /tmp/4a1faf14e72e5fc3a095b7b60b9818b1/66b4/4a60/tmpydqc7fu8.tmp Mmutica /tmp/4a1faf14e72e5fc3a095b7b60b9818b1/66b4/4a60/tmplll9022w.tmp Pmegacephalum /tmp/4a1faf14e72e5fc3a095b7b60b9818b1/66b4/4a60/tmpom8duq17.tmp' --speciesTree '(((Cmccordii:1.0,Mmutica:2.0)Anc07:1.0,(Cabingdonii:1.0,Gevgoodei:1.0)Anc08:1.0)Anc03:1.0,Pmegacephalum:2.0)Anc01;' --logLevel INFO --alignments /tmp/4a1faf14e72e5fc3a095b7b60b9818b1/66b4/4a60/tmpoqovsqu5.tmp --params /tmp/4a1faf14e72e5fc3a095b7b60b9818b1/66b4/4a60/tmpkvhli5f1.tmp --outputFile /tmp/4a1faf14e72e5fc3a095b7b60b9818b1/66b4/4a60/tmp389r8rw_.tmp --outputHalFastaFile /tmp/4a1faf14e72e5fc3a095b7b60b9818b1/66b4/4a60/tmp1fmbixhc.tmp --outputReferenceFile /tmp/4a1faf14e72e5fc3a095b7b60b9818b1/66b4/4a60/tmpe1jmwiqs.tmp --outgroupEvents 'Cmccordii Pmegacephalum Mmutica' --referenceEvent Anc08 --secondaryAlignments /tmp/4a1faf14e72e5fc3a095b7b60b9818b1/66b4/4a60/tmpu6s69j3z.tmp --threads 48 exited 1: stdout=, stderr=None
	[2022-03-31T23:51:37+0000] [MainThread] [E] [toil.worker] Exiting the worker because of a failed job on host holy7c06102.rc.fas.harvard.edu
<=========
real 9225.29
user 7605.09
sys 1467.50
