[2022-03-29T14:16:19+0000] [MainThread] [I] [toil] Running Toil version 5.6.0-c34146a6437e4407a61e946e968bcce67a0ebbca on host holygpu7c26106.rc.fas.harvard.edu.
[2022-03-29T14:16:19+0000] [MainThread] [I] [toil.realtimeLogger] Starting real-time logging.
[2022-03-29T14:16:19+0000] [MainThread] [I] [toil.leader] Issued job 'RunBlast' kind-RunBlast/instance-fjmj0ey2 v1 with job batch system ID: 0 and cores: 64, disk: 14.6 Gi, and memory: 13.2 Gi
[2022-03-29T14:16:19+0000] [MainThread] [I] [toil.leader] Issued job 'RunSelfBlast' kind-RunSelfBlast/instance-pdjgo1aw v1 with job batch system ID: 1 and cores: 64, disk: 14.5 Gi, and memory: 13.0 Gi
[2022-03-29T14:16:19+0000] [MainThread] [I] [toil.worker] Redirecting logging to /tmp/b95cae2eb2eb5572b8e926c980d64ec5/cac9/worker_log.txt
[2022-03-29T14:16:21+0000] [MainThread] [I] [toil.leader] 1 jobs are running, 1 jobs are issued and waiting to run
[2022-03-29T14:16:30+0000] [MainThread] [I] [toil-rt] 2022-03-29 14:16:30.622752: Running the command: "run_segalign /tmp/b95cae2eb2eb5572b8e926c980d64ec5/cac9/8594/tmp1rreyokn.tmp /tmp/b95cae2eb2eb5572b8e926c980d64ec5/cac9/8594/tmpxff23edl.tmp --format=cigar --notrivial --step=1 --ambiguous=iupac,100,100 --ydrop=3000"
[2022-03-29T15:16:23+0000] [MainThread] [I] [toil.leader] 1 jobs are running, 1 jobs are issued and waiting to run
[2022-03-29T15:51:30+0000] [MainThread] [I] [toil-rt] 2022-03-29 15:51:30.001549: Successfully ran: "run_segalign /tmp/b95cae2eb2eb5572b8e926c980d64ec5/cac9/8594/tmp1rreyokn.tmp /tmp/b95cae2eb2eb5572b8e926c980d64ec5/cac9/8594/tmpxff23edl.tmp --format=cigar --notrivial --step=1 --ambiguous=iupac,100,100 --ydrop=3000" in 5699.3629 seconds and 17.5 Gi memory
[2022-03-29T15:51:30+0000] [MainThread] [I] [toil-rt] 2022-03-29 15:51:30.003228: Running the command: "cactus_blast_convertCoordinates /tmp/b95cae2eb2eb5572b8e926c980d64ec5/cac9/8594/tmp6r9hx3_n.tmp /tmp/b95cae2eb2eb5572b8e926c980d64ec5/cac9/8594/tmpi68ig5op.tmp 1"
[2022-03-29T15:54:41+0000] [MainThread] [I] [toil-rt] 2022-03-29 15:54:41.309979: Successfully ran: "cactus_blast_convertCoordinates /tmp/b95cae2eb2eb5572b8e926c980d64ec5/cac9/8594/tmp6r9hx3_n.tmp /tmp/b95cae2eb2eb5572b8e926c980d64ec5/cac9/8594/tmpi68ig5op.tmp 1" in 191.2976 seconds and 1.4 Mi memory
[2022-03-29T15:54:51+0000] [MainThread] [I] [toil.leader] Issued job 'CollateBlasts' kind-CollateBlasts/instance-b3tx11q1 v1 with job batch system ID: 2 and cores: 1, disk: 2.0 Gi, and memory: 2.0 Gi
[2022-03-29T15:54:51+0000] [MainThread] [I] [toil.worker] Redirecting logging to /tmp/b95cae2eb2eb5572b8e926c980d64ec5/8cb3/worker_log.txt
[2022-03-29T15:54:58+0000] [MainThread] [I] [toil-rt] 2022-03-29 15:54:58.834829: Running the command: "run_segalign /tmp/b95cae2eb2eb5572b8e926c980d64ec5/8cb3/2e69/tmp6s0u4sq8.tmp /tmp/b95cae2eb2eb5572b8e926c980d64ec5/8cb3/2e69/tmp6s0u4sq8.tmp --format=cigar --notrivial --step=1 --ambiguous=iupac,100,100 --ydrop=3000"
[2022-03-29T16:16:23+0000] [MainThread] [I] [toil.leader] 1 jobs are running, 1 jobs are issued and waiting to run
[2022-03-29T17:16:25+0000] [MainThread] [I] [toil.leader] 1 jobs are running, 1 jobs are issued and waiting to run
[2022-03-29T18:16:27+0000] [MainThread] [I] [toil.leader] 1 jobs are running, 1 jobs are issued and waiting to run
[2022-03-29T19:06:10+0000] [MainThread] [I] [toil-rt] 2022-03-29 19:06:10.269611: Successfully ran: "run_segalign /tmp/b95cae2eb2eb5572b8e926c980d64ec5/8cb3/2e69/tmp6s0u4sq8.tmp /tmp/b95cae2eb2eb5572b8e926c980d64ec5/8cb3/2e69/tmp6s0u4sq8.tmp --format=cigar --notrivial --step=1 --ambiguous=iupac,100,100 --ydrop=3000" in 11471.4254 seconds and 21.9 Gi memory
[2022-03-29T19:06:10+0000] [MainThread] [I] [toil-rt] 2022-03-29 19:06:10.271476: Running the command: "cactus_blast_convertCoordinates /tmp/b95cae2eb2eb5572b8e926c980d64ec5/8cb3/2e69/tmpv8hc_bpl.tmp /tmp/b95cae2eb2eb5572b8e926c980d64ec5/8cb3/2e69/tmpqxc7j9um.tmp 1"
[2022-03-29T19:13:14+0000] [MainThread] [I] [toil-rt] 2022-03-29 19:13:14.153069: Successfully ran: "cactus_blast_convertCoordinates /tmp/b95cae2eb2eb5572b8e926c980d64ec5/8cb3/2e69/tmpv8hc_bpl.tmp /tmp/b95cae2eb2eb5572b8e926c980d64ec5/8cb3/2e69/tmpqxc7j9um.tmp 1" in 423.873 seconds and 1.5 Mi memory
[2022-03-29T19:13:28+0000] [Thread-4  ] [W] [toil.statsAndLogging] Got message from job at time 03-29-2022 19:13:28: Job used more disk than requested. For CWL, consider increasing the outdirMin requirement, otherwise, consider increasing the disk requirement. Job files/for-job/kind-RunSelfBlast/instance-pdjgo1aw/cleanup/file-6c145d6e486b4d65a779e7069870d7d7/stream used 150.68% disk (21.8 GiB [23383318528B] used, 14.5 GiB [15518924800B] requested).
[2022-03-29T19:13:31+0000] [MainThread] [I] [toil.leader] Issued job 'CollateBlasts' kind-CollateBlasts/instance-ozc6neov v1 with job batch system ID: 3 and cores: 1, disk: 2.0 Gi, and memory: 2.0 Gi
[2022-03-29T19:13:32+0000] [MainThread] [I] [toil.worker] Redirecting logging to /tmp/b95cae2eb2eb5572b8e926c980d64ec5/43de/worker_log.txt
[2022-03-29T19:13:32+0000] [MainThread] [I] [toil.worker] Redirecting logging to /tmp/b95cae2eb2eb5572b8e926c980d64ec5/b8c3/worker_log.txt
[2022-03-29T19:13:32+0000] [MainThread] [I] [toil.leader] Issued job 'CollateBlasts2' kind-CollateBlasts2/instance-w104re4g v1 with job batch system ID: 4 and cores: 1, disk: 33.9 Gi, and memory: 2.0 Gi
[2022-03-29T19:13:32+0000] [MainThread] [I] [toil.leader] Issued job 'CollateBlasts2' kind-CollateBlasts2/instance-3pgobc4e v1 with job batch system ID: 5 and cores: 1, disk: 71.9 Gi, and memory: 2.0 Gi
[2022-03-29T19:13:33+0000] [MainThread] [I] [toil.worker] Redirecting logging to /tmp/b95cae2eb2eb5572b8e926c980d64ec5/eb81/worker_log.txt
[2022-03-29T19:13:33+0000] [MainThread] [I] [toil.worker] Redirecting logging to /tmp/b95cae2eb2eb5572b8e926c980d64ec5/10d9/worker_log.txt
[2022-03-29T19:13:51+0000] [MainThread] [I] [toil.leader] Issued job 'DeleteFileIDs' kind-DeleteFileIDs/instance-zv39kw6o v1 with job batch system ID: 6 and cores: 1, disk: 2.0 Gi, and memory: 2.0 Gi
[2022-03-29T19:13:52+0000] [MainThread] [I] [toil.worker] Redirecting logging to /tmp/b95cae2eb2eb5572b8e926c980d64ec5/8155/worker_log.txt
[2022-03-29T19:13:53+0000] [MainThread] [I] [toil.leader] Issued job 'CollateBlasts2' kind-CollateBlasts2/instance-w104re4g v2 with job batch system ID: 7 and cores: 1, disk: 33.9 Gi, and memory: 2.0 Gi
[2022-03-29T19:13:54+0000] [MainThread] [I] [toil.worker] Redirecting logging to /tmp/b95cae2eb2eb5572b8e926c980d64ec5/2564/worker_log.txt
[2022-03-29T19:13:55+0000] [MainThread] [I] [toil.leader] Issued job 'CollateBlasts' kind-CollateBlasts/instance-b3tx11q1 v3 with job batch system ID: 8 and cores: 1, disk: 2.0 Gi, and memory: 2.0 Gi
[2022-03-29T19:13:55+0000] [MainThread] [I] [toil.worker] Redirecting logging to /tmp/b95cae2eb2eb5572b8e926c980d64ec5/2a80/worker_log.txt
[2022-03-29T19:13:56+0000] [MainThread] [I] [toil.leader] Issued job 'BlastSequencesAgainstEachOther' kind-BlastSequencesAgainstEachOther/instance-kcuqdr3h v2 with job batch system ID: 9 and cores: 1, disk: 21.3 Gi, and memory: 2.0 Gi
[2022-03-29T19:13:56+0000] [MainThread] [I] [toil.worker] Redirecting logging to /tmp/b95cae2eb2eb5572b8e926c980d64ec5/5d32/worker_log.txt
[2022-03-29T19:13:57+0000] [MainThread] [I] [toil.leader] Issued job 'TrimAndRecurseOnOutgroups' kind-TrimAndRecurseOnOutgroups/instance-j3tg756q v1 with job batch system ID: 10 and cores: 1, disk: 2.0 Gi, and memory: 2.0 Gi
[2022-03-29T19:13:58+0000] [MainThread] [I] [toil.worker] Redirecting logging to /tmp/b95cae2eb2eb5572b8e926c980d64ec5/5064/worker_log.txt
[2022-03-29T19:14:10+0000] [MainThread] [I] [toil-rt] 2022-03-29 19:14:10.452496: Running the command: "cactus_coverage /tmp/b95cae2eb2eb5572b8e926c980d64ec5/5064/e8d3/tmp3gr5y14j.tmp /tmp/b95cae2eb2eb5572b8e926c980d64ec5/5064/e8d3/tmpyekkjslc.tmp"
[2022-03-29T19:14:34+0000] [MainThread] [I] [toil.leader] Issued job 'DeleteFileIDs' kind-DeleteFileIDs/instance-kgqhnw4j v1 with job batch system ID: 11 and cores: 1, disk: 2.0 Gi, and memory: 2.0 Gi
[2022-03-29T19:14:34+0000] [MainThread] [I] [toil.worker] Redirecting logging to /tmp/b95cae2eb2eb5572b8e926c980d64ec5/1b36/worker_log.txt
[2022-03-29T19:14:37+0000] [MainThread] [I] [toil.leader] Issued job 'CollateBlasts2' kind-CollateBlasts2/instance-3pgobc4e v2 with job batch system ID: 12 and cores: 1, disk: 71.9 Gi, and memory: 2.0 Gi
[2022-03-29T19:14:37+0000] [MainThread] [I] [toil.worker] Redirecting logging to /tmp/b95cae2eb2eb5572b8e926c980d64ec5/b0fd/worker_log.txt
[2022-03-29T19:14:38+0000] [MainThread] [I] [toil.leader] Issued job 'CollateBlasts' kind-CollateBlasts/instance-ozc6neov v3 with job batch system ID: 13 and cores: 1, disk: 2.0 Gi, and memory: 2.0 Gi
[2022-03-29T19:14:39+0000] [MainThread] [I] [toil.worker] Redirecting logging to /tmp/b95cae2eb2eb5572b8e926c980d64ec5/b313/worker_log.txt
[2022-03-29T19:14:40+0000] [MainThread] [I] [toil.leader] Issued job 'MakeSelfBlasts' kind-MakeSelfBlasts/instance-cogjm4nt v2 with job batch system ID: 14 and cores: 1, disk: 2.0 Gi, and memory: 2.0 Gi
[2022-03-29T19:14:40+0000] [MainThread] [I] [toil.worker] Redirecting logging to /tmp/b95cae2eb2eb5572b8e926c980d64ec5/6e32/worker_log.txt
[2022-03-29T19:14:41+0000] [MainThread] [I] [toil.leader] Issued job 'CollateBlasts' kind-CollateBlasts/instance-2ctz2co8 v1 with job batch system ID: 15 and cores: 1, disk: 2.0 Gi, and memory: 2.0 Gi
[2022-03-29T19:14:42+0000] [MainThread] [I] [toil.worker] Redirecting logging to /tmp/b95cae2eb2eb5572b8e926c980d64ec5/d950/worker_log.txt
[2022-03-29T19:14:43+0000] [MainThread] [I] [toil.leader] Issued job 'CollateBlasts2' kind-CollateBlasts2/instance-dz6tfp17 v1 with job batch system ID: 16 and cores: 1, disk: 71.9 Gi, and memory: 2.0 Gi
[2022-03-29T19:14:44+0000] [MainThread] [I] [toil.worker] Redirecting logging to /tmp/b95cae2eb2eb5572b8e926c980d64ec5/042a/worker_log.txt
[2022-03-29T19:15:18+0000] [MainThread] [I] [toil.leader] Issued job 'DeleteFileIDs' kind-DeleteFileIDs/instance-ivbtp0yv v1 with job batch system ID: 17 and cores: 1, disk: 2.0 Gi, and memory: 2.0 Gi
[2022-03-29T19:15:18+0000] [MainThread] [I] [toil.worker] Redirecting logging to /tmp/b95cae2eb2eb5572b8e926c980d64ec5/2279/worker_log.txt
[2022-03-29T19:15:20+0000] [MainThread] [I] [toil.leader] Issued job 'CollateBlasts2' kind-CollateBlasts2/instance-dz6tfp17 v2 with job batch system ID: 18 and cores: 1, disk: 71.9 Gi, and memory: 2.0 Gi
[2022-03-29T19:15:20+0000] [MainThread] [I] [toil.worker] Redirecting logging to /tmp/b95cae2eb2eb5572b8e926c980d64ec5/daaa/worker_log.txt
[2022-03-29T19:15:21+0000] [MainThread] [I] [toil.leader] Issued job 'CollateBlasts' kind-CollateBlasts/instance-2ctz2co8 v3 with job batch system ID: 19 and cores: 1, disk: 2.0 Gi, and memory: 2.0 Gi
[2022-03-29T19:15:21+0000] [MainThread] [I] [toil.worker] Redirecting logging to /tmp/b95cae2eb2eb5572b8e926c980d64ec5/f077/worker_log.txt
[2022-03-29T19:15:21+0000] [MainThread] [I] [toil.leader] Issued job 'BlastSequencesAllAgainstAll' kind-BlastSequencesAllAgainstAll/instance-56tn6xln v3 with job batch system ID: 20 and cores: 1, disk: 18.8 Gi, and memory: 2.0 Gi
[2022-03-29T19:15:22+0000] [MainThread] [I] [toil.worker] Redirecting logging to /tmp/b95cae2eb2eb5572b8e926c980d64ec5/b94d/worker_log.txt
[2022-03-29T19:16:28+0000] [MainThread] [I] [toil.leader] 1 jobs are running, 0 jobs are issued and waiting to run
[2022-03-29T19:17:00+0000] [MainThread] [I] [toil-rt] 2022-03-29 19:17:00.773726: Successfully ran: "cactus_coverage /tmp/b95cae2eb2eb5572b8e926c980d64ec5/5064/e8d3/tmp3gr5y14j.tmp /tmp/b95cae2eb2eb5572b8e926c980d64ec5/5064/e8d3/tmpyekkjslc.tmp" in 170.3142 seconds and 4.4 Gi memory
[2022-03-29T19:36:54+0000] [MainThread] [I] [toil-rt] 2022-03-29 19:36:54.321246: Running the command: "cactus_coverage /tmp/b95cae2eb2eb5572b8e926c980d64ec5/5064/e8d3/tmpqvgjtfia.tmp /tmp/b95cae2eb2eb5572b8e926c980d64ec5/5064/e8d3/tmpyekkjslc.tmp"
[2022-03-29T19:39:30+0000] [MainThread] [I] [toil-rt] 2022-03-29 19:39:30.104429: Successfully ran: "cactus_coverage /tmp/b95cae2eb2eb5572b8e926c980d64ec5/5064/e8d3/tmpqvgjtfia.tmp /tmp/b95cae2eb2eb5572b8e926c980d64ec5/5064/e8d3/tmpyekkjslc.tmp" in 155.7676 seconds and 4.3 Gi memory
[2022-03-29T19:40:06+0000] [MainThread] [I] [toil-rt] 2022-03-29 19:40:06.316172: Running the command: "cactus_coverage /tmp/b95cae2eb2eb5572b8e926c980d64ec5/5064/e8d3/tmpo8qf3y5l.tmp /tmp/b95cae2eb2eb5572b8e926c980d64ec5/5064/e8d3/tmpyekkjslc.tmp"
[2022-03-29T19:42:37+0000] [MainThread] [I] [toil-rt] 2022-03-29 19:42:37.857998: Successfully ran: "cactus_coverage /tmp/b95cae2eb2eb5572b8e926c980d64ec5/5064/e8d3/tmpo8qf3y5l.tmp /tmp/b95cae2eb2eb5572b8e926c980d64ec5/5064/e8d3/tmpyekkjslc.tmp" in 151.5233 seconds and 4.3 Gi memory
[2022-03-29T19:43:27+0000] [MainThread] [I] [toil-rt] 2022-03-29 19:43:27.457468: Running the command: "cactus_coverage /tmp/b95cae2eb2eb5572b8e926c980d64ec5/5064/e8d3/tmpfnn_gkpo.tmp /tmp/b95cae2eb2eb5572b8e926c980d64ec5/5064/e8d3/tmpjh_of_29.tmp"
[2022-03-29T19:46:04+0000] [MainThread] [I] [toil-rt] 2022-03-29 19:46:04.618267: Successfully ran: "cactus_coverage /tmp/b95cae2eb2eb5572b8e926c980d64ec5/5064/e8d3/tmpfnn_gkpo.tmp /tmp/b95cae2eb2eb5572b8e926c980d64ec5/5064/e8d3/tmpjh_of_29.tmp" in 157.1421 seconds and 4.3 Gi memory
[2022-03-29T19:46:31+0000] [MainThread] [I] [toil-rt] 2022-03-29 19:46:31.996129: Running the command: "cactus_coverage /tmp/b95cae2eb2eb5572b8e926c980d64ec5/5064/e8d3/tmpt9aiww41.tmp /tmp/b95cae2eb2eb5572b8e926c980d64ec5/5064/e8d3/tmpjh_of_29.tmp"
[2022-03-29T19:49:06+0000] [MainThread] [I] [toil-rt] 2022-03-29 19:49:06.125333: Successfully ran: "cactus_coverage /tmp/b95cae2eb2eb5572b8e926c980d64ec5/5064/e8d3/tmpt9aiww41.tmp /tmp/b95cae2eb2eb5572b8e926c980d64ec5/5064/e8d3/tmpjh_of_29.tmp" in 154.1069 seconds and 4.3 Gi memory
[2022-03-29T19:53:20+0000] [Thread-4  ] [I] [toil.statsAndLogging] Got message from job at time 03-29-2022 19:53:20: Coverage on Cabingdonii from outgroup #1, Cmccordii: 84.18354851279304% (current ingroup length 2300745855, untrimmed length 2300745855). Outgroup trimmed to 2228734838 bp from 2390374423
[2022-03-29T19:53:20+0000] [Thread-4  ] [I] [toil.statsAndLogging] Got message from job at time 03-29-2022 19:53:20: Coverage on Gevgoodei from outgroup #1, Cmccordii: 83.53368652839752% (current ingroup length 2298564209, untrimmed length 2298564209). Outgroup trimmed to 2228734838 bp from 2390374423
[2022-03-29T19:53:20+0000] [Thread-4  ] [I] [toil.statsAndLogging] Got message from job at time 03-29-2022 19:53:20: Cumulative coverage of 1 outgroups on ingroup Cabingdonii: 84.18354851279304
[2022-03-29T19:53:20+0000] [Thread-4  ] [I] [toil.statsAndLogging] Got message from job at time 03-29-2022 19:53:20: Cumulative coverage of 1 outgroups on ingroup Gevgoodei: 83.53368652839752
[2022-03-29T19:53:20+0000] [Thread-4  ] [W] [toil.statsAndLogging] Got message from job at time 03-29-2022 19:53:20: Job used more disk than requested. For CWL, consider increasing the outdirMin requirement, otherwise, consider increasing the disk requirement. Job files/for-job/kind-TrimAndRecurseOnOutgroups/instance-j3tg756q/cleanup/file-f2659e7d218b4f25a464ec0fa9f8a00f/stream used 2558.68% disk (51.2 GiB [54947127296B] used, 2.0 GiB [2147483648B] requested).
[2022-03-29T19:53:27+0000] [MainThread] [I] [toil.leader] Issued job 'BlastFirstOutgroup' kind-BlastFirstOutgroup/instance-q9ghja3i v1 with job batch system ID: 21 and cores: 1, disk: 2.0 Gi, and memory: 2.0 Gi
[2022-03-29T19:53:27+0000] [MainThread] [I] [toil.worker] Redirecting logging to /tmp/b95cae2eb2eb5572b8e926c980d64ec5/8c09/worker_log.txt
[2022-03-29T19:53:28+0000] [MainThread] [I] [toil.leader] Issued job 'BlastSequencesAgainstEachOther' kind-BlastSequencesAgainstEachOther/instance-ypezb885 v1 with job batch system ID: 22 and cores: 1, disk: 11.2 Gi, and memory: 2.0 Gi
[2022-03-29T19:53:28+0000] [MainThread] [I] [toil.worker] Redirecting logging to /tmp/b95cae2eb2eb5572b8e926c980d64ec5/6a2a/worker_log.txt
[2022-03-29T19:53:30+0000] [MainThread] [I] [toil-rt] 2022-03-29 19:53:30.264790: Running the command: "cactus_blast_chunkSequences INFO 6000000000 10000 /tmp/b95cae2eb2eb5572b8e926c980d64ec5/6a2a/199e/tmpxn138940/tmp_DyY3QiJQJR /tmp/b95cae2eb2eb5572b8e926c980d64ec5/6a2a/199e/tmp2yn23ys3.tmp /tmp/b95cae2eb2eb5572b8e926c980d64ec5/6a2a/199e/tmpwmgj2w1o.tmp"
[2022-03-29T19:53:38+0000] [MainThread] [I] [toil-rt] 2022-03-29 19:53:38.136379: Successfully ran: "cactus_blast_chunkSequences INFO 6000000000 10000 /tmp/b95cae2eb2eb5572b8e926c980d64ec5/6a2a/199e/tmpxn138940/tmp_DyY3QiJQJR /tmp/b95cae2eb2eb5572b8e926c980d64ec5/6a2a/199e/tmp2yn23ys3.tmp /tmp/b95cae2eb2eb5572b8e926c980d64ec5/6a2a/199e/tmpwmgj2w1o.tmp" in 7.8631 seconds and 7.8 Mi memory
[2022-03-29T19:53:38+0000] [MainThread] [I] [toil-rt] 2022-03-29 19:53:38.137471: Running the command: "cactus_blast_chunkSequences INFO 6000000000 10000 /tmp/b95cae2eb2eb5572b8e926c980d64ec5/6a2a/199e/tmplsb44v4f/tmp_YpHqiEu4yk /tmp/b95cae2eb2eb5572b8e926c980d64ec5/6a2a/199e/tmpw7jp0m9a.tmp"
[2022-03-29T19:53:53+0000] [MainThread] [I] [toil-rt] 2022-03-29 19:53:53.524443: Successfully ran: "cactus_blast_chunkSequences INFO 6000000000 10000 /tmp/b95cae2eb2eb5572b8e926c980d64ec5/6a2a/199e/tmplsb44v4f/tmp_YpHqiEu4yk /tmp/b95cae2eb2eb5572b8e926c980d64ec5/6a2a/199e/tmpw7jp0m9a.tmp" in 15.3805 seconds and 52.6 Mi memory
[2022-03-29T19:54:02+0000] [MainThread] [I] [toil.leader] Issued job 'RunBlast' kind-RunBlast/instance-3j108_v1 v1 with job batch system ID: 23 and cores: 64, disk: 8.0 Gi, and memory: 6.5 Gi
[2022-03-29T19:54:02+0000] [MainThread] [I] [toil.worker] Redirecting logging to /tmp/b95cae2eb2eb5572b8e926c980d64ec5/26db/worker_log.txt
[2022-03-29T19:54:04+0000] [MainThread] [I] [toil-rt] 2022-03-29 19:54:04.265285: Running the command: "run_segalign /tmp/b95cae2eb2eb5572b8e926c980d64ec5/26db/5bad/tmpvjb6orox.tmp /tmp/b95cae2eb2eb5572b8e926c980d64ec5/26db/5bad/tmp4q2iju8z.tmp --format=cigar --notrivial --step=1 --ambiguous=iupac,100,100 --ydrop=3000"
[2022-03-29T20:16:30+0000] [MainThread] [I] [toil.leader] 1 jobs are running, 0 jobs are issued and waiting to run
[2022-03-29T20:42:45+0000] [MainThread] [I] [toil-rt] 2022-03-29 20:42:45.767148: Successfully ran: "run_segalign /tmp/b95cae2eb2eb5572b8e926c980d64ec5/26db/5bad/tmpvjb6orox.tmp /tmp/b95cae2eb2eb5572b8e926c980d64ec5/26db/5bad/tmp4q2iju8z.tmp --format=cigar --notrivial --step=1 --ambiguous=iupac,100,100 --ydrop=3000" in 2921.4925 seconds and 11.0 Gi memory
[2022-03-29T20:42:45+0000] [MainThread] [I] [toil-rt] 2022-03-29 20:42:45.768334: Running the command: "cactus_blast_convertCoordinates /tmp/b95cae2eb2eb5572b8e926c980d64ec5/26db/5bad/tmpm89q48va.tmp /tmp/b95cae2eb2eb5572b8e926c980d64ec5/26db/5bad/tmp2uk0_n7l.tmp 1"
[2022-03-29T20:44:05+0000] [MainThread] [I] [toil-rt] 2022-03-29 20:44:05.647038: Successfully ran: "cactus_blast_convertCoordinates /tmp/b95cae2eb2eb5572b8e926c980d64ec5/26db/5bad/tmpm89q48va.tmp /tmp/b95cae2eb2eb5572b8e926c980d64ec5/26db/5bad/tmp2uk0_n7l.tmp 1" in 79.8722 seconds and 1.2 Mi memory
[2022-03-29T20:44:09+0000] [MainThread] [I] [toil.leader] Issued job 'CollateBlasts' kind-CollateBlasts/instance-4174x1cb v1 with job batch system ID: 24 and cores: 1, disk: 2.0 Gi, and memory: 2.0 Gi
[2022-03-29T20:44:10+0000] [MainThread] [I] [toil.worker] Redirecting logging to /tmp/b95cae2eb2eb5572b8e926c980d64ec5/de1a/worker_log.txt
[2022-03-29T20:44:10+0000] [MainThread] [I] [toil.leader] Issued job 'CollateBlasts2' kind-CollateBlasts2/instance-ep04twj_ v1 with job batch system ID: 25 and cores: 1, disk: 15.6 Gi, and memory: 2.0 Gi
[2022-03-29T20:44:11+0000] [MainThread] [I] [toil.worker] Redirecting logging to /tmp/b95cae2eb2eb5572b8e926c980d64ec5/f961/worker_log.txt
[2022-03-29T20:44:17+0000] [MainThread] [I] [toil.leader] Issued job 'DeleteFileIDs' kind-DeleteFileIDs/instance-zbxzwtuu v1 with job batch system ID: 26 and cores: 1, disk: 2.0 Gi, and memory: 2.0 Gi
[2022-03-29T20:44:18+0000] [MainThread] [I] [toil.worker] Redirecting logging to /tmp/b95cae2eb2eb5572b8e926c980d64ec5/ec0b/worker_log.txt
[2022-03-29T20:44:19+0000] [MainThread] [I] [toil.leader] Issued job 'CollateBlasts2' kind-CollateBlasts2/instance-ep04twj_ v2 with job batch system ID: 27 and cores: 1, disk: 15.6 Gi, and memory: 2.0 Gi
[2022-03-29T20:44:19+0000] [MainThread] [I] [toil.worker] Redirecting logging to /tmp/b95cae2eb2eb5572b8e926c980d64ec5/0976/worker_log.txt
[2022-03-29T20:44:19+0000] [MainThread] [I] [toil.leader] Issued job 'CollateBlasts' kind-CollateBlasts/instance-4174x1cb v3 with job batch system ID: 28 and cores: 1, disk: 2.0 Gi, and memory: 2.0 Gi
[2022-03-29T20:44:20+0000] [MainThread] [I] [toil.worker] Redirecting logging to /tmp/b95cae2eb2eb5572b8e926c980d64ec5/a010/worker_log.txt
[2022-03-29T20:44:20+0000] [MainThread] [I] [toil.leader] Issued job 'BlastSequencesAgainstEachOther' kind-BlastSequencesAgainstEachOther/instance-ypezb885 v2 with job batch system ID: 29 and cores: 1, disk: 11.2 Gi, and memory: 2.0 Gi
[2022-03-29T20:44:21+0000] [MainThread] [I] [toil.worker] Redirecting logging to /tmp/b95cae2eb2eb5572b8e926c980d64ec5/b2bf/worker_log.txt
[2022-03-29T20:44:21+0000] [MainThread] [I] [toil.leader] Issued job 'TrimAndRecurseOnOutgroups' kind-TrimAndRecurseOnOutgroups/instance-_0wvfiqp v1 with job batch system ID: 30 and cores: 1, disk: 2.0 Gi, and memory: 2.0 Gi
[2022-03-29T20:44:22+0000] [MainThread] [I] [toil.worker] Redirecting logging to /tmp/b95cae2eb2eb5572b8e926c980d64ec5/1e5a/worker_log.txt
[2022-03-29T20:44:27+0000] [MainThread] [I] [toil-rt] 2022-03-29 20:44:27.435381: Running the command: "cactus_coverage /tmp/b95cae2eb2eb5572b8e926c980d64ec5/1e5a/275b/tmphyf55zxd.tmp /tmp/b95cae2eb2eb5572b8e926c980d64ec5/1e5a/275b/tmpfwnconbj.tmp"
[2022-03-29T20:45:45+0000] [MainThread] [I] [toil-rt] 2022-03-29 20:45:45.261496: Successfully ran: "cactus_coverage /tmp/b95cae2eb2eb5572b8e926c980d64ec5/1e5a/275b/tmphyf55zxd.tmp /tmp/b95cae2eb2eb5572b8e926c980d64ec5/1e5a/275b/tmpfwnconbj.tmp" in 77.8201 seconds and 4.2 Gi memory
[2022-03-29T20:53:53+0000] [MainThread] [I] [toil-rt] 2022-03-29 20:53:53.382109: Running the command: "cactus_coverage /tmp/b95cae2eb2eb5572b8e926c980d64ec5/1e5a/275b/tmppqms47g9.tmp /tmp/b95cae2eb2eb5572b8e926c980d64ec5/1e5a/275b/tmpfwnconbj.tmp"
[2022-03-29T20:54:54+0000] [MainThread] [I] [toil-rt] 2022-03-29 20:54:54.007209: Successfully ran: "cactus_coverage /tmp/b95cae2eb2eb5572b8e926c980d64ec5/1e5a/275b/tmppqms47g9.tmp /tmp/b95cae2eb2eb5572b8e926c980d64ec5/1e5a/275b/tmpfwnconbj.tmp" in 60.5957 seconds and 699.9 Mi memory
[2022-03-29T20:55:11+0000] [MainThread] [I] [toil-rt] 2022-03-29 20:55:11.291962: Running the command: "cactus_coverage /tmp/b95cae2eb2eb5572b8e926c980d64ec5/1e5a/275b/tmpxn8_pxno.tmp /tmp/b95cae2eb2eb5572b8e926c980d64ec5/1e5a/275b/tmpfwnconbj.tmp"
[2022-03-29T20:56:11+0000] [MainThread] [I] [toil-rt] 2022-03-29 20:56:11.564331: Successfully ran: "cactus_coverage /tmp/b95cae2eb2eb5572b8e926c980d64ec5/1e5a/275b/tmpxn8_pxno.tmp /tmp/b95cae2eb2eb5572b8e926c980d64ec5/1e5a/275b/tmpfwnconbj.tmp" in 60.2441 seconds and 656.4 Mi memory
[2022-03-29T20:56:28+0000] [MainThread] [I] [toil-rt] 2022-03-29 20:56:28.510247: Running the command: "cactus_blast_convertCoordinates --onlyContig1 /tmp/b95cae2eb2eb5572b8e926c980d64ec5/1e5a/275b/tmpsolemp8q.tmp /tmp/b95cae2eb2eb5572b8e926c980d64ec5/1e5a/275b/tmplw4g00c8.tmp 1"
[2022-03-29T20:57:46+0000] [MainThread] [I] [toil-rt] 2022-03-29 20:57:46.453850: Successfully ran: "cactus_blast_convertCoordinates --onlyContig1 /tmp/b95cae2eb2eb5572b8e926c980d64ec5/1e5a/275b/tmpsolemp8q.tmp /tmp/b95cae2eb2eb5572b8e926c980d64ec5/1e5a/275b/tmplw4g00c8.tmp 1" in 77.915 seconds and 1.1 Mi memory
[2022-03-29T20:58:01+0000] [MainThread] [I] [toil-rt] 2022-03-29 20:58:01.273197: Running the command: "cactus_coverage /tmp/b95cae2eb2eb5572b8e926c980d64ec5/1e5a/275b/tmpslapnc7j.tmp /tmp/b95cae2eb2eb5572b8e926c980d64ec5/1e5a/275b/tmpfb8hv1vy.tmp"
[2022-03-29T21:01:32+0000] [MainThread] [I] [toil-rt] 2022-03-29 21:01:32.304870: Successfully ran: "cactus_coverage /tmp/b95cae2eb2eb5572b8e926c980d64ec5/1e5a/275b/tmpslapnc7j.tmp /tmp/b95cae2eb2eb5572b8e926c980d64ec5/1e5a/275b/tmpfb8hv1vy.tmp" in 211.003 seconds and 4.3 Gi memory
[2022-03-29T21:01:59+0000] [MainThread] [I] [toil-rt] 2022-03-29 21:01:59.533013: Running the command: "cactus_coverage /tmp/b95cae2eb2eb5572b8e926c980d64ec5/1e5a/275b/tmphww3elil.tmp /tmp/b95cae2eb2eb5572b8e926c980d64ec5/1e5a/275b/tmpfb8hv1vy.tmp"
[2022-03-29T21:05:24+0000] [MainThread] [I] [toil-rt] 2022-03-29 21:05:24.907067: Successfully ran: "cactus_coverage /tmp/b95cae2eb2eb5572b8e926c980d64ec5/1e5a/275b/tmphww3elil.tmp /tmp/b95cae2eb2eb5572b8e926c980d64ec5/1e5a/275b/tmpfb8hv1vy.tmp" in 205.3425 seconds and 4.3 Gi memory
[2022-03-29T21:10:04+0000] [Thread-4  ] [I] [toil.statsAndLogging] Got message from job at time 03-29-2022 21:10:04: Coverage on Cabingdonii from outgroup #2, Pmegacephalum: 35.32998689956625% (current ingroup length 536134920, untrimmed length 2300745855). Outgroup trimmed to 1808068544 bp from 2319087892
[2022-03-29T21:10:04+0000] [Thread-4  ] [I] [toil.statsAndLogging] Got message from job at time 03-29-2022 21:10:04: Coverage on Gevgoodei from outgroup #2, Pmegacephalum: 33.13389781460483% (current ingroup length 542367448, untrimmed length 2298564209). Outgroup trimmed to 1808068544 bp from 2319087892
[2022-03-29T21:10:04+0000] [Thread-4  ] [I] [toil.statsAndLogging] Got message from job at time 03-29-2022 21:10:04: Cumulative coverage of 2 outgroups on ingroup Cabingdonii: 85.87251471979725
[2022-03-29T21:10:04+0000] [Thread-4  ] [I] [toil.statsAndLogging] Got message from job at time 03-29-2022 21:10:04: Cumulative coverage of 2 outgroups on ingroup Gevgoodei: 85.12842966659106
[2022-03-29T21:10:04+0000] [Thread-4  ] [W] [toil.statsAndLogging] Got message from job at time 03-29-2022 21:10:04: Job used more disk than requested. For CWL, consider increasing the outdirMin requirement, otherwise, consider increasing the disk requirement. Job files/for-job/kind-TrimAndRecurseOnOutgroups/instance-_0wvfiqp/cleanup/file-b25ae27015674b538fe89652c17cc090/stream used 1728.11% disk (34.6 GiB [37110951936B] used, 2.0 GiB [2147483648B] requested).
[2022-03-29T21:10:08+0000] [MainThread] [I] [toil.leader] Issued job 'BlastFirstOutgroup' kind-BlastFirstOutgroup/instance-_cb4nzc5 v1 with job batch system ID: 31 and cores: 1, disk: 2.0 Gi, and memory: 2.0 Gi
[2022-03-29T21:10:08+0000] [MainThread] [I] [toil.worker] Redirecting logging to /tmp/b95cae2eb2eb5572b8e926c980d64ec5/ab55/worker_log.txt
[2022-03-29T21:10:09+0000] [MainThread] [I] [toil.leader] Issued job 'BlastSequencesAgainstEachOther' kind-BlastSequencesAgainstEachOther/instance-t0x5hmj_ v1 with job batch system ID: 32 and cores: 1, disk: 11.5 Gi, and memory: 2.0 Gi
[2022-03-29T21:10:09+0000] [MainThread] [I] [toil.worker] Redirecting logging to /tmp/b95cae2eb2eb5572b8e926c980d64ec5/33da/worker_log.txt
[2022-03-29T21:10:12+0000] [MainThread] [I] [toil-rt] 2022-03-29 21:10:12.275618: Running the command: "cactus_blast_chunkSequences INFO 6000000000 10000 /tmp/b95cae2eb2eb5572b8e926c980d64ec5/33da/c070/tmp2bdgh_bj/tmp_WsrKSVGj93 /tmp/b95cae2eb2eb5572b8e926c980d64ec5/33da/c070/tmpwge06nor.tmp /tmp/b95cae2eb2eb5572b8e926c980d64ec5/33da/c070/tmp0occ5r6_.tmp"
[2022-03-29T21:10:19+0000] [MainThread] [I] [toil-rt] 2022-03-29 21:10:19.736759: Successfully ran: "cactus_blast_chunkSequences INFO 6000000000 10000 /tmp/b95cae2eb2eb5572b8e926c980d64ec5/33da/c070/tmp2bdgh_bj/tmp_WsrKSVGj93 /tmp/b95cae2eb2eb5572b8e926c980d64ec5/33da/c070/tmpwge06nor.tmp /tmp/b95cae2eb2eb5572b8e926c980d64ec5/33da/c070/tmp0occ5r6_.tmp" in 7.4522 seconds and 8.1 Mi memory
[2022-03-29T21:10:19+0000] [MainThread] [I] [toil-rt] 2022-03-29 21:10:19.737877: Running the command: "cactus_blast_chunkSequences INFO 6000000000 10000 /tmp/b95cae2eb2eb5572b8e926c980d64ec5/33da/c070/tmprngajw4x/tmp_aRCz7U8ImO /tmp/b95cae2eb2eb5572b8e926c980d64ec5/33da/c070/tmpse9r8jzw.tmp"
[2022-03-29T21:10:36+0000] [MainThread] [I] [toil-rt] 2022-03-29 21:10:36.171732: Successfully ran: "cactus_blast_chunkSequences INFO 6000000000 10000 /tmp/b95cae2eb2eb5572b8e926c980d64ec5/33da/c070/tmprngajw4x/tmp_aRCz7U8ImO /tmp/b95cae2eb2eb5572b8e926c980d64ec5/33da/c070/tmpse9r8jzw.tmp" in 16.424 seconds and 460.7 Mi memory
[2022-03-29T21:10:42+0000] [MainThread] [I] [toil.leader] Issued job 'RunBlast' kind-RunBlast/instance-y720ns4i v1 with job batch system ID: 33 and cores: 64, disk: 8.2 Gi, and memory: 6.7 Gi
[2022-03-29T21:10:43+0000] [MainThread] [I] [toil.worker] Redirecting logging to /tmp/b95cae2eb2eb5572b8e926c980d64ec5/9ef9/worker_log.txt
[2022-03-29T21:10:44+0000] [MainThread] [I] [toil-rt] 2022-03-29 21:10:44.852876: Running the command: "run_segalign /tmp/b95cae2eb2eb5572b8e926c980d64ec5/9ef9/4292/tmpgslniwo5.tmp /tmp/b95cae2eb2eb5572b8e926c980d64ec5/9ef9/4292/tmp5bdl_uzi.tmp --format=cigar --notrivial --step=1 --ambiguous=iupac,100,100 --ydrop=3000"
[2022-03-29T21:16:30+0000] [MainThread] [I] [toil.leader] 1 jobs are running, 0 jobs are issued and waiting to run
[2022-03-29T21:33:42+0000] [MainThread] [I] [toil-rt] 2022-03-29 21:33:42.917593: Successfully ran: "run_segalign /tmp/b95cae2eb2eb5572b8e926c980d64ec5/9ef9/4292/tmpgslniwo5.tmp /tmp/b95cae2eb2eb5572b8e926c980d64ec5/9ef9/4292/tmp5bdl_uzi.tmp --format=cigar --notrivial --step=1 --ambiguous=iupac,100,100 --ydrop=3000" in 1378.0547 seconds and 11.7 Gi memory
[2022-03-29T21:33:42+0000] [MainThread] [I] [toil-rt] 2022-03-29 21:33:42.918145: Running the command: "cactus_blast_convertCoordinates /tmp/b95cae2eb2eb5572b8e926c980d64ec5/9ef9/4292/tmpxo1v88ef.tmp /tmp/b95cae2eb2eb5572b8e926c980d64ec5/9ef9/4292/tmp9wukfum_.tmp 1"
[2022-03-29T21:35:17+0000] [MainThread] [I] [toil-rt] 2022-03-29 21:35:17.922060: Successfully ran: "cactus_blast_convertCoordinates /tmp/b95cae2eb2eb5572b8e926c980d64ec5/9ef9/4292/tmpxo1v88ef.tmp /tmp/b95cae2eb2eb5572b8e926c980d64ec5/9ef9/4292/tmp9wukfum_.tmp 1" in 94.9998 seconds and 1.2 Mi memory
[2022-03-29T21:35:22+0000] [MainThread] [I] [toil.leader] Issued job 'CollateBlasts' kind-CollateBlasts/instance-8jy8m88w v1 with job batch system ID: 34 and cores: 1, disk: 2.0 Gi, and memory: 2.0 Gi
[2022-03-29T21:35:23+0000] [MainThread] [I] [toil.worker] Redirecting logging to /tmp/b95cae2eb2eb5572b8e926c980d64ec5/fd27/worker_log.txt
[2022-03-29T21:35:23+0000] [MainThread] [I] [toil.leader] Issued job 'CollateBlasts2' kind-CollateBlasts2/instance-3mfsxp2m v1 with job batch system ID: 35 and cores: 1, disk: 17.9 Gi, and memory: 2.0 Gi
[2022-03-29T21:35:24+0000] [MainThread] [I] [toil.worker] Redirecting logging to /tmp/b95cae2eb2eb5572b8e926c980d64ec5/e3ef/worker_log.txt
[2022-03-29T21:35:30+0000] [MainThread] [I] [toil.leader] Issued job 'DeleteFileIDs' kind-DeleteFileIDs/instance-yon4pfn8 v1 with job batch system ID: 36 and cores: 1, disk: 2.0 Gi, and memory: 2.0 Gi
[2022-03-29T21:35:30+0000] [MainThread] [I] [toil.worker] Redirecting logging to /tmp/b95cae2eb2eb5572b8e926c980d64ec5/c2c3/worker_log.txt
[2022-03-29T21:35:31+0000] [MainThread] [I] [toil.leader] Issued job 'CollateBlasts2' kind-CollateBlasts2/instance-3mfsxp2m v2 with job batch system ID: 37 and cores: 1, disk: 17.9 Gi, and memory: 2.0 Gi
[2022-03-29T21:35:31+0000] [MainThread] [I] [toil.worker] Redirecting logging to /tmp/b95cae2eb2eb5572b8e926c980d64ec5/bc88/worker_log.txt
[2022-03-29T21:35:32+0000] [MainThread] [I] [toil.leader] Issued job 'CollateBlasts' kind-CollateBlasts/instance-8jy8m88w v3 with job batch system ID: 38 and cores: 1, disk: 2.0 Gi, and memory: 2.0 Gi
[2022-03-29T21:35:32+0000] [MainThread] [I] [toil.worker] Redirecting logging to /tmp/b95cae2eb2eb5572b8e926c980d64ec5/e134/worker_log.txt
[2022-03-29T21:35:33+0000] [MainThread] [I] [toil.leader] Issued job 'BlastSequencesAgainstEachOther' kind-BlastSequencesAgainstEachOther/instance-t0x5hmj_ v2 with job batch system ID: 39 and cores: 1, disk: 11.5 Gi, and memory: 2.0 Gi
[2022-03-29T21:35:33+0000] [MainThread] [I] [toil.worker] Redirecting logging to /tmp/b95cae2eb2eb5572b8e926c980d64ec5/18a8/worker_log.txt
[2022-03-29T21:35:34+0000] [MainThread] [I] [toil.leader] Issued job 'TrimAndRecurseOnOutgroups' kind-TrimAndRecurseOnOutgroups/instance-vdhv0hsr v1 with job batch system ID: 40 and cores: 1, disk: 2.0 Gi, and memory: 2.0 Gi
[2022-03-29T21:35:34+0000] [MainThread] [I] [toil.worker] Redirecting logging to /tmp/b95cae2eb2eb5572b8e926c980d64ec5/aae3/worker_log.txt
[2022-03-29T21:35:37+0000] [MainThread] [I] [toil-rt] 2022-03-29 21:35:37.108595: Running the command: "cactus_coverage /tmp/b95cae2eb2eb5572b8e926c980d64ec5/aae3/b5b3/tmpj_ie3u2g.tmp /tmp/b95cae2eb2eb5572b8e926c980d64ec5/aae3/b5b3/tmp90kz_4al.tmp"
[2022-03-29T21:37:06+0000] [MainThread] [I] [toil-rt] 2022-03-29 21:37:06.152154: Successfully ran: "cactus_coverage /tmp/b95cae2eb2eb5572b8e926c980d64ec5/aae3/b5b3/tmpj_ie3u2g.tmp /tmp/b95cae2eb2eb5572b8e926c980d64ec5/aae3/b5b3/tmp90kz_4al.tmp" in 89.0344 seconds and 4.6 Gi memory
[2022-03-29T21:46:51+0000] [MainThread] [I] [toil-rt] 2022-03-29 21:46:51.917136: Running the command: "cactus_coverage /tmp/b95cae2eb2eb5572b8e926c980d64ec5/aae3/b5b3/tmpg1p4tgkn.tmp /tmp/b95cae2eb2eb5572b8e926c980d64ec5/aae3/b5b3/tmp90kz_4al.tmp"
[2022-03-29T21:48:04+0000] [MainThread] [I] [toil-rt] 2022-03-29 21:48:04.215428: Successfully ran: "cactus_coverage /tmp/b95cae2eb2eb5572b8e926c980d64ec5/aae3/b5b3/tmpg1p4tgkn.tmp /tmp/b95cae2eb2eb5572b8e926c980d64ec5/aae3/b5b3/tmp90kz_4al.tmp" in 72.2909 seconds and 602.7 Mi memory
[2022-03-29T21:48:23+0000] [MainThread] [I] [toil-rt] 2022-03-29 21:48:23.126935: Running the command: "cactus_coverage /tmp/b95cae2eb2eb5572b8e926c980d64ec5/aae3/b5b3/tmphzw050kp.tmp /tmp/b95cae2eb2eb5572b8e926c980d64ec5/aae3/b5b3/tmp90kz_4al.tmp"
[2022-03-29T21:49:34+0000] [MainThread] [I] [toil-rt] 2022-03-29 21:49:34.847717: Successfully ran: "cactus_coverage /tmp/b95cae2eb2eb5572b8e926c980d64ec5/aae3/b5b3/tmphzw050kp.tmp /tmp/b95cae2eb2eb5572b8e926c980d64ec5/aae3/b5b3/tmp90kz_4al.tmp" in 71.714 seconds and 589.8 Mi memory
[2022-03-29T21:49:53+0000] [MainThread] [I] [toil-rt] 2022-03-29 21:49:53.332403: Running the command: "cactus_blast_convertCoordinates --onlyContig1 /tmp/b95cae2eb2eb5572b8e926c980d64ec5/aae3/b5b3/tmpcrzjh7wc.tmp /tmp/b95cae2eb2eb5572b8e926c980d64ec5/aae3/b5b3/tmpjlp_z2gg.tmp 1"
[2022-03-29T21:51:28+0000] [MainThread] [I] [toil-rt] 2022-03-29 21:51:28.047831: Successfully ran: "cactus_blast_convertCoordinates --onlyContig1 /tmp/b95cae2eb2eb5572b8e926c980d64ec5/aae3/b5b3/tmpcrzjh7wc.tmp /tmp/b95cae2eb2eb5572b8e926c980d64ec5/aae3/b5b3/tmpjlp_z2gg.tmp 1" in 94.7077 seconds and 1.1 Mi memory
[2022-03-29T21:51:58+0000] [MainThread] [I] [toil-rt] 2022-03-29 21:51:58.623201: Running the command: "cactus_coverage /tmp/b95cae2eb2eb5572b8e926c980d64ec5/aae3/b5b3/tmp4uf1vzpd.tmp /tmp/b95cae2eb2eb5572b8e926c980d64ec5/aae3/b5b3/tmpnelf0fk5.tmp"
[2022-03-29T21:56:33+0000] [MainThread] [I] [toil-rt] 2022-03-29 21:56:33.647042: Successfully ran: "cactus_coverage /tmp/b95cae2eb2eb5572b8e926c980d64ec5/aae3/b5b3/tmp4uf1vzpd.tmp /tmp/b95cae2eb2eb5572b8e926c980d64ec5/aae3/b5b3/tmpnelf0fk5.tmp" in 275.0139 seconds and 4.3 Gi memory
[2022-03-29T21:57:05+0000] [MainThread] [I] [toil-rt] 2022-03-29 21:57:05.461557: Running the command: "cactus_coverage /tmp/b95cae2eb2eb5572b8e926c980d64ec5/aae3/b5b3/tmptdy2cl2_.tmp /tmp/b95cae2eb2eb5572b8e926c980d64ec5/aae3/b5b3/tmpnelf0fk5.tmp"
[2022-03-29T22:01:33+0000] [MainThread] [I] [toil-rt] 2022-03-29 22:01:33.389656: Successfully ran: "cactus_coverage /tmp/b95cae2eb2eb5572b8e926c980d64ec5/aae3/b5b3/tmptdy2cl2_.tmp /tmp/b95cae2eb2eb5572b8e926c980d64ec5/aae3/b5b3/tmpnelf0fk5.tmp" in 267.9148 seconds and 4.3 Gi memory
[2022-03-29T22:02:03+0000] [Thread-4  ] [I] [toil.statsAndLogging] Got message from job at time 03-29-2022 22:02:03: Coverage on Cabingdonii from outgroup #3, Mmutica: 36.29603976029727% (current ingroup length 513938411, untrimmed length 2300745855). Outgroup trimmed to 1893816078 bp from 2484351270
[2022-03-29T22:02:03+0000] [Thread-4  ] [I] [toil.statsAndLogging] Got message from job at time 03-29-2022 22:02:03: Coverage on Gevgoodei from outgroup #3, Mmutica: 34.28360696026973% (current ingroup length 521645646, untrimmed length 2298564209). Outgroup trimmed to 1893816078 bp from 2484351270
[2022-03-29T22:02:03+0000] [Thread-4  ] [I] [toil.statsAndLogging] Got message from job at time 03-29-2022 22:02:03: Cumulative coverage of 3 outgroups on ingroup Cabingdonii: 86.1922849362256
[2022-03-29T22:02:03+0000] [Thread-4  ] [I] [toil.statsAndLogging] Got message from job at time 03-29-2022 22:02:03: Cumulative coverage of 3 outgroups on ingroup Gevgoodei: 85.46442206435661
[2022-03-29T22:02:03+0000] [Thread-4  ] [W] [toil.statsAndLogging] Got message from job at time 03-29-2022 22:02:03: Job used more disk than requested. For CWL, consider increasing the outdirMin requirement, otherwise, consider increasing the disk requirement. Job files/for-job/kind-TrimAndRecurseOnOutgroups/instance-vdhv0hsr/cleanup/file-9473d0698ac94a439db761c7a02a7a6b/stream used 1799.20% disk (36.0 GiB [38637514752B] used, 2.0 GiB [2147483648B] requested).
[2022-03-29T22:02:07+0000] [MainThread] [I] [toil.leader] Issued job 'BlastFirstOutgroup' kind-BlastFirstOutgroup/instance-_cb4nzc5 v2 with job batch system ID: 41 and cores: 1, disk: 2.0 Gi, and memory: 2.0 Gi
[2022-03-29T22:02:08+0000] [MainThread] [I] [toil.worker] Redirecting logging to /tmp/b95cae2eb2eb5572b8e926c980d64ec5/aee8/worker_log.txt
[2022-03-29T22:02:08+0000] [MainThread] [I] [toil.leader] Issued job 'TrimAndRecurseOnOutgroups' kind-TrimAndRecurseOnOutgroups/instance-_0wvfiqp v3 with job batch system ID: 42 and cores: 1, disk: 2.0 Gi, and memory: 2.0 Gi
[2022-03-29T22:02:08+0000] [MainThread] [I] [toil.worker] Redirecting logging to /tmp/b95cae2eb2eb5572b8e926c980d64ec5/4c16/worker_log.txt
[2022-03-29T22:02:09+0000] [MainThread] [I] [toil.leader] Issued job 'BlastFirstOutgroup' kind-BlastFirstOutgroup/instance-q9ghja3i v2 with job batch system ID: 43 and cores: 1, disk: 2.0 Gi, and memory: 2.0 Gi
[2022-03-29T22:02:09+0000] [MainThread] [I] [toil.worker] Redirecting logging to /tmp/b95cae2eb2eb5572b8e926c980d64ec5/a3e0/worker_log.txt
[2022-03-29T22:02:10+0000] [MainThread] [I] [toil.leader] Issued job 'TrimAndRecurseOnOutgroups' kind-TrimAndRecurseOnOutgroups/instance-j3tg756q v3 with job batch system ID: 44 and cores: 1, disk: 2.0 Gi, and memory: 2.0 Gi
[2022-03-29T22:02:10+0000] [MainThread] [I] [toil.worker] Redirecting logging to /tmp/b95cae2eb2eb5572b8e926c980d64ec5/f801/worker_log.txt
[2022-03-29T22:02:10+0000] [MainThread] [I] [toil.leader] Issued job 'BlastFirstOutgroup' kind-BlastFirstOutgroup/instance-djsueje7 v2 with job batch system ID: 45 and cores: 1, disk: 2.0 Gi, and memory: 2.0 Gi
[2022-03-29T22:02:11+0000] [MainThread] [I] [toil.worker] Redirecting logging to /tmp/b95cae2eb2eb5572b8e926c980d64ec5/e0df/worker_log.txt
[2022-03-29T22:02:11+0000] [MainThread] [I] [toil.leader] Issued job 'CollateBlasts' kind-CollateBlasts/instance-t3xazsbl v1 with job batch system ID: 46 and cores: 1, disk: 2.0 Gi, and memory: 2.0 Gi
[2022-03-29T22:02:12+0000] [MainThread] [I] [toil.worker] Redirecting logging to /tmp/b95cae2eb2eb5572b8e926c980d64ec5/9aa6/worker_log.txt
[2022-03-29T22:02:12+0000] [MainThread] [I] [toil.leader] Issued job 'CollateBlasts2' kind-CollateBlasts2/instance-p60_bui9 v1 with job batch system ID: 47 and cores: 1, disk: 135.8 Gi, and memory: 2.0 Gi
[2022-03-29T22:02:13+0000] [MainThread] [I] [toil.worker] Redirecting logging to /tmp/b95cae2eb2eb5572b8e926c980d64ec5/c011/worker_log.txt
[2022-03-29T22:03:11+0000] [MainThread] [I] [toil.leader] Issued job 'DeleteFileIDs' kind-DeleteFileIDs/instance-cwy0xtp2 v1 with job batch system ID: 48 and cores: 1, disk: 2.0 Gi, and memory: 2.0 Gi
[2022-03-29T22:03:12+0000] [MainThread] [I] [toil.worker] Redirecting logging to /tmp/b95cae2eb2eb5572b8e926c980d64ec5/519f/worker_log.txt
[2022-03-29T22:03:15+0000] [MainThread] [I] [toil.leader] Issued job 'CollateBlasts2' kind-CollateBlasts2/instance-p60_bui9 v2 with job batch system ID: 49 and cores: 1, disk: 135.8 Gi, and memory: 2.0 Gi
[2022-03-29T22:03:16+0000] [MainThread] [I] [toil.worker] Redirecting logging to /tmp/b95cae2eb2eb5572b8e926c980d64ec5/e4cf/worker_log.txt
[2022-03-29T22:03:16+0000] [MainThread] [I] [toil.leader] Issued job 'CollateBlasts' kind-CollateBlasts/instance-t3xazsbl v3 with job batch system ID: 50 and cores: 1, disk: 2.0 Gi, and memory: 2.0 Gi
[2022-03-29T22:03:16+0000] [MainThread] [I] [toil.worker] Redirecting logging to /tmp/b95cae2eb2eb5572b8e926c980d64ec5/ab41/worker_log.txt
[2022-03-29T22:03:17+0000] [MainThread] [I] [toil.leader] Issued job 'BlastIngroupsAndOutgroups' kind-BlastIngroupsAndOutgroups/instance-sr33oqvq v2 with job batch system ID: 51 and cores: 1, disk: 2.0 Gi, and memory: 2.0 Gi
[2022-03-29T22:03:17+0000] [MainThread] [I] [toil.worker] Redirecting logging to /tmp/b95cae2eb2eb5572b8e926c980d64ec5/0eec/worker_log.txt
[2022-03-29T22:03:18+0000] [MainThread] [I] [toil.leader] Issued job 'Job' kind-Job/instance-dnxwa_p6 v1 with job batch system ID: 52 and cores: 0, disk: 95.4 Mi, and memory: 488.3 Mi
[2022-03-29T22:03:18+0000] [MainThread] [I] [toil.worker] Redirecting logging to /tmp/b95cae2eb2eb5572b8e926c980d64ec5/b7d5/worker_log.txt
[2022-03-29T22:03:18+0000] [MainThread] [I] [toil.leader] Issued job 'mappingQualityRescoring' kind-mappingQualityRescoring/instance-4scucg6f v1 with job batch system ID: 53 and cores: 1, disk: 2.0 Gi, and memory: 2.0 Gi
[2022-03-29T22:03:18+0000] [MainThread] [I] [toil.leader] Issued job 'updateExpWrapperForOutgroups' kind-updateExpWrapperForOutgroups/instance-zx19dj0x v1 with job batch system ID: 54 and cores: 1, disk: 2.0 Gi, and memory: 2.0 Gi
[2022-03-29T22:03:19+0000] [MainThread] [I] [toil.worker] Redirecting logging to /tmp/b95cae2eb2eb5572b8e926c980d64ec5/d8bb/worker_log.txt
[2022-03-29T22:03:19+0000] [MainThread] [I] [toil.worker] Redirecting logging to /tmp/b95cae2eb2eb5572b8e926c980d64ec5/b4b7/worker_log.txt
[2022-03-29T22:03:41+0000] [MainThread] [I] [toil-rt] 2022-03-29 22:03:41.800952: Running the command: "bash -c set -eo pipefail && cat /tmp/b95cae2eb2eb5572b8e926c980d64ec5/d8bb/9370/tmp48e_qu14.tmp | cactus_mirrorAndOrientAlignments INFO | sort -T/tmp/b95cae2eb2eb5572b8e926c980d64ec5/d8bb/9370/tmpi5qa5hm5 -k6,6 -k7,7n -k8,8n | uniq | cactus_splitAlignmentOverlaps INFO | cactus_calculateMappingQualities INFO 5 0.0 0.001 /tmp/b95cae2eb2eb5572b8e926c980d64ec5/d8bb/9370/tmppiu52lzy.tmp /tmp/b95cae2eb2eb5572b8e926c980d64ec5/d8bb/9370/tmp84fwru61.tmp /tmp/b95cae2eb2eb5572b8e926c980d64ec5/d8bb/9370/tmpuzitlld_.tmp /tmp/b95cae2eb2eb5572b8e926c980d64ec5/d8bb/9370/tmp5w1b4cqc.tmp /tmp/b95cae2eb2eb5572b8e926c980d64ec5/d8bb/9370/tmpn_vq6f8v.tmp"
[2022-03-29T22:16:32+0000] [MainThread] [I] [toil.leader] 1 jobs are running, 0 jobs are issued and waiting to run
[2022-03-29T23:16:33+0000] [MainThread] [I] [toil.leader] 1 jobs are running, 0 jobs are issued and waiting to run
[2022-03-30T00:16:34+0000] [MainThread] [I] [toil.leader] 1 jobs are running, 0 jobs are issued and waiting to run
[2022-03-30T01:16:35+0000] [MainThread] [I] [toil.leader] 1 jobs are running, 0 jobs are issued and waiting to run
[2022-03-30T01:35:51+0000] [MainThread] [I] [toil-rt] 2022-03-30 01:35:51.783326: Successfully ran: "bash -c 'set -eo pipefail && cat /tmp/b95cae2eb2eb5572b8e926c980d64ec5/d8bb/9370/tmp48e_qu14.tmp | cactus_mirrorAndOrientAlignments INFO | sort -T/tmp/b95cae2eb2eb5572b8e926c980d64ec5/d8bb/9370/tmpi5qa5hm5 -k6,6 -k7,7n -k8,8n | uniq | cactus_splitAlignmentOverlaps INFO | cactus_calculateMappingQualities INFO 5 0.0 0.001 /tmp/b95cae2eb2eb5572b8e926c980d64ec5/d8bb/9370/tmppiu52lzy.tmp /tmp/b95cae2eb2eb5572b8e926c980d64ec5/d8bb/9370/tmp84fwru61.tmp /tmp/b95cae2eb2eb5572b8e926c980d64ec5/d8bb/9370/tmpuzitlld_.tmp /tmp/b95cae2eb2eb5572b8e926c980d64ec5/d8bb/9370/tmp5w1b4cqc.tmp /tmp/b95cae2eb2eb5572b8e926c980d64ec5/d8bb/9370/tmpn_vq6f8v.tmp'" in 12729.975 seconds and 15.3 Mi memory
[2022-03-30T01:35:51+0000] [MainThread] [I] [toil-rt] 2022-03-30 01:35:51.784609: Running the command: "bash -c set -eo pipefail && cat /tmp/b95cae2eb2eb5572b8e926c980d64ec5/d8bb/9370/tmp84fwru61.tmp /tmp/b95cae2eb2eb5572b8e926c980d64ec5/d8bb/9370/tmpuzitlld_.tmp /tmp/b95cae2eb2eb5572b8e926c980d64ec5/d8bb/9370/tmp5w1b4cqc.tmp /tmp/b95cae2eb2eb5572b8e926c980d64ec5/d8bb/9370/tmpn_vq6f8v.tmp"
[2022-03-30T01:36:16+0000] [MainThread] [I] [toil-rt] 2022-03-30 01:36:16.746877: Successfully ran: "bash -c 'set -eo pipefail && cat /tmp/b95cae2eb2eb5572b8e926c980d64ec5/d8bb/9370/tmp84fwru61.tmp /tmp/b95cae2eb2eb5572b8e926c980d64ec5/d8bb/9370/tmpuzitlld_.tmp /tmp/b95cae2eb2eb5572b8e926c980d64ec5/d8bb/9370/tmp5w1b4cqc.tmp /tmp/b95cae2eb2eb5572b8e926c980d64ec5/d8bb/9370/tmpn_vq6f8v.tmp'" in 24.9541 seconds and 1.6 Mi memory
[2022-03-30T01:39:04+0000] [Thread-4  ] [I] [toil.statsAndLogging] Got message from job at time 03-30-2022 01:39:04: Input cigar file has 97273176 lines
[2022-03-30T01:39:04+0000] [Thread-4  ] [I] [toil.statsAndLogging] Got message from job at time 03-30-2022 01:39:04: Filtered, non-overlapping primary cigar file has 143468804 lines
[2022-03-30T01:39:04+0000] [Thread-4  ] [I] [toil.statsAndLogging] Got message from job at time 03-30-2022 01:39:04: Filtered, non-overlapping secondary cigar file has 521262726 lines
[2022-03-30T01:39:04+0000] [Thread-4  ] [W] [toil.statsAndLogging] Got message from job at time 03-30-2022 01:39:04: Job used more disk than requested. For CWL, consider increasing the outdirMin requirement, otherwise, consider increasing the disk requirement. Job files/for-job/kind-mappingQualityRescoring/instance-4scucg6f/cleanup/file-ef4b9c4616654427815432aa61c52a26/stream used 6276.65% disk (125.5 GiB [134790037504B] used, 2.0 GiB [2147483648B] requested).
[2022-03-30T01:39:21+0000] [MainThread] [I] [toil.leader] Issued job 'Job' kind-Job/instance-dnxwa_p6 v2 with job batch system ID: 55 and cores: 0, disk: 95.4 Mi, and memory: 488.3 Mi
[2022-03-30T01:39:21+0000] [MainThread] [I] [toil.worker] Redirecting logging to /tmp/b95cae2eb2eb5572b8e926c980d64ec5/3f68/worker_log.txt
[2022-03-30T01:39:22+0000] [MainThread] [I] [toil.leader] Issued job 'EncapsulatedJob' kind-EncapsulatedJob/instance-rodm1c7h v2 with job batch system ID: 56 and cores: 1, disk: 2.0 Gi, and memory: 2.0 Gi
[2022-03-30T01:39:22+0000] [MainThread] [I] [toil.worker] Redirecting logging to /tmp/b95cae2eb2eb5572b8e926c980d64ec5/bc0d/worker_log.txt
[2022-03-30T01:39:22+0000] [MainThread] [I] [toil.leader] Issued job 'CactusBlastPhase' kind-CactusBlastPhase/instance-fc1rm_lq v2 with job batch system ID: 57 and cores: 1, disk: 2.0 Gi, and memory: 3.3 Gi
[2022-03-30T01:39:23+0000] [MainThread] [I] [toil.worker] Redirecting logging to /tmp/b95cae2eb2eb5572b8e926c980d64ec5/15bd/worker_log.txt
[2022-03-30T01:39:32+0000] [MainThread] [I] [toil.leader] Finished toil run successfully.
[2022-03-30T01:39:32+0000] [MainThread] [I] [toil.realtimeLogger] Stopping real-time logging server.
[2022-03-30T01:39:32+0000] [MainThread] [I] [toil.realtimeLogger] Joining real-time logging server thread.
[2022-03-30T01:49:38+0000] [MainThread] [I] [toil.common] Successfully deleted the job store: FileJobStore(/n/holylfs05/LABS/informatics/Users/gthomas/turtles/cactus/jobstore/8)
[2022-03-30T01:49:38+0000] [MainThread] [I] [toil.statsAndLogging] cactus-blast has finished after 41599.77191027999 seconds
real 41605.79
user 408061.07
sys 42593.64
