[2022-03-17T15:08:36+0000] [MainThread] [I] [toil.statsAndLogging] xmlRoot = <multi_cactus inputSequences="turtle-output/GCA_009430475.1_Amar_v1_genomic.fna turtle-output/Anc00.fa turtle-output/Anc01.fa turtle-output/Anc02.fa turtle-output/Anc03.fa turtle-output/Anc04.fa turtle-output/Anc05.fa turtle-output/Anc06.fa turtle-output/Anc07.fa turtle-output/Anc09.fa turtle-output/Anc10.fa turtle-output/Anc11.fa turtle-output/Anc12.fa turtle-output/Anc13.fa turtle-output/Anc14.fa turtle-output/Anc15.fa turtle-output/Anc16.fa turtle-output/Anc17.fa turtle-output/Anc18.fa turtle-output/Anc19.fa turtle-output/Anc20.fa turtle-output/GCA_003597395.1_ASM359739v1_genomic.fna turtle-output/GCA_007922185.1_Carettochelys_insculpta-1.0_genomic.fna turtle-output/GCA_003846335.1_ASM384633v1_genomic.fna turtle-output/GCF_015237465.2_rCheMyd1.pri.v2_genomic.fna turtle-output/GCA_000241765.3_Chrysemys_picta_BioNano-3.0.4_genomic.fna turtle-output/GCA_007922165.1_Chelydra_serpentina-1.0_genomic.fna turtle-output/GCF_009764565.3_rDerCor1.pri.v4_genomic.fna turtle-output/GCA_007922305.1_Dermatemys_mawii-1.0_genomic.fna turtle-output/GCA_007922225.1_Emydura_subglobosa-1.0_genomic.fna turtle-output/GCF_007399415.2_rGopEvg1_v1.p_genomic.fna turtle-output/LepKem1-11Jun2020.fasta.masked turtle-output/GCA_020497125.1_ASM2049712v1_genomic.fna turtle-output/GCF_016161935.1_ASM1616193v1_genomic.fna turtle-output/GCA_001728815.2_terp_v2_2_genomic.fna turtle-output/GCA_007922155.1_Mesoclemmys_tuberculata-1.0_genomic.fna turtle-output/GCA_007922175.1_Pelusios_castaneus-1.0_genomic.fna turtle-output/GCA_007922195.1_Podocnemis_expansa-1.0_genomic.fna turtle-output/GCA_003942145.1_ASM394214v1_genomic.fna turtle-output/GCA_000230535.1_PelSin_1.0_genomic.fna turtle-output/GCA_019425775.1_ASM1942577v1_genomic.fna turtle-output/GCF_013100865.1_CAS_Tse_1.0_genomic.fna" inputSequenceNames="Amarmorata Anc00 Anc01 Anc02 Anc03 Anc04 Anc05 Anc06 Anc07 Anc09 Anc10 Anc11 Anc12 Anc13 Anc14 Anc15 Anc16 Anc17 Anc18 Anc19 Anc20 Cabingdonii Cinsculpta Cmccordii Cmydas Cpicta Cserpentina Dcoriacea Dmawii Esubglobosa Gevgoodei Lkempii Mmutica Mreevesii Mterrapin Mtuberculata Pcastaneus Pexpansa Pmegacephalum Psinensis Rswinhoei Tscripta">
	<tree>((((Cmccordii:1.0,(Mmutica:1.0,Mreevesii:1.0)Anc14:1.0)Anc07:1.0,(Cabingdonii:1.0,Gevgoodei:1.0)Anc08:1.0)Anc03:1.0,((((Tscripta:1.0,Mterrapin:1.0)Anc19:1.0,Cpicta:1.0)Anc15:1.0,Amarmorata:1.0)Anc09:1.0,Pmegacephalum:1.0)Anc04:1.0)Anc01:1.0,((((Dmawii:1.0,Cserpentina:1.0)Anc16:1.0,((Cmydas:1.0,Lkempii:1.0)Anc20:1.0,Dcoriacea:1.0)Anc17:1.0)Anc10:1.0,((Psinensis:1.0,Rswinhoei:1.0)Anc18:1.0,Cinsculpta:1.0)Anc11:1.0)Anc05:1.0,((Esubglobosa:1.0,Mtuberculata:1.0)Anc12:1.0,(Pcastaneus:1.0,Pexpansa:1.0)Anc13:1.0)Anc06:1.0)Anc02:1.0)Anc00;</tree>
	<cactus name="Anc00" experiment_path="/tmp/tmprbtan4k4/progressiveAlignment/Anc00/Anc00_experiment.xml" />
	<cactus name="Anc01" experiment_path="/tmp/tmprbtan4k4/progressiveAlignment/Anc01/Anc01_experiment.xml" />
	<cactus name="Anc03" experiment_path="/tmp/tmprbtan4k4/progressiveAlignment/Anc03/Anc03_experiment.xml" />
	<cactus name="Anc07" experiment_path="/tmp/tmprbtan4k4/progressiveAlignment/Anc07/Anc07_experiment.xml" />
	<cactus name="Anc14" experiment_path="/tmp/tmprbtan4k4/progressiveAlignment/Anc14/Anc14_experiment.xml" />
	<cactus name="Anc08" experiment_path="/tmp/tmprbtan4k4/progressiveAlignment/Anc08/Anc08_experiment.xml" />
	<cactus name="Anc04" experiment_path="/tmp/tmprbtan4k4/progressiveAlignment/Anc04/Anc04_experiment.xml" />
	<cactus name="Anc09" experiment_path="/tmp/tmprbtan4k4/progressiveAlignment/Anc09/Anc09_experiment.xml" />
	<cactus name="Anc15" experiment_path="/tmp/tmprbtan4k4/progressiveAlignment/Anc15/Anc15_experiment.xml" />
	<cactus name="Anc19" experiment_path="/tmp/tmprbtan4k4/progressiveAlignment/Anc19/Anc19_experiment.xml" />
	<cactus name="Anc02" experiment_path="/tmp/tmprbtan4k4/progressiveAlignment/Anc02/Anc02_experiment.xml" />
	<cactus name="Anc05" experiment_path="/tmp/tmprbtan4k4/progressiveAlignment/Anc05/Anc05_experiment.xml" />
	<cactus name="Anc10" experiment_path="/tmp/tmprbtan4k4/progressiveAlignment/Anc10/Anc10_experiment.xml" />
	<cactus name="Anc16" experiment_path="/tmp/tmprbtan4k4/progressiveAlignment/Anc16/Anc16_experiment.xml" />
	<cactus name="Anc17" experiment_path="/tmp/tmprbtan4k4/progressiveAlignment/Anc17/Anc17_experiment.xml" />
	<cactus name="Anc20" experiment_path="/tmp/tmprbtan4k4/progressiveAlignment/Anc20/Anc20_experiment.xml" />
	<cactus name="Anc11" experiment_path="/tmp/tmprbtan4k4/progressiveAlignment/Anc11/Anc11_experiment.xml" />
	<cactus name="Anc18" experiment_path="/tmp/tmprbtan4k4/progressiveAlignment/Anc18/Anc18_experiment.xml" />
	<cactus name="Anc06" experiment_path="/tmp/tmprbtan4k4/progressiveAlignment/Anc06/Anc06_experiment.xml" />
	<cactus name="Anc12" experiment_path="/tmp/tmprbtan4k4/progressiveAlignment/Anc12/Anc12_experiment.xml" />
	<cactus name="Anc13" experiment_path="/tmp/tmprbtan4k4/progressiveAlignment/Anc13/Anc13_experiment.xml" />
</multi_cactus>
[2022-03-17T15:08:42+0000] [MainThread] [I] [toil.statsAndLogging] Importing file:///n/holylfs05/LABS/informatics/Users/gthomas/turtles/cactus/turtle-output/GCA_003597395.1_ASM359739v1_genomic.fna
[2022-03-17T15:08:42+0000] [MainThread] [I] [toil.statsAndLogging] Importing file:///n/holylfs05/LABS/informatics/Users/gthomas/turtles/cactus/turtle-output/GCF_007399415.2_rGopEvg1_v1.p_genomic.fna
[2022-03-17T15:08:42+0000] [MainThread] [I] [toil.job] Saving graph of 1 jobs, 1 new
[2022-03-17T15:08:42+0000] [MainThread] [I] [toil.job] Processing job 'run_batch_align_jobs' kind-run_batch_align_jobs/instance-1isdo9tv v0
[2022-03-17T15:08:42+0000] [MainThread] [I] [toil] Running Toil version 5.6.0-c34146a6437e4407a61e946e968bcce67a0ebbca on host holygpu7c26106.rc.fas.harvard.edu.
[2022-03-17T15:08:42+0000] [MainThread] [I] [toil.realtimeLogger] Starting real-time logging.
[2022-03-17T15:08:42+0000] [MainThread] [I] [toil.leader] Issued job 'run_batch_align_jobs' kind-run_batch_align_jobs/instance-1isdo9tv v1 with job batch system ID: 0 and cores: 1, disk: 2.0 Gi, and memory: 2.0 Gi
[2022-03-17T15:08:43+0000] [MainThread] [I] [toil.worker] Redirecting logging to /tmp/06468da7ee9150aa976f72ff4594a18a/7f38/worker_log.txt
[2022-03-17T15:08:44+0000] [MainThread] [I] [toil.leader] 0 jobs are running, 0 jobs are issued and waiting to run
[2022-03-17T15:08:44+0000] [MainThread] [I] [toil.leader] Issued job 'run_cactus_align' kind-run_cactus_align/instance-jza1ra0z v1 with job batch system ID: 1 and cores: 1, disk: 2.0 Gi, and memory: 2.0 Gi
[2022-03-17T15:08:45+0000] [MainThread] [I] [toil.worker] Redirecting logging to /tmp/06468da7ee9150aa976f72ff4594a18a/7c20/worker_log.txt
[2022-03-17T15:08:45+0000] [MainThread] [I] [toil.leader] Issued job 'Job' kind-Job/instance-6mjqzl5f v1 with job batch system ID: 2 and cores: 1, disk: 2.0 Gi, and memory: 2.0 Gi
[2022-03-17T15:08:46+0000] [MainThread] [I] [toil.worker] Redirecting logging to /tmp/06468da7ee9150aa976f72ff4594a18a/cf1a/worker_log.txt
[2022-03-17T15:08:46+0000] [MainThread] [I] [toil.leader] Issued job 'preprocess_input_sequences' kind-preprocess_input_sequences/instance-tbaxe_qv v1 with job batch system ID: 3 and cores: 1, disk: 2.0 Gi, and memory: 2.0 Gi
[2022-03-17T15:08:47+0000] [MainThread] [I] [toil.worker] Redirecting logging to /tmp/06468da7ee9150aa976f72ff4594a18a/e9f8/worker_log.txt
[2022-03-17T15:08:47+0000] [MainThread] [I] [toil.leader] Issued job 'Job' kind-Job/instance-hqtb8fqq v1 with job batch system ID: 4 and cores: 1, disk: 2.0 Gi, and memory: 2.0 Gi
[2022-03-17T15:08:48+0000] [MainThread] [I] [toil.worker] Redirecting logging to /tmp/06468da7ee9150aa976f72ff4594a18a/5a49/worker_log.txt
[2022-03-17T15:08:48+0000] [MainThread] [I] [toil.leader] Issued job 'resolve_id_promises' kind-resolve_id_promises/instance-736vbhw5 v1 with job batch system ID: 5 and cores: 1, disk: 2.0 Gi, and memory: 2.0 Gi
[2022-03-17T15:08:48+0000] [MainThread] [I] [toil.worker] Redirecting logging to /tmp/06468da7ee9150aa976f72ff4594a18a/bdaa/worker_log.txt
[2022-03-17T15:08:49+0000] [MainThread] [I] [toil.leader] Issued job 'Job' kind-Job/instance-hqtb8fqq v2 with job batch system ID: 6 and cores: 1, disk: 2.0 Gi, and memory: 2.0 Gi
[2022-03-17T15:08:49+0000] [MainThread] [I] [toil.worker] Redirecting logging to /tmp/06468da7ee9150aa976f72ff4594a18a/27b5/worker_log.txt
[2022-03-17T15:08:50+0000] [MainThread] [I] [toil.leader] Issued job 'preprocess_input_sequences' kind-preprocess_input_sequences/instance-tbaxe_qv v2 with job batch system ID: 7 and cores: 1, disk: 2.0 Gi, and memory: 2.0 Gi
[2022-03-17T15:08:50+0000] [MainThread] [I] [toil.worker] Redirecting logging to /tmp/06468da7ee9150aa976f72ff4594a18a/8f7f/worker_log.txt
[2022-03-17T15:08:50+0000] [MainThread] [I] [toil.leader] Issued job 'run_prepend_unique_ids' kind-run_prepend_unique_ids/instance-i7pcqfzs v1 with job batch system ID: 8 and cores: 1, disk: 2.0 Gi, and memory: 2.0 Gi
[2022-03-17T15:08:51+0000] [MainThread] [I] [toil.worker] Redirecting logging to /tmp/06468da7ee9150aa976f72ff4594a18a/cf35/worker_log.txt
[2022-03-17T15:09:17+0000] [Thread-4  ] [W] [toil.statsAndLogging] Got message from job at time 03-17-2022 15:09:17: Job used more disk than requested. For CWL, consider increasing the outdirMin requirement, otherwise, consider increasing the disk requirement. Job files/for-job/kind-run_prepend_unique_ids/instance-i7pcqfzs/cleanup/file-29e2073d5662494287a51f9a53fb7050/stream used 432.65% disk (8.7 GiB [9291038720B] used, 2.0 GiB [2147483648B] requested).
[2022-03-17T15:09:18+0000] [MainThread] [I] [toil.leader] Issued job 'run_setup_phase' kind-run_setup_phase/instance-a2suhq_1 v1 with job batch system ID: 9 and cores: 1, disk: 2.0 Gi, and memory: 2.0 Gi
[2022-03-17T15:09:18+0000] [MainThread] [I] [toil.worker] Redirecting logging to /tmp/06468da7ee9150aa976f72ff4594a18a/99ab/worker_log.txt
[2022-03-17T15:09:19+0000] [MainThread] [I] [toil.leader] Issued job 'CactusConsolidated' kind-CactusConsolidated/instance-_t3kx392 v1 with job batch system ID: 10 and cores: 32, disk: 13.0 Gi, and memory: 78.1 Gi
[2022-03-17T15:09:19+0000] [MainThread] [I] [toil.worker] Redirecting logging to /tmp/06468da7ee9150aa976f72ff4594a18a/9ef6/worker_log.txt
[2022-03-17T15:13:22+0000] [Thread-1  ] [E] [toil.batchSystems.singleMachine] Got exit code 1 (indicating failure) from job _toil_worker CactusConsolidated file:/n/holylfs05/LABS/informatics/Users/gthomas/turtles/cactus/jobstore/9 kind-CactusConsolidated/instance-_t3kx392.
[2022-03-17T15:13:22+0000] [MainThread] [W] [toil.leader] Job failed with exit value 1: 'CactusConsolidated' kind-CactusConsolidated/instance-_t3kx392 v1
Exit reason: None
[2022-03-17T15:13:22+0000] [MainThread] [W] [toil.leader] The job seems to have left a log file, indicating failure: 'CactusConsolidated' kind-CactusConsolidated/instance-_t3kx392 v2
[2022-03-17T15:13:22+0000] [MainThread] [W] [toil.leader] Log from job "kind-CactusConsolidated/instance-_t3kx392" follows:
=========>
	[2022-03-17T15:09:19+0000] [MainThread] [I] [toil.worker] ---TOIL WORKER OUTPUT LOG---
	[2022-03-17T15:09:19+0000] [MainThread] [I] [toil] Running Toil version 5.6.0-c34146a6437e4407a61e946e968bcce67a0ebbca on host holygpu7c26106.rc.fas.harvard.edu.
	[2022-03-17T15:09:19+0000] [MainThread] [I] [toil.worker] Working on job 'CactusConsolidated' kind-CactusConsolidated/instance-_t3kx392 v1
	[2022-03-17T15:09:20+0000] [MainThread] [I] [toil.worker] Loaded body Job('CactusConsolidated' kind-CactusConsolidated/instance-_t3kx392 v1) from description 'CactusConsolidated' kind-CactusConsolidated/instance-_t3kx392 v1
	[2022-03-17T15:09:49+0000] [MainThread] [I] [toil.statsAndLogging] Alignments file: /tmp/06468da7ee9150aa976f72ff4594a18a/9ef6/fcf9/tmph0ibz1c1.tmp
	[2022-03-17T15:13:19+0000] [MainThread] [W] [toil.fileStores.abstractFileStore] Failed job accessed files:
	[2022-03-17T15:13:19+0000] [MainThread] [W] [toil.fileStores.abstractFileStore] Downloaded file 'files/for-job/kind-run_prepend_unique_ids/instance-i7pcqfzs/cleanup/file-4ce594f88940413aa59eee66688de692/tmpd1oh8lsl.tmp.fa' to path '/tmp/06468da7ee9150aa976f72ff4594a18a/9ef6/fcf9/tmpq3a9buho.tmp'
	[2022-03-17T15:13:19+0000] [MainThread] [W] [toil.fileStores.abstractFileStore] Downloaded file 'files/no-job/file-73f244e7c83d47009d0fa03ec5708f7e/Anc08.cigar.og_fragment_0' to path '/tmp/06468da7ee9150aa976f72ff4594a18a/9ef6/fcf9/tmpgdjm73zz.tmp'
	[2022-03-17T15:13:19+0000] [MainThread] [W] [toil.fileStores.abstractFileStore] Downloaded file 'files/for-job/kind-run_prepend_unique_ids/instance-i7pcqfzs/cleanup/file-3055a9fc4078484c96efd033a2fdcbbd/tmpisdnpr_8.tmp.fa' to path '/tmp/06468da7ee9150aa976f72ff4594a18a/9ef6/fcf9/tmpln2lw13r.tmp'
	[2022-03-17T15:13:19+0000] [MainThread] [W] [toil.fileStores.abstractFileStore] Downloaded file 'files/no-job/file-56618319d46d43fd84aebc66e92f97b6/Anc08.cigar.og_fragment_2' to path '/tmp/06468da7ee9150aa976f72ff4594a18a/9ef6/fcf9/tmpywisj0nu.tmp'
	[2022-03-17T15:13:19+0000] [MainThread] [W] [toil.fileStores.abstractFileStore] Downloaded file 'files/no-job/file-cd9242fc761f415c94197c3fd9839259/Anc08.cigar.og_fragment_1' to path '/tmp/06468da7ee9150aa976f72ff4594a18a/9ef6/fcf9/tmpnd_8afk0.tmp'
	[2022-03-17T15:13:19+0000] [MainThread] [W] [toil.fileStores.abstractFileStore] Downloaded file 'files/no-job/file-1328db82774c451592a994d2412e9bf3/Anc08.cigar' to path '/tmp/06468da7ee9150aa976f72ff4594a18a/9ef6/fcf9/tmph0ibz1c1.tmp'
	[2022-03-17T15:13:19+0000] [MainThread] [W] [toil.fileStores.abstractFileStore] LOG-TO-MASTER: Job used more disk than requested. For CWL, consider increasing the outdirMin requirement, otherwise, consider increasing the disk requirement. Job files/for-job/kind-CactusConsolidated/instance-_t3kx392/cleanup/file-3a1d54aba9f24c67b835bf7f83efbc8a/stream used 177.94% disk (23.1 GiB [24798830592B] used, 13.0 GiB [13936453932B] requested).
	Traceback (most recent call last):
	  File "/usr/local/lib/python3.8/dist-packages/toil/worker.py", line 405, in workerScript
	    job._runner(jobGraph=None, jobStore=jobStore, fileStore=fileStore, defer=defer)
	  File "/usr/local/lib/python3.8/dist-packages/cactus/shared/common.py", line 943, in _runner
	    super(RoundedJob, self)._runner(*args, jobStore=jobStore,
	  File "/usr/local/lib/python3.8/dist-packages/toil/job.py", line 2399, in _runner
	    returnValues = self._run(jobGraph=None, fileStore=fileStore)
	  File "/usr/local/lib/python3.8/dist-packages/toil/job.py", line 2317, in _run
	    return self.run(fileStore)
	  File "/usr/local/lib/python3.8/dist-packages/cactus/pipeline/cactus_workflow.py", line 393, in run
	    secondaryAlignments = fileStore.readGlobalFile(self.cactusWorkflowArguments.secondaryAlignmentsID)
	  File "/usr/local/lib/python3.8/dist-packages/toil/fileStores/nonCachingFileStore.py", line 111, in readGlobalFile
	    self.jobStore.read_file(fileStoreID, localFilePath, symlink=symlink)
	  File "/usr/local/lib/python3.8/dist-packages/toil/jobStores/fileJobStore.py", line 513, in read_file
	    atomic_copy(jobStoreFilePath, local_path, executable=executable)
	  File "/usr/local/lib/python3.8/dist-packages/toil/lib/io.py", line 112, in atomic_copy
	    shutil.copyfile(src_path, dest_path_tmp)
	  File "/usr/lib/python3.8/shutil.py", line 270, in copyfile
	    _fastcopy_sendfile(fsrc, fdst)
	  File "/usr/lib/python3.8/shutil.py", line 163, in _fastcopy_sendfile
	    raise err from None
	  File "/usr/lib/python3.8/shutil.py", line 149, in _fastcopy_sendfile
	    sent = os.sendfile(outfd, infd, offset, blocksize)
	OSError: [Errno 28] No space left on device: '/n/holylfs05/LABS/informatics/Users/gthomas/turtles/cactus/turtle-output/Anc08.cigar.secondary' -> '/tmp/06468da7ee9150aa976f72ff4594a18a/9ef6/fcf9/tmpq7p55yt_.tmp.a7d01da7-b5ed-441a-a9df-443647def3ad.tmp.tmp'
	[2022-03-17T15:13:19+0000] [MainThread] [E] [toil.worker] Exiting the worker because of a failed job on host holygpu7c26106.rc.fas.harvard.edu
<=========
[2022-03-17T15:13:22+0000] [MainThread] [W] [toil.job] Due to failure we are reducing the remaining try count of job 'CactusConsolidated' kind-CactusConsolidated/instance-_t3kx392 v2 with ID kind-CactusConsolidated/instance-_t3kx392 to 0
[2022-03-17T15:13:22+0000] [MainThread] [W] [toil.leader] Job 'CactusConsolidated' kind-CactusConsolidated/instance-_t3kx392 v3 is completely failed
[2022-03-17T15:13:35+0000] [MainThread] [I] [toil.leader] Finished toil run with 6 failed jobs.
[2022-03-17T15:13:35+0000] [MainThread] [I] [toil.leader] Failed jobs at end of the run: 'run_prepend_unique_ids' kind-run_prepend_unique_ids/instance-i7pcqfzs v3 'Job' kind-Job/instance-6mjqzl5f v2 'run_setup_phase' kind-run_setup_phase/instance-a2suhq_1 v3 'run_batch_align_jobs' kind-run_batch_align_jobs/instance-1isdo9tv v2 'run_cactus_align' kind-run_cactus_align/instance-jza1ra0z v2 'CactusConsolidated' kind-CactusConsolidated/instance-_t3kx392 v3
[2022-03-17T15:13:35+0000] [MainThread] [I] [toil.realtimeLogger] Stopping real-time logging server.
[2022-03-17T15:13:35+0000] [MainThread] [I] [toil.realtimeLogger] Joining real-time logging server thread.
Traceback (most recent call last):
  File "/usr/local/bin/cactus-align", line 8, in <module>
    sys.exit(main())
  File "/usr/local/lib/python3.8/dist-packages/cactus/setup/cactus_align.py", line 177, in main
    results_dict = toil.start(Job.wrapJobFn(run_batch_align_jobs, align_jobs))
  File "/usr/local/lib/python3.8/dist-packages/toil/common.py", line 951, in start
    return self._runMainLoop(rootJobDescription)
  File "/usr/local/lib/python3.8/dist-packages/toil/common.py", line 1273, in _runMainLoop
    return Leader(config=self.config,
  File "/usr/local/lib/python3.8/dist-packages/toil/leader.py", line 289, in run
    raise FailedJobsException(self.jobStore, failed_jobs, exit_code=self.recommended_fail_exit_code)
toil.leader.FailedJobsException: The job store '/n/holylfs05/LABS/informatics/Users/gthomas/turtles/cactus/jobstore/9' contains 6 failed jobs: 'run_prepend_unique_ids' kind-run_prepend_unique_ids/instance-i7pcqfzs v3, 'Job' kind-Job/instance-6mjqzl5f v2, 'run_setup_phase' kind-run_setup_phase/instance-a2suhq_1 v3, 'run_batch_align_jobs' kind-run_batch_align_jobs/instance-1isdo9tv v2, 'run_cactus_align' kind-run_cactus_align/instance-jza1ra0z v2, 'CactusConsolidated' kind-CactusConsolidated/instance-_t3kx392 v3
Log from job "'CactusConsolidated' kind-CactusConsolidated/instance-_t3kx392 v3" follows:
=========>
	[2022-03-17T15:09:19+0000] [MainThread] [I] [toil.worker] ---TOIL WORKER OUTPUT LOG---
	[2022-03-17T15:09:19+0000] [MainThread] [I] [toil] Running Toil version 5.6.0-c34146a6437e4407a61e946e968bcce67a0ebbca on host holygpu7c26106.rc.fas.harvard.edu.
	[2022-03-17T15:09:19+0000] [MainThread] [I] [toil.worker] Working on job 'CactusConsolidated' kind-CactusConsolidated/instance-_t3kx392 v1
	[2022-03-17T15:09:20+0000] [MainThread] [I] [toil.worker] Loaded body Job('CactusConsolidated' kind-CactusConsolidated/instance-_t3kx392 v1) from description 'CactusConsolidated' kind-CactusConsolidated/instance-_t3kx392 v1
	[2022-03-17T15:09:49+0000] [MainThread] [I] [toil.statsAndLogging] Alignments file: /tmp/06468da7ee9150aa976f72ff4594a18a/9ef6/fcf9/tmph0ibz1c1.tmp
	[2022-03-17T15:13:19+0000] [MainThread] [W] [toil.fileStores.abstractFileStore] Failed job accessed files:
	[2022-03-17T15:13:19+0000] [MainThread] [W] [toil.fileStores.abstractFileStore] Downloaded file 'files/for-job/kind-run_prepend_unique_ids/instance-i7pcqfzs/cleanup/file-4ce594f88940413aa59eee66688de692/tmpd1oh8lsl.tmp.fa' to path '/tmp/06468da7ee9150aa976f72ff4594a18a/9ef6/fcf9/tmpq3a9buho.tmp'
	[2022-03-17T15:13:19+0000] [MainThread] [W] [toil.fileStores.abstractFileStore] Downloaded file 'files/no-job/file-73f244e7c83d47009d0fa03ec5708f7e/Anc08.cigar.og_fragment_0' to path '/tmp/06468da7ee9150aa976f72ff4594a18a/9ef6/fcf9/tmpgdjm73zz.tmp'
	[2022-03-17T15:13:19+0000] [MainThread] [W] [toil.fileStores.abstractFileStore] Downloaded file 'files/for-job/kind-run_prepend_unique_ids/instance-i7pcqfzs/cleanup/file-3055a9fc4078484c96efd033a2fdcbbd/tmpisdnpr_8.tmp.fa' to path '/tmp/06468da7ee9150aa976f72ff4594a18a/9ef6/fcf9/tmpln2lw13r.tmp'
	[2022-03-17T15:13:19+0000] [MainThread] [W] [toil.fileStores.abstractFileStore] Downloaded file 'files/no-job/file-56618319d46d43fd84aebc66e92f97b6/Anc08.cigar.og_fragment_2' to path '/tmp/06468da7ee9150aa976f72ff4594a18a/9ef6/fcf9/tmpywisj0nu.tmp'
	[2022-03-17T15:13:19+0000] [MainThread] [W] [toil.fileStores.abstractFileStore] Downloaded file 'files/no-job/file-cd9242fc761f415c94197c3fd9839259/Anc08.cigar.og_fragment_1' to path '/tmp/06468da7ee9150aa976f72ff4594a18a/9ef6/fcf9/tmpnd_8afk0.tmp'
	[2022-03-17T15:13:19+0000] [MainThread] [W] [toil.fileStores.abstractFileStore] Downloaded file 'files/no-job/file-1328db82774c451592a994d2412e9bf3/Anc08.cigar' to path '/tmp/06468da7ee9150aa976f72ff4594a18a/9ef6/fcf9/tmph0ibz1c1.tmp'
	[2022-03-17T15:13:19+0000] [MainThread] [W] [toil.fileStores.abstractFileStore] LOG-TO-MASTER: Job used more disk than requested. For CWL, consider increasing the outdirMin requirement, otherwise, consider increasing the disk requirement. Job files/for-job/kind-CactusConsolidated/instance-_t3kx392/cleanup/file-3a1d54aba9f24c67b835bf7f83efbc8a/stream used 177.94% disk (23.1 GiB [24798830592B] used, 13.0 GiB [13936453932B] requested).
	Traceback (most recent call last):
	  File "/usr/local/lib/python3.8/dist-packages/toil/worker.py", line 405, in workerScript
	    job._runner(jobGraph=None, jobStore=jobStore, fileStore=fileStore, defer=defer)
	  File "/usr/local/lib/python3.8/dist-packages/cactus/shared/common.py", line 943, in _runner
	    super(RoundedJob, self)._runner(*args, jobStore=jobStore,
	  File "/usr/local/lib/python3.8/dist-packages/toil/job.py", line 2399, in _runner
	    returnValues = self._run(jobGraph=None, fileStore=fileStore)
	  File "/usr/local/lib/python3.8/dist-packages/toil/job.py", line 2317, in _run
	    return self.run(fileStore)
	  File "/usr/local/lib/python3.8/dist-packages/cactus/pipeline/cactus_workflow.py", line 393, in run
	    secondaryAlignments = fileStore.readGlobalFile(self.cactusWorkflowArguments.secondaryAlignmentsID)
	  File "/usr/local/lib/python3.8/dist-packages/toil/fileStores/nonCachingFileStore.py", line 111, in readGlobalFile
	    self.jobStore.read_file(fileStoreID, localFilePath, symlink=symlink)
	  File "/usr/local/lib/python3.8/dist-packages/toil/jobStores/fileJobStore.py", line 513, in read_file
	    atomic_copy(jobStoreFilePath, local_path, executable=executable)
	  File "/usr/local/lib/python3.8/dist-packages/toil/lib/io.py", line 112, in atomic_copy
	    shutil.copyfile(src_path, dest_path_tmp)
	  File "/usr/lib/python3.8/shutil.py", line 270, in copyfile
	    _fastcopy_sendfile(fsrc, fdst)
	  File "/usr/lib/python3.8/shutil.py", line 163, in _fastcopy_sendfile
	    raise err from None
	  File "/usr/lib/python3.8/shutil.py", line 149, in _fastcopy_sendfile
	    sent = os.sendfile(outfd, infd, offset, blocksize)
	OSError: [Errno 28] No space left on device: '/n/holylfs05/LABS/informatics/Users/gthomas/turtles/cactus/turtle-output/Anc08.cigar.secondary' -> '/tmp/06468da7ee9150aa976f72ff4594a18a/9ef6/fcf9/tmpq7p55yt_.tmp.a7d01da7-b5ed-441a-a9df-443647def3ad.tmp.tmp'
	[2022-03-17T15:13:19+0000] [MainThread] [E] [toil.worker] Exiting the worker because of a failed job on host holygpu7c26106.rc.fas.harvard.edu
<=========
real 306.17
user 20.64
sys 82.64
