INFO:    Could not find any nv files on this host!
[2022-03-17T15:52:17+0000] [MainThread] [I] [toil.statsAndLogging] xmlRoot = <multi_cactus inputSequences="turtle-output/GCA_009430475.1_Amar_v1_genomic.fna turtle-output/Anc00.fa turtle-output/Anc01.fa turtle-output/Anc02.fa turtle-output/Anc03.fa turtle-output/Anc04.fa turtle-output/Anc05.fa turtle-output/Anc06.fa turtle-output/Anc07.fa turtle-output/Anc09.fa turtle-output/Anc10.fa turtle-output/Anc11.fa turtle-output/Anc12.fa turtle-output/Anc13.fa turtle-output/Anc14.fa turtle-output/Anc15.fa turtle-output/Anc16.fa turtle-output/Anc17.fa turtle-output/Anc18.fa turtle-output/Anc19.fa turtle-output/Anc20.fa turtle-output/GCA_003597395.1_ASM359739v1_genomic.fna turtle-output/GCA_007922185.1_Carettochelys_insculpta-1.0_genomic.fna turtle-output/GCA_003846335.1_ASM384633v1_genomic.fna turtle-output/GCF_015237465.2_rCheMyd1.pri.v2_genomic.fna turtle-output/GCA_000241765.3_Chrysemys_picta_BioNano-3.0.4_genomic.fna turtle-output/GCA_007922165.1_Chelydra_serpentina-1.0_genomic.fna turtle-output/GCF_009764565.3_rDerCor1.pri.v4_genomic.fna turtle-output/GCA_007922305.1_Dermatemys_mawii-1.0_genomic.fna turtle-output/GCA_007922225.1_Emydura_subglobosa-1.0_genomic.fna turtle-output/GCF_007399415.2_rGopEvg1_v1.p_genomic.fna turtle-output/LepKem1-11Jun2020.fasta.masked turtle-output/GCA_020497125.1_ASM2049712v1_genomic.fna turtle-output/GCF_016161935.1_ASM1616193v1_genomic.fna turtle-output/GCA_001728815.2_terp_v2_2_genomic.fna turtle-output/GCA_007922155.1_Mesoclemmys_tuberculata-1.0_genomic.fna turtle-output/GCA_007922175.1_Pelusios_castaneus-1.0_genomic.fna turtle-output/GCA_007922195.1_Podocnemis_expansa-1.0_genomic.fna turtle-output/GCA_003942145.1_ASM394214v1_genomic.fna turtle-output/GCA_000230535.1_PelSin_1.0_genomic.fna turtle-output/GCA_019425775.1_ASM1942577v1_genomic.fna turtle-output/GCF_013100865.1_CAS_Tse_1.0_genomic.fna" inputSequenceNames="Amarmorata Anc00 Anc01 Anc02 Anc03 Anc04 Anc05 Anc06 Anc07 Anc09 Anc10 Anc11 Anc12 Anc13 Anc14 Anc15 Anc16 Anc17 Anc18 Anc19 Anc20 Cabingdonii Cinsculpta Cmccordii Cmydas Cpicta Cserpentina Dcoriacea Dmawii Esubglobosa Gevgoodei Lkempii Mmutica Mreevesii Mterrapin Mtuberculata Pcastaneus Pexpansa Pmegacephalum Psinensis Rswinhoei Tscripta">
	<tree>((((Cmccordii:1.0,(Mmutica:1.0,Mreevesii:1.0)Anc14:1.0)Anc07:1.0,(Cabingdonii:1.0,Gevgoodei:1.0)Anc08:1.0)Anc03:1.0,((((Tscripta:1.0,Mterrapin:1.0)Anc19:1.0,Cpicta:1.0)Anc15:1.0,Amarmorata:1.0)Anc09:1.0,Pmegacephalum:1.0)Anc04:1.0)Anc01:1.0,((((Dmawii:1.0,Cserpentina:1.0)Anc16:1.0,((Cmydas:1.0,Lkempii:1.0)Anc20:1.0,Dcoriacea:1.0)Anc17:1.0)Anc10:1.0,((Psinensis:1.0,Rswinhoei:1.0)Anc18:1.0,Cinsculpta:1.0)Anc11:1.0)Anc05:1.0,((Esubglobosa:1.0,Mtuberculata:1.0)Anc12:1.0,(Pcastaneus:1.0,Pexpansa:1.0)Anc13:1.0)Anc06:1.0)Anc02:1.0)Anc00;</tree>
	<cactus name="Anc00" experiment_path="/tmp/tmpkz1wz2t3/progressiveAlignment/Anc00/Anc00_experiment.xml" />
	<cactus name="Anc01" experiment_path="/tmp/tmpkz1wz2t3/progressiveAlignment/Anc01/Anc01_experiment.xml" />
	<cactus name="Anc03" experiment_path="/tmp/tmpkz1wz2t3/progressiveAlignment/Anc03/Anc03_experiment.xml" />
	<cactus name="Anc07" experiment_path="/tmp/tmpkz1wz2t3/progressiveAlignment/Anc07/Anc07_experiment.xml" />
	<cactus name="Anc14" experiment_path="/tmp/tmpkz1wz2t3/progressiveAlignment/Anc14/Anc14_experiment.xml" />
	<cactus name="Anc08" experiment_path="/tmp/tmpkz1wz2t3/progressiveAlignment/Anc08/Anc08_experiment.xml" />
	<cactus name="Anc04" experiment_path="/tmp/tmpkz1wz2t3/progressiveAlignment/Anc04/Anc04_experiment.xml" />
	<cactus name="Anc09" experiment_path="/tmp/tmpkz1wz2t3/progressiveAlignment/Anc09/Anc09_experiment.xml" />
	<cactus name="Anc15" experiment_path="/tmp/tmpkz1wz2t3/progressiveAlignment/Anc15/Anc15_experiment.xml" />
	<cactus name="Anc19" experiment_path="/tmp/tmpkz1wz2t3/progressiveAlignment/Anc19/Anc19_experiment.xml" />
	<cactus name="Anc02" experiment_path="/tmp/tmpkz1wz2t3/progressiveAlignment/Anc02/Anc02_experiment.xml" />
	<cactus name="Anc05" experiment_path="/tmp/tmpkz1wz2t3/progressiveAlignment/Anc05/Anc05_experiment.xml" />
	<cactus name="Anc10" experiment_path="/tmp/tmpkz1wz2t3/progressiveAlignment/Anc10/Anc10_experiment.xml" />
	<cactus name="Anc16" experiment_path="/tmp/tmpkz1wz2t3/progressiveAlignment/Anc16/Anc16_experiment.xml" />
	<cactus name="Anc17" experiment_path="/tmp/tmpkz1wz2t3/progressiveAlignment/Anc17/Anc17_experiment.xml" />
	<cactus name="Anc20" experiment_path="/tmp/tmpkz1wz2t3/progressiveAlignment/Anc20/Anc20_experiment.xml" />
	<cactus name="Anc11" experiment_path="/tmp/tmpkz1wz2t3/progressiveAlignment/Anc11/Anc11_experiment.xml" />
	<cactus name="Anc18" experiment_path="/tmp/tmpkz1wz2t3/progressiveAlignment/Anc18/Anc18_experiment.xml" />
	<cactus name="Anc06" experiment_path="/tmp/tmpkz1wz2t3/progressiveAlignment/Anc06/Anc06_experiment.xml" />
	<cactus name="Anc12" experiment_path="/tmp/tmpkz1wz2t3/progressiveAlignment/Anc12/Anc12_experiment.xml" />
	<cactus name="Anc13" experiment_path="/tmp/tmpkz1wz2t3/progressiveAlignment/Anc13/Anc13_experiment.xml" />
</multi_cactus>
[2022-03-17T15:52:24+0000] [MainThread] [I] [toil.statsAndLogging] Importing file:///n/holylfs05/LABS/informatics/Users/gthomas/turtles/cactus/turtle-output/GCA_003597395.1_ASM359739v1_genomic.fna
[2022-03-17T15:52:24+0000] [MainThread] [I] [toil.statsAndLogging] Importing file:///n/holylfs05/LABS/informatics/Users/gthomas/turtles/cactus/turtle-output/GCF_007399415.2_rGopEvg1_v1.p_genomic.fna
[2022-03-17T15:52:24+0000] [MainThread] [I] [toil.job] Saving graph of 1 jobs, 1 new
[2022-03-17T15:52:24+0000] [MainThread] [I] [toil.job] Processing job 'run_batch_align_jobs' kind-run_batch_align_jobs/instance-n600u71k v0
[2022-03-17T15:52:24+0000] [MainThread] [I] [toil] Running Toil version 5.6.0-c34146a6437e4407a61e946e968bcce67a0ebbca on host holy7c16412.rc.fas.harvard.edu.
[2022-03-17T15:52:24+0000] [MainThread] [I] [toil.realtimeLogger] Starting real-time logging.
[2022-03-17T15:52:24+0000] [MainThread] [I] [toil.leader] Issued job 'run_batch_align_jobs' kind-run_batch_align_jobs/instance-n600u71k v1 with job batch system ID: 0 and cores: 1, disk: 30.0 Gi, and memory: 2.0 Gi
[2022-03-17T15:52:25+0000] [MainThread] [I] [toil.worker] Redirecting logging to /tmp/32332f89ff345074b53d405d2fb98790/d1b6/worker_log.txt
[2022-03-17T15:52:26+0000] [MainThread] [I] [toil.leader] 0 jobs are running, 0 jobs are issued and waiting to run
[2022-03-17T15:52:26+0000] [MainThread] [I] [toil.leader] Issued job 'run_cactus_align' kind-run_cactus_align/instance-wnabh1__ v1 with job batch system ID: 1 and cores: 1, disk: 30.0 Gi, and memory: 2.0 Gi
[2022-03-17T15:52:26+0000] [MainThread] [I] [toil.worker] Redirecting logging to /tmp/32332f89ff345074b53d405d2fb98790/fddc/worker_log.txt
[2022-03-17T15:52:27+0000] [MainThread] [I] [toil.leader] Issued job 'Job' kind-Job/instance-zqlyj4go v1 with job batch system ID: 2 and cores: 1, disk: 30.0 Gi, and memory: 2.0 Gi
[2022-03-17T15:52:27+0000] [MainThread] [I] [toil.worker] Redirecting logging to /tmp/32332f89ff345074b53d405d2fb98790/9b9b/worker_log.txt
[2022-03-17T15:52:28+0000] [MainThread] [I] [toil.leader] Issued job 'preprocess_input_sequences' kind-preprocess_input_sequences/instance-_ub5gqa6 v1 with job batch system ID: 3 and cores: 1, disk: 30.0 Gi, and memory: 2.0 Gi
[2022-03-17T15:52:28+0000] [MainThread] [I] [toil.worker] Redirecting logging to /tmp/32332f89ff345074b53d405d2fb98790/c1b4/worker_log.txt
[2022-03-17T15:52:29+0000] [MainThread] [I] [toil.leader] Issued job 'Job' kind-Job/instance-9znoyvp5 v1 with job batch system ID: 4 and cores: 1, disk: 30.0 Gi, and memory: 2.0 Gi
[2022-03-17T15:52:29+0000] [MainThread] [I] [toil.worker] Redirecting logging to /tmp/32332f89ff345074b53d405d2fb98790/1ff6/worker_log.txt
[2022-03-17T15:52:30+0000] [MainThread] [I] [toil.leader] Issued job 'resolve_id_promises' kind-resolve_id_promises/instance-bdy_5o96 v1 with job batch system ID: 5 and cores: 1, disk: 30.0 Gi, and memory: 2.0 Gi
[2022-03-17T15:52:30+0000] [MainThread] [I] [toil.worker] Redirecting logging to /tmp/32332f89ff345074b53d405d2fb98790/a9d3/worker_log.txt
[2022-03-17T15:52:31+0000] [MainThread] [I] [toil.leader] Issued job 'Job' kind-Job/instance-9znoyvp5 v2 with job batch system ID: 6 and cores: 1, disk: 30.0 Gi, and memory: 2.0 Gi
[2022-03-17T15:52:31+0000] [MainThread] [I] [toil.worker] Redirecting logging to /tmp/32332f89ff345074b53d405d2fb98790/c78b/worker_log.txt
[2022-03-17T15:52:31+0000] [MainThread] [I] [toil.leader] Issued job 'preprocess_input_sequences' kind-preprocess_input_sequences/instance-_ub5gqa6 v2 with job batch system ID: 7 and cores: 1, disk: 30.0 Gi, and memory: 2.0 Gi
[2022-03-17T15:52:32+0000] [MainThread] [I] [toil.worker] Redirecting logging to /tmp/32332f89ff345074b53d405d2fb98790/7340/worker_log.txt
[2022-03-17T15:52:32+0000] [MainThread] [I] [toil.leader] Issued job 'run_prepend_unique_ids' kind-run_prepend_unique_ids/instance-y9uen105 v1 with job batch system ID: 8 and cores: 1, disk: 30.0 Gi, and memory: 2.0 Gi
[2022-03-17T15:52:33+0000] [MainThread] [I] [toil.worker] Redirecting logging to /tmp/32332f89ff345074b53d405d2fb98790/0eb0/worker_log.txt
[2022-03-17T15:53:02+0000] [MainThread] [I] [toil.leader] Issued job 'run_setup_phase' kind-run_setup_phase/instance-sk6hohyk v1 with job batch system ID: 9 and cores: 1, disk: 30.0 Gi, and memory: 2.0 Gi
[2022-03-17T15:53:03+0000] [MainThread] [I] [toil.worker] Redirecting logging to /tmp/32332f89ff345074b53d405d2fb98790/5d01/worker_log.txt
[2022-03-17T15:53:03+0000] [MainThread] [I] [toil.leader] Issued job 'CactusConsolidated' kind-CactusConsolidated/instance-6swdd9w9 v1 with job batch system ID: 10 and cores: 32, disk: 13.0 Gi, and memory: 78.1 Gi
[2022-03-17T15:53:04+0000] [MainThread] [I] [toil.worker] Redirecting logging to /tmp/32332f89ff345074b53d405d2fb98790/186d/worker_log.txt
[2022-03-17T15:59:09+0000] [Thread-1  ] [E] [toil.batchSystems.singleMachine] Got exit code 1 (indicating failure) from job _toil_worker CactusConsolidated file:/n/holylfs05/LABS/informatics/Users/gthomas/turtles/cactus/jobstore/9 kind-CactusConsolidated/instance-6swdd9w9.
[2022-03-17T15:59:09+0000] [MainThread] [W] [toil.leader] Job failed with exit value 1: 'CactusConsolidated' kind-CactusConsolidated/instance-6swdd9w9 v1
Exit reason: None
[2022-03-17T15:59:09+0000] [MainThread] [W] [toil.leader] The job seems to have left a log file, indicating failure: 'CactusConsolidated' kind-CactusConsolidated/instance-6swdd9w9 v2
[2022-03-17T15:59:09+0000] [MainThread] [W] [toil.leader] Log from job "kind-CactusConsolidated/instance-6swdd9w9" follows:
=========>
	[2022-03-17T15:53:04+0000] [MainThread] [I] [toil.worker] ---TOIL WORKER OUTPUT LOG---
	[2022-03-17T15:53:04+0000] [MainThread] [I] [toil] Running Toil version 5.6.0-c34146a6437e4407a61e946e968bcce67a0ebbca on host holy7c16412.rc.fas.harvard.edu.
	[2022-03-17T15:53:04+0000] [MainThread] [I] [toil.worker] Working on job 'CactusConsolidated' kind-CactusConsolidated/instance-6swdd9w9 v1
	[2022-03-17T15:53:04+0000] [MainThread] [I] [toil.worker] Loaded body Job('CactusConsolidated' kind-CactusConsolidated/instance-6swdd9w9 v1) from description 'CactusConsolidated' kind-CactusConsolidated/instance-6swdd9w9 v1
	[2022-03-17T15:53:23+0000] [MainThread] [I] [toil.statsAndLogging] Alignments file: /tmp/32332f89ff345074b53d405d2fb98790/186d/cd01/tmpe_vpd3xw.tmp
	[2022-03-17T15:59:07+0000] [MainThread] [W] [toil.fileStores.abstractFileStore] Failed job accessed files:
	[2022-03-17T15:59:07+0000] [MainThread] [W] [toil.fileStores.abstractFileStore] Downloaded file 'files/for-job/kind-run_prepend_unique_ids/instance-y9uen105/cleanup/file-a613daf61a63418d85898e937cc3dc0b/tmph433qlo6.tmp.fa' to path '/tmp/32332f89ff345074b53d405d2fb98790/186d/cd01/tmpccjrd0ne.tmp'
	[2022-03-17T15:59:07+0000] [MainThread] [W] [toil.fileStores.abstractFileStore] Downloaded file 'files/no-job/file-a5cc5737745a40f1868b5edbd5bbb9a5/Anc08.cigar.og_fragment_0' to path '/tmp/32332f89ff345074b53d405d2fb98790/186d/cd01/tmp8vs0g_ey.tmp'
	[2022-03-17T15:59:07+0000] [MainThread] [W] [toil.fileStores.abstractFileStore] Downloaded file 'files/for-job/kind-run_prepend_unique_ids/instance-y9uen105/cleanup/file-570d9fc0b3f74f13894a60a9274c2071/tmp89rnnblz.tmp.fa' to path '/tmp/32332f89ff345074b53d405d2fb98790/186d/cd01/tmp32wdb9ol.tmp'
	[2022-03-17T15:59:07+0000] [MainThread] [W] [toil.fileStores.abstractFileStore] Downloaded file 'files/no-job/file-95a08a232a984764bf2c9f67161e31cd/Anc08.cigar.og_fragment_2' to path '/tmp/32332f89ff345074b53d405d2fb98790/186d/cd01/tmpdjosqr35.tmp'
	[2022-03-17T15:59:07+0000] [MainThread] [W] [toil.fileStores.abstractFileStore] Downloaded file 'files/no-job/file-2496f9b4cb5b483a945f37d8a2c9e90c/Anc08.cigar.og_fragment_1' to path '/tmp/32332f89ff345074b53d405d2fb98790/186d/cd01/tmph7gk2kst.tmp'
	[2022-03-17T15:59:07+0000] [MainThread] [W] [toil.fileStores.abstractFileStore] Downloaded file 'files/no-job/file-b82def3e32c8413cbb1a02f748f3366b/Anc08.cigar' to path '/tmp/32332f89ff345074b53d405d2fb98790/186d/cd01/tmpe_vpd3xw.tmp'
	[2022-03-17T15:59:07+0000] [MainThread] [W] [toil.fileStores.abstractFileStore] LOG-TO-MASTER: Job used more disk than requested. For CWL, consider increasing the outdirMin requirement, otherwise, consider increasing the disk requirement. Job files/for-job/kind-CactusConsolidated/instance-6swdd9w9/cleanup/file-44885351268541f48a3bb81c5e196987/stream used 177.94% disk (23.1 GiB [24798830592B] used, 13.0 GiB [13936453932B] requested).
	Traceback (most recent call last):
	  File "/usr/local/lib/python3.8/dist-packages/toil/worker.py", line 405, in workerScript
	    job._runner(jobGraph=None, jobStore=jobStore, fileStore=fileStore, defer=defer)
	  File "/usr/local/lib/python3.8/dist-packages/cactus/shared/common.py", line 943, in _runner
	    super(RoundedJob, self)._runner(*args, jobStore=jobStore,
	  File "/usr/local/lib/python3.8/dist-packages/toil/job.py", line 2399, in _runner
	    returnValues = self._run(jobGraph=None, fileStore=fileStore)
	  File "/usr/local/lib/python3.8/dist-packages/toil/job.py", line 2317, in _run
	    return self.run(fileStore)
	  File "/usr/local/lib/python3.8/dist-packages/cactus/pipeline/cactus_workflow.py", line 393, in run
	    secondaryAlignments = fileStore.readGlobalFile(self.cactusWorkflowArguments.secondaryAlignmentsID)
	  File "/usr/local/lib/python3.8/dist-packages/toil/fileStores/nonCachingFileStore.py", line 111, in readGlobalFile
	    self.jobStore.read_file(fileStoreID, localFilePath, symlink=symlink)
	  File "/usr/local/lib/python3.8/dist-packages/toil/jobStores/fileJobStore.py", line 513, in read_file
	    atomic_copy(jobStoreFilePath, local_path, executable=executable)
	  File "/usr/local/lib/python3.8/dist-packages/toil/lib/io.py", line 112, in atomic_copy
	    shutil.copyfile(src_path, dest_path_tmp)
	  File "/usr/lib/python3.8/shutil.py", line 270, in copyfile
	    _fastcopy_sendfile(fsrc, fdst)
	  File "/usr/lib/python3.8/shutil.py", line 163, in _fastcopy_sendfile
	    raise err from None
	  File "/usr/lib/python3.8/shutil.py", line 149, in _fastcopy_sendfile
	    sent = os.sendfile(outfd, infd, offset, blocksize)
	OSError: [Errno 28] No space left on device: '/n/holylfs05/LABS/informatics/Users/gthomas/turtles/cactus/turtle-output/Anc08.cigar.secondary' -> '/tmp/32332f89ff345074b53d405d2fb98790/186d/cd01/tmpyx10dr9k.tmp.c891c53b-843b-4cd4-a73c-6e823a9774bf.tmp.tmp'
	[2022-03-17T15:59:07+0000] [MainThread] [E] [toil.worker] Exiting the worker because of a failed job on host holy7c16412.rc.fas.harvard.edu
<=========
[2022-03-17T15:59:09+0000] [MainThread] [W] [toil.job] Due to failure we are reducing the remaining try count of job 'CactusConsolidated' kind-CactusConsolidated/instance-6swdd9w9 v2 with ID kind-CactusConsolidated/instance-6swdd9w9 to 0
[2022-03-17T15:59:09+0000] [MainThread] [W] [toil.job] We have increased the disk of the failed job 'CactusConsolidated' kind-CactusConsolidated/instance-6swdd9w9 v2 to the default of 32212254720 bytes
[2022-03-17T15:59:09+0000] [MainThread] [W] [toil.leader] Job 'CactusConsolidated' kind-CactusConsolidated/instance-6swdd9w9 v3 is completely failed
[2022-03-17T15:59:23+0000] [MainThread] [I] [toil.leader] Finished toil run with 6 failed jobs.
[2022-03-17T15:59:23+0000] [MainThread] [I] [toil.leader] Failed jobs at end of the run: 'run_batch_align_jobs' kind-run_batch_align_jobs/instance-n600u71k v2 'run_prepend_unique_ids' kind-run_prepend_unique_ids/instance-y9uen105 v3 'CactusConsolidated' kind-CactusConsolidated/instance-6swdd9w9 v3 'run_setup_phase' kind-run_setup_phase/instance-sk6hohyk v3 'Job' kind-Job/instance-zqlyj4go v2 'run_cactus_align' kind-run_cactus_align/instance-wnabh1__ v2
[2022-03-17T15:59:23+0000] [MainThread] [I] [toil.realtimeLogger] Stopping real-time logging server.
[2022-03-17T15:59:23+0000] [MainThread] [I] [toil.realtimeLogger] Joining real-time logging server thread.
Traceback (most recent call last):
  File "/usr/local/bin/cactus-align", line 8, in <module>
    sys.exit(main())
  File "/usr/local/lib/python3.8/dist-packages/cactus/setup/cactus_align.py", line 177, in main
    results_dict = toil.start(Job.wrapJobFn(run_batch_align_jobs, align_jobs))
  File "/usr/local/lib/python3.8/dist-packages/toil/common.py", line 951, in start
    return self._runMainLoop(rootJobDescription)
  File "/usr/local/lib/python3.8/dist-packages/toil/common.py", line 1273, in _runMainLoop
    return Leader(config=self.config,
  File "/usr/local/lib/python3.8/dist-packages/toil/leader.py", line 289, in run
    raise FailedJobsException(self.jobStore, failed_jobs, exit_code=self.recommended_fail_exit_code)
toil.leader.FailedJobsException: The job store '/n/holylfs05/LABS/informatics/Users/gthomas/turtles/cactus/jobstore/9' contains 6 failed jobs: 'run_batch_align_jobs' kind-run_batch_align_jobs/instance-n600u71k v2, 'run_prepend_unique_ids' kind-run_prepend_unique_ids/instance-y9uen105 v3, 'CactusConsolidated' kind-CactusConsolidated/instance-6swdd9w9 v3, 'run_setup_phase' kind-run_setup_phase/instance-sk6hohyk v3, 'Job' kind-Job/instance-zqlyj4go v2, 'run_cactus_align' kind-run_cactus_align/instance-wnabh1__ v2
Log from job "'CactusConsolidated' kind-CactusConsolidated/instance-6swdd9w9 v3" follows:
=========>
	[2022-03-17T15:53:04+0000] [MainThread] [I] [toil.worker] ---TOIL WORKER OUTPUT LOG---
	[2022-03-17T15:53:04+0000] [MainThread] [I] [toil] Running Toil version 5.6.0-c34146a6437e4407a61e946e968bcce67a0ebbca on host holy7c16412.rc.fas.harvard.edu.
	[2022-03-17T15:53:04+0000] [MainThread] [I] [toil.worker] Working on job 'CactusConsolidated' kind-CactusConsolidated/instance-6swdd9w9 v1
	[2022-03-17T15:53:04+0000] [MainThread] [I] [toil.worker] Loaded body Job('CactusConsolidated' kind-CactusConsolidated/instance-6swdd9w9 v1) from description 'CactusConsolidated' kind-CactusConsolidated/instance-6swdd9w9 v1
	[2022-03-17T15:53:23+0000] [MainThread] [I] [toil.statsAndLogging] Alignments file: /tmp/32332f89ff345074b53d405d2fb98790/186d/cd01/tmpe_vpd3xw.tmp
	[2022-03-17T15:59:07+0000] [MainThread] [W] [toil.fileStores.abstractFileStore] Failed job accessed files:
	[2022-03-17T15:59:07+0000] [MainThread] [W] [toil.fileStores.abstractFileStore] Downloaded file 'files/for-job/kind-run_prepend_unique_ids/instance-y9uen105/cleanup/file-a613daf61a63418d85898e937cc3dc0b/tmph433qlo6.tmp.fa' to path '/tmp/32332f89ff345074b53d405d2fb98790/186d/cd01/tmpccjrd0ne.tmp'
	[2022-03-17T15:59:07+0000] [MainThread] [W] [toil.fileStores.abstractFileStore] Downloaded file 'files/no-job/file-a5cc5737745a40f1868b5edbd5bbb9a5/Anc08.cigar.og_fragment_0' to path '/tmp/32332f89ff345074b53d405d2fb98790/186d/cd01/tmp8vs0g_ey.tmp'
	[2022-03-17T15:59:07+0000] [MainThread] [W] [toil.fileStores.abstractFileStore] Downloaded file 'files/for-job/kind-run_prepend_unique_ids/instance-y9uen105/cleanup/file-570d9fc0b3f74f13894a60a9274c2071/tmp89rnnblz.tmp.fa' to path '/tmp/32332f89ff345074b53d405d2fb98790/186d/cd01/tmp32wdb9ol.tmp'
	[2022-03-17T15:59:07+0000] [MainThread] [W] [toil.fileStores.abstractFileStore] Downloaded file 'files/no-job/file-95a08a232a984764bf2c9f67161e31cd/Anc08.cigar.og_fragment_2' to path '/tmp/32332f89ff345074b53d405d2fb98790/186d/cd01/tmpdjosqr35.tmp'
	[2022-03-17T15:59:07+0000] [MainThread] [W] [toil.fileStores.abstractFileStore] Downloaded file 'files/no-job/file-2496f9b4cb5b483a945f37d8a2c9e90c/Anc08.cigar.og_fragment_1' to path '/tmp/32332f89ff345074b53d405d2fb98790/186d/cd01/tmph7gk2kst.tmp'
	[2022-03-17T15:59:07+0000] [MainThread] [W] [toil.fileStores.abstractFileStore] Downloaded file 'files/no-job/file-b82def3e32c8413cbb1a02f748f3366b/Anc08.cigar' to path '/tmp/32332f89ff345074b53d405d2fb98790/186d/cd01/tmpe_vpd3xw.tmp'
	[2022-03-17T15:59:07+0000] [MainThread] [W] [toil.fileStores.abstractFileStore] LOG-TO-MASTER: Job used more disk than requested. For CWL, consider increasing the outdirMin requirement, otherwise, consider increasing the disk requirement. Job files/for-job/kind-CactusConsolidated/instance-6swdd9w9/cleanup/file-44885351268541f48a3bb81c5e196987/stream used 177.94% disk (23.1 GiB [24798830592B] used, 13.0 GiB [13936453932B] requested).
	Traceback (most recent call last):
	  File "/usr/local/lib/python3.8/dist-packages/toil/worker.py", line 405, in workerScript
	    job._runner(jobGraph=None, jobStore=jobStore, fileStore=fileStore, defer=defer)
	  File "/usr/local/lib/python3.8/dist-packages/cactus/shared/common.py", line 943, in _runner
	    super(RoundedJob, self)._runner(*args, jobStore=jobStore,
	  File "/usr/local/lib/python3.8/dist-packages/toil/job.py", line 2399, in _runner
	    returnValues = self._run(jobGraph=None, fileStore=fileStore)
	  File "/usr/local/lib/python3.8/dist-packages/toil/job.py", line 2317, in _run
	    return self.run(fileStore)
	  File "/usr/local/lib/python3.8/dist-packages/cactus/pipeline/cactus_workflow.py", line 393, in run
	    secondaryAlignments = fileStore.readGlobalFile(self.cactusWorkflowArguments.secondaryAlignmentsID)
	  File "/usr/local/lib/python3.8/dist-packages/toil/fileStores/nonCachingFileStore.py", line 111, in readGlobalFile
	    self.jobStore.read_file(fileStoreID, localFilePath, symlink=symlink)
	  File "/usr/local/lib/python3.8/dist-packages/toil/jobStores/fileJobStore.py", line 513, in read_file
	    atomic_copy(jobStoreFilePath, local_path, executable=executable)
	  File "/usr/local/lib/python3.8/dist-packages/toil/lib/io.py", line 112, in atomic_copy
	    shutil.copyfile(src_path, dest_path_tmp)
	  File "/usr/lib/python3.8/shutil.py", line 270, in copyfile
	    _fastcopy_sendfile(fsrc, fdst)
	  File "/usr/lib/python3.8/shutil.py", line 163, in _fastcopy_sendfile
	    raise err from None
	  File "/usr/lib/python3.8/shutil.py", line 149, in _fastcopy_sendfile
	    sent = os.sendfile(outfd, infd, offset, blocksize)
	OSError: [Errno 28] No space left on device: '/n/holylfs05/LABS/informatics/Users/gthomas/turtles/cactus/turtle-output/Anc08.cigar.secondary' -> '/tmp/32332f89ff345074b53d405d2fb98790/186d/cd01/tmpyx10dr9k.tmp.c891c53b-843b-4cd4-a73c-6e823a9774bf.tmp.tmp'
	[2022-03-17T15:59:07+0000] [MainThread] [E] [toil.worker] Exiting the worker because of a failed job on host holy7c16412.rc.fas.harvard.edu
<=========
real 430.92
user 25.25
sys 127.55
