[2022-03-12T02:09:38+0000] [MainThread] [I] [toil.statsAndLogging] xmlRoot = <multi_cactus inputSequences="turtle-output/GCA_009430475.1_Amar_v1_genomic.fna turtle-output/Anc00.fa turtle-output/Anc01.fa turtle-output/Anc02.fa turtle-output/Anc03.fa turtle-output/Anc04.fa turtle-output/Anc05.fa turtle-output/Anc06.fa turtle-output/Anc07.fa turtle-output/Anc09.fa turtle-output/Anc10.fa turtle-output/Anc11.fa turtle-output/Anc12.fa turtle-output/Anc13.fa turtle-output/Anc14.fa turtle-output/Anc15.fa turtle-output/Anc16.fa turtle-output/Anc17.fa turtle-output/Anc18.fa turtle-output/Anc19.fa turtle-output/Anc20.fa turtle-output/GCA_003597395.1_ASM359739v1_genomic.fna turtle-output/GCA_007922185.1_Carettochelys_insculpta-1.0_genomic.fna turtle-output/GCA_003846335.1_ASM384633v1_genomic.fna turtle-output/GCF_015237465.2_rCheMyd1.pri.v2_genomic.fna turtle-output/GCA_000241765.3_Chrysemys_picta_BioNano-3.0.4_genomic.fna turtle-output/GCA_007922165.1_Chelydra_serpentina-1.0_genomic.fna turtle-output/GCF_009764565.3_rDerCor1.pri.v4_genomic.fna turtle-output/GCA_007922305.1_Dermatemys_mawii-1.0_genomic.fna turtle-output/GCA_007922225.1_Emydura_subglobosa-1.0_genomic.fna turtle-output/GCF_007399415.2_rGopEvg1_v1.p_genomic.fna turtle-output/LepKem1-11Jun2020.fasta.masked turtle-output/GCA_020497125.1_ASM2049712v1_genomic.fna turtle-output/GCF_016161935.1_ASM1616193v1_genomic.fna turtle-output/GCA_001728815.2_terp_v2_2_genomic.fna turtle-output/GCA_007922155.1_Mesoclemmys_tuberculata-1.0_genomic.fna turtle-output/GCA_007922175.1_Pelusios_castaneus-1.0_genomic.fna turtle-output/GCA_007922195.1_Podocnemis_expansa-1.0_genomic.fna turtle-output/GCA_003942145.1_ASM394214v1_genomic.fna turtle-output/GCA_000230535.1_PelSin_1.0_genomic.fna turtle-output/GCA_019425775.1_ASM1942577v1_genomic.fna turtle-output/GCF_013100865.1_CAS_Tse_1.0_genomic.fna" inputSequenceNames="Amarmorata Anc00 Anc01 Anc02 Anc03 Anc04 Anc05 Anc06 Anc07 Anc09 Anc10 Anc11 Anc12 Anc13 Anc14 Anc15 Anc16 Anc17 Anc18 Anc19 Anc20 Cabingdonii Cinsculpta Cmccordii Cmydas Cpicta Cserpentina Dcoriacea Dmawii Esubglobosa Gevgoodei Lkempii Mmutica Mreevesii Mterrapin Mtuberculata Pcastaneus Pexpansa Pmegacephalum Psinensis Rswinhoei Tscripta">
	<tree>((((Cmccordii:1.0,(Mmutica:1.0,Mreevesii:1.0)Anc14:1.0)Anc07:1.0,(Cabingdonii:1.0,Gevgoodei:1.0)Anc08:1.0)Anc03:1.0,((((Tscripta:1.0,Mterrapin:1.0)Anc19:1.0,Cpicta:1.0)Anc15:1.0,Amarmorata:1.0)Anc09:1.0,Pmegacephalum:1.0)Anc04:1.0)Anc01:1.0,((((Dmawii:1.0,Cserpentina:1.0)Anc16:1.0,((Cmydas:1.0,Lkempii:1.0)Anc20:1.0,Dcoriacea:1.0)Anc17:1.0)Anc10:1.0,((Psinensis:1.0,Rswinhoei:1.0)Anc18:1.0,Cinsculpta:1.0)Anc11:1.0)Anc05:1.0,((Esubglobosa:1.0,Mtuberculata:1.0)Anc12:1.0,(Pcastaneus:1.0,Pexpansa:1.0)Anc13:1.0)Anc06:1.0)Anc02:1.0)Anc00;</tree>
	<cactus name="Anc00" experiment_path="/tmp/tmpuh6ylks3/progressiveAlignment/Anc00/Anc00_experiment.xml" />
	<cactus name="Anc01" experiment_path="/tmp/tmpuh6ylks3/progressiveAlignment/Anc01/Anc01_experiment.xml" />
	<cactus name="Anc03" experiment_path="/tmp/tmpuh6ylks3/progressiveAlignment/Anc03/Anc03_experiment.xml" />
	<cactus name="Anc07" experiment_path="/tmp/tmpuh6ylks3/progressiveAlignment/Anc07/Anc07_experiment.xml" />
	<cactus name="Anc14" experiment_path="/tmp/tmpuh6ylks3/progressiveAlignment/Anc14/Anc14_experiment.xml" />
	<cactus name="Anc08" experiment_path="/tmp/tmpuh6ylks3/progressiveAlignment/Anc08/Anc08_experiment.xml" />
	<cactus name="Anc04" experiment_path="/tmp/tmpuh6ylks3/progressiveAlignment/Anc04/Anc04_experiment.xml" />
	<cactus name="Anc09" experiment_path="/tmp/tmpuh6ylks3/progressiveAlignment/Anc09/Anc09_experiment.xml" />
	<cactus name="Anc15" experiment_path="/tmp/tmpuh6ylks3/progressiveAlignment/Anc15/Anc15_experiment.xml" />
	<cactus name="Anc19" experiment_path="/tmp/tmpuh6ylks3/progressiveAlignment/Anc19/Anc19_experiment.xml" />
	<cactus name="Anc02" experiment_path="/tmp/tmpuh6ylks3/progressiveAlignment/Anc02/Anc02_experiment.xml" />
	<cactus name="Anc05" experiment_path="/tmp/tmpuh6ylks3/progressiveAlignment/Anc05/Anc05_experiment.xml" />
	<cactus name="Anc10" experiment_path="/tmp/tmpuh6ylks3/progressiveAlignment/Anc10/Anc10_experiment.xml" />
	<cactus name="Anc16" experiment_path="/tmp/tmpuh6ylks3/progressiveAlignment/Anc16/Anc16_experiment.xml" />
	<cactus name="Anc17" experiment_path="/tmp/tmpuh6ylks3/progressiveAlignment/Anc17/Anc17_experiment.xml" />
	<cactus name="Anc20" experiment_path="/tmp/tmpuh6ylks3/progressiveAlignment/Anc20/Anc20_experiment.xml" />
	<cactus name="Anc11" experiment_path="/tmp/tmpuh6ylks3/progressiveAlignment/Anc11/Anc11_experiment.xml" />
	<cactus name="Anc18" experiment_path="/tmp/tmpuh6ylks3/progressiveAlignment/Anc18/Anc18_experiment.xml" />
	<cactus name="Anc06" experiment_path="/tmp/tmpuh6ylks3/progressiveAlignment/Anc06/Anc06_experiment.xml" />
	<cactus name="Anc12" experiment_path="/tmp/tmpuh6ylks3/progressiveAlignment/Anc12/Anc12_experiment.xml" />
	<cactus name="Anc13" experiment_path="/tmp/tmpuh6ylks3/progressiveAlignment/Anc13/Anc13_experiment.xml" />
</multi_cactus>
[2022-03-12T02:09:38+0000] [MainThread] [I] [toil.statsAndLogging] Experiment b'<cactus_workflow_experiment species_tree="(((Cmccordii:1.0,Mmutica:2.0)Anc07:1.0,(Cabingdonii:1.0,Gevgoodei:1.0)Anc08:1.0)Anc03:1.0,Pmegacephalum:2.0)Anc01;" config="/tmp/tmpuh6ylks3/config.xml">\n\t<genome name="Cabingdonii" />\n\t<genome name="Gevgoodei" />\n\t<genome name="Anc08" />\n\t<genome name="Cmccordii" outgroup="1" />\n\t<genome name="Pmegacephalum" outgroup="1" />\n\t<genome name="Mmutica" outgroup="1" />\n\t<root reconstruction="1">Anc08</root>\n</cactus_workflow_experiment>'
[2022-03-12T02:09:38+0000] [MainThread] [I] [toil.statsAndLogging] Genomes in blastonly, Anc08: ['Cabingdonii', 'Mmutica', 'Pmegacephalum', 'Gevgoodei', 'Cmccordii']
[2022-03-12T02:09:44+0000] [MainThread] [I] [toil.job] Saving graph of 1 jobs, 1 new
[2022-03-12T02:09:44+0000] [MainThread] [I] [toil.job] Processing job 'CactusBlastPhase' kind-CactusBlastPhase/instance-76wffeid v0
[2022-03-12T02:09:44+0000] [MainThread] [I] [toil] Running Toil version 5.6.0-c34146a6437e4407a61e946e968bcce67a0ebbca on host holygpu2c0702.rc.fas.harvard.edu.
[2022-03-12T02:09:44+0000] [MainThread] [I] [toil.realtimeLogger] Starting real-time logging.
[2022-03-12T02:09:44+0000] [MainThread] [I] [toil.leader] Issued job 'CactusBlastPhase' kind-CactusBlastPhase/instance-76wffeid v1 with job batch system ID: 0 and cores: 1, disk: 2.0 Gi, and memory: 3.3 Gi
[2022-03-12T02:09:45+0000] [MainThread] [I] [toil.worker] Redirecting logging to /tmp/2d15d81670865c99af56ad4baab72e8f/1fbb/worker_log.txt
[2022-03-12T02:09:46+0000] [MainThread] [I] [toil.leader] 1 jobs are running, 0 jobs are issued and waiting to run
[2022-03-12T02:11:11+0000] [Thread-4  ] [I] [toil.statsAndLogging] Got message from job at time 03-12-2022 02:11:11: Running blast using the trimming strategy
[2022-03-12T02:11:11+0000] [Thread-4  ] [I] [toil.statsAndLogging] Got message from job at time 03-12-2022 02:11:11: Running mapQ uniquifying with parameters, minimumMapQValue: 0.0, maxAlignmentsPerSite 5, alpha: 0.001
[2022-03-12T02:11:11+0000] [Thread-4  ] [W] [toil.statsAndLogging] Got message from job at time 03-12-2022 02:11:11: Job used more disk than requested. For CWL, consider increasing the outdirMin requirement, otherwise, consider increasing the disk requirement. Job files/for-job/kind-CactusBlastPhase/instance-76wffeid/cleanup/file-168f072ffdf44c1187e6ba954511ac73/stream used 1110.14% disk (22.2 GiB [23840067584B] used, 2.0 GiB [2147483648B] requested).
[2022-03-12T02:11:15+0000] [MainThread] [I] [toil.leader] Issued job 'EncapsulatedJob' kind-EncapsulatedJob/instance-i5e27pi3 v1 with job batch system ID: 1 and cores: 1, disk: 2.0 Gi, and memory: 2.0 Gi
[2022-03-12T02:11:15+0000] [MainThread] [I] [toil.worker] Redirecting logging to /tmp/2d15d81670865c99af56ad4baab72e8f/3a98/worker_log.txt
[2022-03-12T02:11:16+0000] [MainThread] [I] [toil.leader] Issued job 'BlastIngroupsAndOutgroups' kind-BlastIngroupsAndOutgroups/instance-vx6jxndo v1 with job batch system ID: 2 and cores: 1, disk: 2.0 Gi, and memory: 2.0 Gi
[2022-03-12T02:11:16+0000] [MainThread] [I] [toil.worker] Redirecting logging to /tmp/2d15d81670865c99af56ad4baab72e8f/d422/worker_log.txt
[2022-03-12T02:11:17+0000] [MainThread] [I] [toil.leader] Issued job 'BlastFirstOutgroup' kind-BlastFirstOutgroup/instance-njaaoz8p v1 with job batch system ID: 3 and cores: 1, disk: 2.0 Gi, and memory: 2.0 Gi
[2022-03-12T02:11:17+0000] [MainThread] [I] [toil.leader] Issued job 'BlastSequencesAllAgainstAll' kind-BlastSequencesAllAgainstAll/instance-x6qptm19 v1 with job batch system ID: 4 and cores: 1, disk: 18.8 Gi, and memory: 2.0 Gi
[2022-03-12T02:11:17+0000] [Thread-4  ] [I] [toil.statsAndLogging] Got message from job at time 03-12-2022 02:11:17: Blasting ingroups vs outgroups. Ingroup genomes: Cabingdonii, Gevgoodei, outgroup genomes: Cmccordii, Pmegacephalum, Mmutica
[2022-03-12T02:11:17+0000] [MainThread] [I] [toil.worker] Redirecting logging to /tmp/2d15d81670865c99af56ad4baab72e8f/2b9e/worker_log.txt
[2022-03-12T02:11:17+0000] [MainThread] [I] [toil.worker] Redirecting logging to /tmp/2d15d81670865c99af56ad4baab72e8f/29c8/worker_log.txt
[2022-03-12T02:11:18+0000] [MainThread] [I] [toil.leader] Issued job 'BlastSequencesAgainstEachOther' kind-BlastSequencesAgainstEachOther/instance-vffpqpcl v1 with job batch system ID: 5 and cores: 1, disk: 21.3 Gi, and memory: 2.0 Gi
[2022-03-12T02:11:18+0000] [MainThread] [I] [toil.worker] Redirecting logging to /tmp/2d15d81670865c99af56ad4baab72e8f/b44c/worker_log.txt
[2022-03-12T02:11:20+0000] [MainThread] [I] [toil-rt] 2022-03-12 02:11:20.803433: Running the command: "cactus_blast_chunkSequences INFO 6000000000 10000 /tmp/2d15d81670865c99af56ad4baab72e8f/2b9e/4631/tmp_jqoeahu/tmp_ooFepxAJp1 /tmp/2d15d81670865c99af56ad4baab72e8f/2b9e/4631/tmp5xhmppyx.tmp /tmp/2d15d81670865c99af56ad4baab72e8f/2b9e/4631/tmpeuxx4876.tmp"
[2022-03-12T02:11:23+0000] [MainThread] [I] [toil-rt] 2022-03-12 02:11:23.335178: Running the command: "cactus_blast_chunkSequences INFO 6000000000 10000 /tmp/2d15d81670865c99af56ad4baab72e8f/b44c/1c75/tmpqkm7emuh/tmp_sTDnnOq811 /tmp/2d15d81670865c99af56ad4baab72e8f/b44c/1c75/tmpy7zqo413.tmp /tmp/2d15d81670865c99af56ad4baab72e8f/b44c/1c75/tmpbnar6pht.tmp"
[2022-03-12T02:11:56+0000] [MainThread] [I] [toil-rt] 2022-03-12 02:11:56.021135: Successfully ran: "cactus_blast_chunkSequences INFO 6000000000 10000 /tmp/2d15d81670865c99af56ad4baab72e8f/2b9e/4631/tmp_jqoeahu/tmp_ooFepxAJp1 /tmp/2d15d81670865c99af56ad4baab72e8f/2b9e/4631/tmp5xhmppyx.tmp /tmp/2d15d81670865c99af56ad4baab72e8f/2b9e/4631/tmpeuxx4876.tmp" in 35.2056 seconds and 499.0 Mi memory
[2022-03-12T02:11:58+0000] [MainThread] [I] [toil-rt] 2022-03-12 02:11:58.360888: Successfully ran: "cactus_blast_chunkSequences INFO 6000000000 10000 /tmp/2d15d81670865c99af56ad4baab72e8f/b44c/1c75/tmpqkm7emuh/tmp_sTDnnOq811 /tmp/2d15d81670865c99af56ad4baab72e8f/b44c/1c75/tmpy7zqo413.tmp /tmp/2d15d81670865c99af56ad4baab72e8f/b44c/1c75/tmpbnar6pht.tmp" in 35.0151 seconds and 498.6 Mi memory
[2022-03-12T02:11:58+0000] [MainThread] [I] [toil-rt] 2022-03-12 02:11:58.362230: Running the command: "cactus_blast_chunkSequences INFO 6000000000 10000 /tmp/2d15d81670865c99af56ad4baab72e8f/b44c/1c75/tmpd_lcfevn/tmp_GHNSfpZfBA /tmp/2d15d81670865c99af56ad4baab72e8f/b44c/1c75/tmpaxsadcs7.tmp"
[2022-03-12T02:12:10+0000] [MainThread] [I] [toil.leader] Issued job 'MakeSelfBlasts' kind-MakeSelfBlasts/instance-zcrkchhs v1 with job batch system ID: 6 and cores: 1, disk: 2.0 Gi, and memory: 2.0 Gi
[2022-03-12T02:12:10+0000] [MainThread] [I] [toil.leader] Issued job 'MakeOffDiagonalBlasts' kind-MakeOffDiagonalBlasts/instance-dkl4ul0k v1 with job batch system ID: 7 and cores: 1, disk: 2.0 Gi, and memory: 2.0 Gi
[2022-03-12T02:12:10+0000] [MainThread] [I] [toil.worker] Redirecting logging to /tmp/2d15d81670865c99af56ad4baab72e8f/f927/worker_log.txt
[2022-03-12T02:12:10+0000] [MainThread] [I] [toil.worker] Redirecting logging to /tmp/2d15d81670865c99af56ad4baab72e8f/7844/worker_log.txt
[2022-03-12T02:12:11+0000] [MainThread] [I] [toil.leader] Issued job 'CollateBlasts' kind-CollateBlasts/instance-tpixfomf v1 with job batch system ID: 8 and cores: 1, disk: 2.0 Gi, and memory: 2.0 Gi
[2022-03-12T02:12:11+0000] [MainThread] [I] [toil.leader] Issued job 'RunSelfBlast' kind-RunSelfBlast/instance-62qf6vq1 v1 with job batch system ID: 9 and cores: 32, disk: 14.5 Gi, and memory: 13.0 Gi
[2022-03-12T02:12:12+0000] [MainThread] [I] [toil.worker] Redirecting logging to /tmp/2d15d81670865c99af56ad4baab72e8f/d394/worker_log.txt
[2022-03-12T02:12:13+0000] [MainThread] [I] [toil.leader] Issued job 'CollateBlasts2' kind-CollateBlasts2/instance-vwxf5rzj v1 with job batch system ID: 10 and cores: 1, disk: 1.5 Gi, and memory: 2.0 Gi
[2022-03-12T02:12:14+0000] [MainThread] [I] [toil.worker] Redirecting logging to /tmp/2d15d81670865c99af56ad4baab72e8f/22a4/worker_log.txt
[2022-03-12T02:12:15+0000] [MainThread] [I] [toil.leader] Issued job 'CollateBlasts' kind-CollateBlasts/instance-tpixfomf v2 with job batch system ID: 11 and cores: 1, disk: 2.0 Gi, and memory: 2.0 Gi
[2022-03-12T02:12:16+0000] [MainThread] [I] [toil.worker] Redirecting logging to /tmp/2d15d81670865c99af56ad4baab72e8f/68b4/worker_log.txt
[2022-03-12T02:12:17+0000] [MainThread] [I] [toil-rt] 2022-03-12 02:12:17.373784: Successfully ran: "cactus_blast_chunkSequences INFO 6000000000 10000 /tmp/2d15d81670865c99af56ad4baab72e8f/b44c/1c75/tmpd_lcfevn/tmp_GHNSfpZfBA /tmp/2d15d81670865c99af56ad4baab72e8f/b44c/1c75/tmpaxsadcs7.tmp" in 19.0015 seconds and 155.8 Mi memory
[2022-03-12T02:12:18+0000] [MainThread] [I] [toil.leader] Issued job 'MakeOffDiagonalBlasts' kind-MakeOffDiagonalBlasts/instance-dkl4ul0k v2 with job batch system ID: 12 and cores: 1, disk: 2.0 Gi, and memory: 2.0 Gi
[2022-03-12T02:12:18+0000] [MainThread] [I] [toil.worker] Redirecting logging to /tmp/2d15d81670865c99af56ad4baab72e8f/732e/worker_log.txt
[2022-03-12T02:12:39+0000] [MainThread] [I] [toil.leader] Issued job 'RunBlast' kind-RunBlast/instance-dcyh4gsw v1 with job batch system ID: 13 and cores: 32, disk: 14.6 Gi, and memory: 13.2 Gi
[2022-03-12T02:12:39+0000] [MainThread] [I] [toil.worker] Redirecting logging to /tmp/2d15d81670865c99af56ad4baab72e8f/b2d1/worker_log.txt
[2022-03-12T02:12:42+0000] [MainThread] [I] [toil-rt] 2022-03-12 02:12:42.423522: Running the command: "run_segalign /tmp/2d15d81670865c99af56ad4baab72e8f/b2d1/e1ac/tmpv3ffbeg3.tmp /tmp/2d15d81670865c99af56ad4baab72e8f/b2d1/e1ac/tmpv3ffbeg3.tmp --format=cigar --notrivial --step=1 --ambiguous=iupac,100,100 --ydrop=3000"
[2022-03-12T03:09:48+0000] [MainThread] [I] [toil.leader] 1 jobs are running, 1 jobs are issued and waiting to run
[2022-03-12T04:09:50+0000] [MainThread] [I] [toil.leader] 1 jobs are running, 1 jobs are issued and waiting to run
[2022-03-12T05:09:51+0000] [MainThread] [I] [toil.leader] 1 jobs are running, 1 jobs are issued and waiting to run
[2022-03-12T06:09:53+0000] [MainThread] [I] [toil.leader] 1 jobs are running, 1 jobs are issued and waiting to run
[2022-03-12T07:09:54+0000] [MainThread] [I] [toil.leader] 1 jobs are running, 1 jobs are issued and waiting to run
[2022-03-12T08:09:55+0000] [MainThread] [I] [toil.leader] 1 jobs are running, 1 jobs are issued and waiting to run
[2022-03-12T08:17:01+0000] [MainThread] [I] [toil-rt] 2022-03-12 08:17:01.494462: Successfully ran: "run_segalign /tmp/2d15d81670865c99af56ad4baab72e8f/b2d1/e1ac/tmpv3ffbeg3.tmp /tmp/2d15d81670865c99af56ad4baab72e8f/b2d1/e1ac/tmpv3ffbeg3.tmp --format=cigar --notrivial --step=1 --ambiguous=iupac,100,100 --ydrop=3000" in 21859.0533 seconds and 21.2 Gi memory
[2022-03-12T08:17:01+0000] [MainThread] [I] [toil-rt] 2022-03-12 08:17:01.496790: Running the command: "cactus_blast_convertCoordinates /tmp/2d15d81670865c99af56ad4baab72e8f/b2d1/e1ac/tmp97_nc6ws.tmp /tmp/2d15d81670865c99af56ad4baab72e8f/b2d1/e1ac/tmp7jhx0eg4.tmp 1"
[2022-03-12T08:24:57+0000] [MainThread] [I] [toil-rt] 2022-03-12 08:24:57.706624: Successfully ran: "cactus_blast_convertCoordinates /tmp/2d15d81670865c99af56ad4baab72e8f/b2d1/e1ac/tmp97_nc6ws.tmp /tmp/2d15d81670865c99af56ad4baab72e8f/b2d1/e1ac/tmp7jhx0eg4.tmp 1" in 476.1972 seconds and 1.5 Mi memory
[2022-03-12T08:25:22+0000] [Thread-4  ] [W] [toil.statsAndLogging] Got message from job at time 03-12-2022 08:25:22: Job used more disk than requested. For CWL, consider increasing the outdirMin requirement, otherwise, consider increasing the disk requirement. Job files/for-job/kind-RunSelfBlast/instance-62qf6vq1/cleanup/file-a25dbbe969ca4c6fbd1e4db80c055fa2/stream used 150.68% disk (21.8 GiB [23383318528B] used, 14.5 GiB [15518924800B] requested).
[2022-03-12T08:25:26+0000] [MainThread] [I] [toil.leader] Issued job 'CollateBlasts' kind-CollateBlasts/instance-nlei6iz_ v1 with job batch system ID: 14 and cores: 1, disk: 2.0 Gi, and memory: 2.0 Gi
[2022-03-12T08:25:26+0000] [MainThread] [I] [toil.worker] Redirecting logging to /tmp/2d15d81670865c99af56ad4baab72e8f/d480/worker_log.txt
[2022-03-12T08:25:35+0000] [MainThread] [I] [toil-rt] 2022-03-12 08:25:35.139650: Running the command: "run_segalign /tmp/2d15d81670865c99af56ad4baab72e8f/d480/5fbf/tmp17vmb1eo.tmp /tmp/2d15d81670865c99af56ad4baab72e8f/d480/5fbf/tmprepf8ps3.tmp --format=cigar --notrivial --step=1 --ambiguous=iupac,100,100 --ydrop=3000"
[2022-03-12T09:09:56+0000] [MainThread] [I] [toil.leader] 1 jobs are running, 1 jobs are issued and waiting to run
slurmstepd: error: *** JOB 65489653 ON holygpu2c0702 CANCELLED AT 2022-03-12T05:09:52 DUE TO TIME LIMIT ***
