[2022-03-12T15:07:56+0000] [MainThread] [C] [toil.jobStores.abstractJobStore] Repairing job: kind-MakeSelfBlasts/instance-zcrkchhs
[2022-03-12T15:07:56+0000] [MainThread] [C] [toil.jobStores.abstractJobStore] Repairing job: kind-BlastSequencesAllAgainstAll/instance-x6qptm19
[2022-03-12T15:07:56+0000] [MainThread] [I] [toil] Running Toil version 5.6.0-c34146a6437e4407a61e946e968bcce67a0ebbca on host holygpu2c0704.rc.fas.harvard.edu.
[2022-03-12T15:07:56+0000] [MainThread] [I] [toil.realtimeLogger] Starting real-time logging.
[2022-03-12T15:07:56+0000] [MainThread] [I] [toil.leader] Issued job 'RunBlast' kind-RunBlast/instance-dcyh4gsw v1 with job batch system ID: 0 and cores: 32, disk: 14.6 Gi, and memory: 13.2 Gi
[2022-03-12T15:07:56+0000] [MainThread] [I] [toil.leader] Issued job 'CollateBlasts' kind-CollateBlasts/instance-nlei6iz_ v1 with job batch system ID: 1 and cores: 1, disk: 2.0 Gi, and memory: 2.0 Gi
[2022-03-12T15:07:57+0000] [MainThread] [I] [toil.worker] Redirecting logging to /tmp/31bb14ef91a2531aa32f09e4c9d0fd62/d2be/worker_log.txt
[2022-03-12T15:07:58+0000] [MainThread] [I] [toil.leader] 1 jobs are running, 1 jobs are issued and waiting to run
[2022-03-12T15:08:06+0000] [MainThread] [I] [toil-rt] 2022-03-12 15:08:06.751033: Running the command: "run_segalign /tmp/31bb14ef91a2531aa32f09e4c9d0fd62/d2be/3b3c/tmpn4p_yhrn.tmp /tmp/31bb14ef91a2531aa32f09e4c9d0fd62/d2be/3b3c/tmprsv6qcxg.tmp --format=cigar --notrivial --step=1 --ambiguous=iupac,100,100 --ydrop=3000"
[2022-03-12T16:08:00+0000] [MainThread] [I] [toil.leader] 1 jobs are running, 1 jobs are issued and waiting to run
[2022-03-12T17:08:01+0000] [MainThread] [I] [toil.leader] 1 jobs are running, 1 jobs are issued and waiting to run
[2022-03-12T18:07:19+0000] [MainThread] [I] [toil-rt] 2022-03-12 18:07:19.753511: Successfully ran: "run_segalign /tmp/31bb14ef91a2531aa32f09e4c9d0fd62/d2be/3b3c/tmpn4p_yhrn.tmp /tmp/31bb14ef91a2531aa32f09e4c9d0fd62/d2be/3b3c/tmprsv6qcxg.tmp --format=cigar --notrivial --step=1 --ambiguous=iupac,100,100 --ydrop=3000" in 10752.9904 seconds and 17.2 Gi memory
[2022-03-12T18:07:19+0000] [MainThread] [I] [toil-rt] 2022-03-12 18:07:19.755138: Running the command: "cactus_blast_convertCoordinates /tmp/31bb14ef91a2531aa32f09e4c9d0fd62/d2be/3b3c/tmpxed1aecr.tmp /tmp/31bb14ef91a2531aa32f09e4c9d0fd62/d2be/3b3c/tmp2y2jsdzv.tmp 1"
[2022-03-12T18:08:02+0000] [MainThread] [I] [toil.leader] 1 jobs are running, 1 jobs are issued and waiting to run
[2022-03-12T18:10:55+0000] [MainThread] [I] [toil-rt] 2022-03-12 18:10:55.998755: Successfully ran: "cactus_blast_convertCoordinates /tmp/31bb14ef91a2531aa32f09e4c9d0fd62/d2be/3b3c/tmpxed1aecr.tmp /tmp/31bb14ef91a2531aa32f09e4c9d0fd62/d2be/3b3c/tmp2y2jsdzv.tmp 1" in 216.2348 seconds and 1.4 Mi memory
[2022-03-12T18:11:10+0000] [MainThread] [I] [toil.leader] Issued job 'CollateBlasts' kind-CollateBlasts/instance-clmt7n_8 v1 with job batch system ID: 2 and cores: 1, disk: 2.0 Gi, and memory: 2.0 Gi
[2022-03-12T18:11:11+0000] [MainThread] [I] [toil.worker] Redirecting logging to /tmp/31bb14ef91a2531aa32f09e4c9d0fd62/0352/worker_log.txt
[2022-03-12T18:11:11+0000] [MainThread] [I] [toil.worker] Redirecting logging to /tmp/31bb14ef91a2531aa32f09e4c9d0fd62/4134/worker_log.txt
[2022-03-12T18:11:11+0000] [MainThread] [I] [toil.leader] Issued job 'CollateBlasts2' kind-CollateBlasts2/instance-7vweb9do v1 with job batch system ID: 3 and cores: 1, disk: 33.9 Gi, and memory: 2.0 Gi
[2022-03-12T18:11:11+0000] [MainThread] [I] [toil.leader] Issued job 'CollateBlasts2' kind-CollateBlasts2/instance-f3c9b_y4 v1 with job batch system ID: 4 and cores: 1, disk: 71.9 Gi, and memory: 2.0 Gi
[2022-03-12T18:11:12+0000] [MainThread] [I] [toil.worker] Redirecting logging to /tmp/31bb14ef91a2531aa32f09e4c9d0fd62/14d4/worker_log.txt
[2022-03-12T18:11:12+0000] [MainThread] [I] [toil.worker] Redirecting logging to /tmp/31bb14ef91a2531aa32f09e4c9d0fd62/049d/worker_log.txt
[2022-03-12T18:11:36+0000] [MainThread] [I] [toil.leader] Issued job 'DeleteFileIDs' kind-DeleteFileIDs/instance-n268wpy_ v1 with job batch system ID: 5 and cores: 1, disk: 2.0 Gi, and memory: 2.0 Gi
[2022-03-12T18:11:37+0000] [MainThread] [I] [toil.worker] Redirecting logging to /tmp/31bb14ef91a2531aa32f09e4c9d0fd62/926f/worker_log.txt
[2022-03-12T18:11:43+0000] [MainThread] [I] [toil.leader] Issued job 'CollateBlasts2' kind-CollateBlasts2/instance-7vweb9do v2 with job batch system ID: 6 and cores: 1, disk: 33.9 Gi, and memory: 2.0 Gi
[2022-03-12T18:11:44+0000] [MainThread] [I] [toil.worker] Redirecting logging to /tmp/31bb14ef91a2531aa32f09e4c9d0fd62/8dd6/worker_log.txt
[2022-03-12T18:11:50+0000] [MainThread] [I] [toil.leader] Issued job 'CollateBlasts' kind-CollateBlasts/instance-clmt7n_8 v3 with job batch system ID: 7 and cores: 1, disk: 2.0 Gi, and memory: 2.0 Gi
[2022-03-12T18:11:51+0000] [MainThread] [I] [toil.worker] Redirecting logging to /tmp/31bb14ef91a2531aa32f09e4c9d0fd62/c166/worker_log.txt
[2022-03-12T18:11:53+0000] [MainThread] [I] [toil.leader] Issued job 'BlastSequencesAgainstEachOther' kind-BlastSequencesAgainstEachOther/instance-vffpqpcl v2 with job batch system ID: 8 and cores: 1, disk: 21.3 Gi, and memory: 2.0 Gi
[2022-03-12T18:11:54+0000] [MainThread] [I] [toil.worker] Redirecting logging to /tmp/31bb14ef91a2531aa32f09e4c9d0fd62/7b30/worker_log.txt
[2022-03-12T18:11:54+0000] [MainThread] [I] [toil.leader] Issued job 'TrimAndRecurseOnOutgroups' kind-TrimAndRecurseOnOutgroups/instance-csiawnca v1 with job batch system ID: 9 and cores: 1, disk: 2.0 Gi, and memory: 2.0 Gi
[2022-03-12T18:11:54+0000] [MainThread] [I] [toil.worker] Redirecting logging to /tmp/31bb14ef91a2531aa32f09e4c9d0fd62/fbac/worker_log.txt
[2022-03-12T18:11:57+0000] [MainThread] [I] [toil.leader] Issued job 'DeleteFileIDs' kind-DeleteFileIDs/instance-ha2w7ep9 v1 with job batch system ID: 10 and cores: 1, disk: 2.0 Gi, and memory: 2.0 Gi
[2022-03-12T18:11:58+0000] [MainThread] [I] [toil.worker] Redirecting logging to /tmp/31bb14ef91a2531aa32f09e4c9d0fd62/a5c9/worker_log.txt
[2022-03-12T18:12:00+0000] [MainThread] [I] [toil.leader] Issued job 'CollateBlasts2' kind-CollateBlasts2/instance-f3c9b_y4 v2 with job batch system ID: 11 and cores: 1, disk: 71.9 Gi, and memory: 2.0 Gi
[2022-03-12T18:12:01+0000] [MainThread] [I] [toil.worker] Redirecting logging to /tmp/31bb14ef91a2531aa32f09e4c9d0fd62/56d5/worker_log.txt
[2022-03-12T18:12:01+0000] [MainThread] [I] [toil.leader] Issued job 'CollateBlasts' kind-CollateBlasts/instance-nlei6iz_ v3 with job batch system ID: 12 and cores: 1, disk: 2.0 Gi, and memory: 2.0 Gi
[2022-03-12T18:12:02+0000] [MainThread] [I] [toil.worker] Redirecting logging to /tmp/31bb14ef91a2531aa32f09e4c9d0fd62/392f/worker_log.txt
[2022-03-12T18:12:02+0000] [MainThread] [I] [toil.leader] Issued job 'MakeSelfBlasts' kind-MakeSelfBlasts/instance-zcrkchhs v3 with job batch system ID: 13 and cores: 1, disk: 2.0 Gi, and memory: 2.0 Gi
[2022-03-12T18:12:02+0000] [MainThread] [I] [toil.worker] Redirecting logging to /tmp/31bb14ef91a2531aa32f09e4c9d0fd62/acd5/worker_log.txt
[2022-03-12T18:12:03+0000] [MainThread] [I] [toil.leader] Issued job 'CollateBlasts' kind-CollateBlasts/instance-awvjd2el v1 with job batch system ID: 14 and cores: 1, disk: 2.0 Gi, and memory: 2.0 Gi
[2022-03-12T18:12:03+0000] [MainThread] [I] [toil.worker] Redirecting logging to /tmp/31bb14ef91a2531aa32f09e4c9d0fd62/e9a1/worker_log.txt
[2022-03-12T18:12:04+0000] [MainThread] [I] [toil.leader] Issued job 'CollateBlasts2' kind-CollateBlasts2/instance-1ej10969 v1 with job batch system ID: 15 and cores: 1, disk: 71.9 Gi, and memory: 2.0 Gi
[2022-03-12T18:12:04+0000] [MainThread] [I] [toil.worker] Redirecting logging to /tmp/31bb14ef91a2531aa32f09e4c9d0fd62/0609/worker_log.txt
[2022-03-12T18:12:07+0000] [MainThread] [I] [toil-rt] 2022-03-12 18:12:07.673733: Running the command: "cactus_coverage /tmp/31bb14ef91a2531aa32f09e4c9d0fd62/fbac/1ee0/tmpk2nmdbi9.tmp /tmp/31bb14ef91a2531aa32f09e4c9d0fd62/fbac/1ee0/tmpys_8ogm8.tmp"
[2022-03-12T18:12:43+0000] [MainThread] [I] [toil.leader] Issued job 'DeleteFileIDs' kind-DeleteFileIDs/instance-sj7_snld v1 with job batch system ID: 16 and cores: 1, disk: 2.0 Gi, and memory: 2.0 Gi
[2022-03-12T18:12:44+0000] [MainThread] [I] [toil.worker] Redirecting logging to /tmp/31bb14ef91a2531aa32f09e4c9d0fd62/1451/worker_log.txt
[2022-03-12T18:12:49+0000] [MainThread] [I] [toil.leader] Issued job 'CollateBlasts2' kind-CollateBlasts2/instance-1ej10969 v2 with job batch system ID: 17 and cores: 1, disk: 71.9 Gi, and memory: 2.0 Gi
[2022-03-12T18:12:49+0000] [MainThread] [I] [toil.worker] Redirecting logging to /tmp/31bb14ef91a2531aa32f09e4c9d0fd62/fe9b/worker_log.txt
[2022-03-12T18:12:50+0000] [MainThread] [I] [toil.leader] Issued job 'CollateBlasts' kind-CollateBlasts/instance-awvjd2el v3 with job batch system ID: 18 and cores: 1, disk: 2.0 Gi, and memory: 2.0 Gi
[2022-03-12T18:12:50+0000] [MainThread] [I] [toil.worker] Redirecting logging to /tmp/31bb14ef91a2531aa32f09e4c9d0fd62/ce4b/worker_log.txt
[2022-03-12T18:12:50+0000] [MainThread] [I] [toil.leader] Issued job 'BlastSequencesAllAgainstAll' kind-BlastSequencesAllAgainstAll/instance-x6qptm19 v3 with job batch system ID: 19 and cores: 1, disk: 18.8 Gi, and memory: 2.0 Gi
[2022-03-12T18:12:51+0000] [MainThread] [I] [toil.worker] Redirecting logging to /tmp/31bb14ef91a2531aa32f09e4c9d0fd62/4638/worker_log.txt
[2022-03-12T18:15:21+0000] [MainThread] [I] [toil-rt] 2022-03-12 18:15:21.964191: Successfully ran: "cactus_coverage /tmp/31bb14ef91a2531aa32f09e4c9d0fd62/fbac/1ee0/tmpk2nmdbi9.tmp /tmp/31bb14ef91a2531aa32f09e4c9d0fd62/fbac/1ee0/tmpys_8ogm8.tmp" in 194.281 seconds and 4.4 Gi memory
[2022-03-12T18:36:47+0000] [MainThread] [I] [toil-rt] 2022-03-12 18:36:47.715152: Running the command: "cactus_coverage /tmp/31bb14ef91a2531aa32f09e4c9d0fd62/fbac/1ee0/tmpy6kb9wlq.tmp /tmp/31bb14ef91a2531aa32f09e4c9d0fd62/fbac/1ee0/tmpys_8ogm8.tmp"
[2022-03-12T18:39:46+0000] [MainThread] [I] [toil-rt] 2022-03-12 18:39:46.818372: Successfully ran: "cactus_coverage /tmp/31bb14ef91a2531aa32f09e4c9d0fd62/fbac/1ee0/tmpy6kb9wlq.tmp /tmp/31bb14ef91a2531aa32f09e4c9d0fd62/fbac/1ee0/tmpys_8ogm8.tmp" in 179.0871 seconds and 4.3 Gi memory
[2022-03-12T18:40:29+0000] [MainThread] [I] [toil-rt] 2022-03-12 18:40:29.352989: Running the command: "cactus_coverage /tmp/31bb14ef91a2531aa32f09e4c9d0fd62/fbac/1ee0/tmpq4g0s2eo.tmp /tmp/31bb14ef91a2531aa32f09e4c9d0fd62/fbac/1ee0/tmpys_8ogm8.tmp"
[2022-03-12T18:43:23+0000] [MainThread] [I] [toil-rt] 2022-03-12 18:43:23.189785: Successfully ran: "cactus_coverage /tmp/31bb14ef91a2531aa32f09e4c9d0fd62/fbac/1ee0/tmpq4g0s2eo.tmp /tmp/31bb14ef91a2531aa32f09e4c9d0fd62/fbac/1ee0/tmpys_8ogm8.tmp" in 173.8159 seconds and 4.3 Gi memory
[2022-03-12T18:44:26+0000] [MainThread] [I] [toil-rt] 2022-03-12 18:44:26.112434: Running the command: "cactus_coverage /tmp/31bb14ef91a2531aa32f09e4c9d0fd62/fbac/1ee0/tmpsakkmz1w.tmp /tmp/31bb14ef91a2531aa32f09e4c9d0fd62/fbac/1ee0/tmpspa5h0mm.tmp"
[2022-03-12T18:47:24+0000] [MainThread] [I] [toil-rt] 2022-03-12 18:47:24.646134: Successfully ran: "cactus_coverage /tmp/31bb14ef91a2531aa32f09e4c9d0fd62/fbac/1ee0/tmpsakkmz1w.tmp /tmp/31bb14ef91a2531aa32f09e4c9d0fd62/fbac/1ee0/tmpspa5h0mm.tmp" in 178.5138 seconds and 4.3 Gi memory
[2022-03-12T18:47:56+0000] [MainThread] [I] [toil-rt] 2022-03-12 18:47:56.658046: Running the command: "cactus_coverage /tmp/31bb14ef91a2531aa32f09e4c9d0fd62/fbac/1ee0/tmpfi_pu5nt.tmp /tmp/31bb14ef91a2531aa32f09e4c9d0fd62/fbac/1ee0/tmpspa5h0mm.tmp"
[2022-03-12T18:50:52+0000] [MainThread] [I] [toil-rt] 2022-03-12 18:50:52.099207: Successfully ran: "cactus_coverage /tmp/31bb14ef91a2531aa32f09e4c9d0fd62/fbac/1ee0/tmpfi_pu5nt.tmp /tmp/31bb14ef91a2531aa32f09e4c9d0fd62/fbac/1ee0/tmpspa5h0mm.tmp" in 175.4127 seconds and 4.3 Gi memory
[2022-03-12T18:55:45+0000] [Thread-4  ] [I] [toil.statsAndLogging] Got message from job at time 03-12-2022 18:55:45: Coverage on Cabingdonii from outgroup #1, Cmccordii: 84.18354851279304% (current ingroup length 2300745855, untrimmed length 2300745855). Outgroup trimmed to 2228734838 bp from 2390374423
[2022-03-12T18:55:45+0000] [Thread-4  ] [I] [toil.statsAndLogging] Got message from job at time 03-12-2022 18:55:45: Coverage on Gevgoodei from outgroup #1, Cmccordii: 83.53368652839752% (current ingroup length 2298564209, untrimmed length 2298564209). Outgroup trimmed to 2228734838 bp from 2390374423
[2022-03-12T18:55:45+0000] [Thread-4  ] [I] [toil.statsAndLogging] Got message from job at time 03-12-2022 18:55:45: Cumulative coverage of 1 outgroups on ingroup Cabingdonii: 84.18354851279304
[2022-03-12T18:55:45+0000] [Thread-4  ] [I] [toil.statsAndLogging] Got message from job at time 03-12-2022 18:55:45: Cumulative coverage of 1 outgroups on ingroup Gevgoodei: 83.53368652839752
[2022-03-12T18:55:45+0000] [Thread-4  ] [W] [toil.statsAndLogging] Got message from job at time 03-12-2022 18:55:45: Job used more disk than requested. For CWL, consider increasing the outdirMin requirement, otherwise, consider increasing the disk requirement. Job files/for-job/kind-TrimAndRecurseOnOutgroups/instance-csiawnca/cleanup/file-a7397f491d5644c98fb20e57443d9a61/stream used 2558.68% disk (51.2 GiB [54947127296B] used, 2.0 GiB [2147483648B] requested).
[2022-03-12T18:55:51+0000] [MainThread] [I] [toil.leader] Issued job 'BlastFirstOutgroup' kind-BlastFirstOutgroup/instance-11frzopf v1 with job batch system ID: 20 and cores: 1, disk: 2.0 Gi, and memory: 2.0 Gi
[2022-03-12T18:55:52+0000] [MainThread] [I] [toil.worker] Redirecting logging to /tmp/31bb14ef91a2531aa32f09e4c9d0fd62/80df/worker_log.txt
[2022-03-12T18:55:52+0000] [MainThread] [I] [toil.leader] Issued job 'BlastSequencesAgainstEachOther' kind-BlastSequencesAgainstEachOther/instance-f055myb4 v1 with job batch system ID: 21 and cores: 1, disk: 11.2 Gi, and memory: 2.0 Gi
[2022-03-12T18:55:53+0000] [MainThread] [I] [toil.worker] Redirecting logging to /tmp/31bb14ef91a2531aa32f09e4c9d0fd62/d811/worker_log.txt
[2022-03-12T18:55:55+0000] [MainThread] [I] [toil-rt] 2022-03-12 18:55:55.523741: Running the command: "cactus_blast_chunkSequences INFO 6000000000 10000 /tmp/31bb14ef91a2531aa32f09e4c9d0fd62/d811/b34c/tmpmnriveor/tmp_x7MvsKjUnM /tmp/31bb14ef91a2531aa32f09e4c9d0fd62/d811/b34c/tmpo4aqxwh4.tmp /tmp/31bb14ef91a2531aa32f09e4c9d0fd62/d811/b34c/tmps3hvh43t.tmp"
[2022-03-12T18:56:04+0000] [MainThread] [I] [toil-rt] 2022-03-12 18:56:04.658397: Successfully ran: "cactus_blast_chunkSequences INFO 6000000000 10000 /tmp/31bb14ef91a2531aa32f09e4c9d0fd62/d811/b34c/tmpmnriveor/tmp_x7MvsKjUnM /tmp/31bb14ef91a2531aa32f09e4c9d0fd62/d811/b34c/tmpo4aqxwh4.tmp /tmp/31bb14ef91a2531aa32f09e4c9d0fd62/d811/b34c/tmps3hvh43t.tmp" in 9.1246 seconds and 9.0 Mi memory
[2022-03-12T18:56:04+0000] [MainThread] [I] [toil-rt] 2022-03-12 18:56:04.659750: Running the command: "cactus_blast_chunkSequences INFO 6000000000 10000 /tmp/31bb14ef91a2531aa32f09e4c9d0fd62/d811/b34c/tmp00otcmiu/tmp_J9HGR2b8sk /tmp/31bb14ef91a2531aa32f09e4c9d0fd62/d811/b34c/tmpvyfbljk0.tmp"
[2022-03-12T18:56:22+0000] [MainThread] [I] [toil-rt] 2022-03-12 18:56:22.589122: Successfully ran: "cactus_blast_chunkSequences INFO 6000000000 10000 /tmp/31bb14ef91a2531aa32f09e4c9d0fd62/d811/b34c/tmp00otcmiu/tmp_J9HGR2b8sk /tmp/31bb14ef91a2531aa32f09e4c9d0fd62/d811/b34c/tmpvyfbljk0.tmp" in 17.9189 seconds and 53.2 Mi memory
[2022-03-12T18:56:33+0000] [MainThread] [I] [toil.leader] Issued job 'RunBlast' kind-RunBlast/instance-6y79ggvb v1 with job batch system ID: 22 and cores: 32, disk: 8.0 Gi, and memory: 6.5 Gi
[2022-03-12T18:56:34+0000] [MainThread] [I] [toil.worker] Redirecting logging to /tmp/31bb14ef91a2531aa32f09e4c9d0fd62/c42c/worker_log.txt
[2022-03-12T18:56:36+0000] [MainThread] [I] [toil-rt] 2022-03-12 18:56:36.499833: Running the command: "run_segalign /tmp/31bb14ef91a2531aa32f09e4c9d0fd62/c42c/1cc6/tmpbx51uh0b.tmp /tmp/31bb14ef91a2531aa32f09e4c9d0fd62/c42c/1cc6/tmplz5zhvqt.tmp --format=cigar --notrivial --step=1 --ambiguous=iupac,100,100 --ydrop=3000"
[2022-03-12T19:08:03+0000] [MainThread] [I] [toil.leader] 1 jobs are running, 0 jobs are issued and waiting to run
[2022-03-12T20:08:04+0000] [MainThread] [I] [toil.leader] 1 jobs are running, 0 jobs are issued and waiting to run
[2022-03-12T20:14:03+0000] [MainThread] [I] [toil-rt] 2022-03-12 20:14:03.880109: Successfully ran: "run_segalign /tmp/31bb14ef91a2531aa32f09e4c9d0fd62/c42c/1cc6/tmpbx51uh0b.tmp /tmp/31bb14ef91a2531aa32f09e4c9d0fd62/c42c/1cc6/tmplz5zhvqt.tmp --format=cigar --notrivial --step=1 --ambiguous=iupac,100,100 --ydrop=3000" in 4647.3701 seconds and 10.7 Gi memory
[2022-03-12T20:14:03+0000] [MainThread] [I] [toil-rt] 2022-03-12 20:14:03.881544: Running the command: "cactus_blast_convertCoordinates /tmp/31bb14ef91a2531aa32f09e4c9d0fd62/c42c/1cc6/tmp8v_blkid.tmp /tmp/31bb14ef91a2531aa32f09e4c9d0fd62/c42c/1cc6/tmpcxijkpte.tmp 1"
[2022-03-12T20:15:33+0000] [MainThread] [I] [toil-rt] 2022-03-12 20:15:33.362669: Successfully ran: "cactus_blast_convertCoordinates /tmp/31bb14ef91a2531aa32f09e4c9d0fd62/c42c/1cc6/tmp8v_blkid.tmp /tmp/31bb14ef91a2531aa32f09e4c9d0fd62/c42c/1cc6/tmpcxijkpte.tmp 1" in 89.4728 seconds and 1.2 Mi memory
[2022-03-12T20:15:39+0000] [MainThread] [I] [toil.leader] Issued job 'CollateBlasts' kind-CollateBlasts/instance-1bzw7ayq v1 with job batch system ID: 23 and cores: 1, disk: 2.0 Gi, and memory: 2.0 Gi
[2022-03-12T20:15:40+0000] [MainThread] [I] [toil.worker] Redirecting logging to /tmp/31bb14ef91a2531aa32f09e4c9d0fd62/68df/worker_log.txt
[2022-03-12T20:15:40+0000] [MainThread] [I] [toil.leader] Issued job 'CollateBlasts2' kind-CollateBlasts2/instance-_l8294rj v1 with job batch system ID: 24 and cores: 1, disk: 15.6 Gi, and memory: 2.0 Gi
[2022-03-12T20:15:41+0000] [MainThread] [I] [toil.worker] Redirecting logging to /tmp/31bb14ef91a2531aa32f09e4c9d0fd62/4ef3/worker_log.txt
[2022-03-12T20:15:49+0000] [MainThread] [I] [toil.leader] Issued job 'DeleteFileIDs' kind-DeleteFileIDs/instance-fa1gnvlp v1 with job batch system ID: 25 and cores: 1, disk: 2.0 Gi, and memory: 2.0 Gi
[2022-03-12T20:15:50+0000] [MainThread] [I] [toil.worker] Redirecting logging to /tmp/31bb14ef91a2531aa32f09e4c9d0fd62/95b8/worker_log.txt
[2022-03-12T20:15:51+0000] [MainThread] [I] [toil.leader] Issued job 'CollateBlasts2' kind-CollateBlasts2/instance-_l8294rj v2 with job batch system ID: 26 and cores: 1, disk: 15.6 Gi, and memory: 2.0 Gi
[2022-03-12T20:15:51+0000] [MainThread] [I] [toil.worker] Redirecting logging to /tmp/31bb14ef91a2531aa32f09e4c9d0fd62/0bbe/worker_log.txt
[2022-03-12T20:15:52+0000] [MainThread] [I] [toil.leader] Issued job 'CollateBlasts' kind-CollateBlasts/instance-1bzw7ayq v3 with job batch system ID: 27 and cores: 1, disk: 2.0 Gi, and memory: 2.0 Gi
[2022-03-12T20:15:52+0000] [MainThread] [I] [toil.worker] Redirecting logging to /tmp/31bb14ef91a2531aa32f09e4c9d0fd62/7f19/worker_log.txt
[2022-03-12T20:15:53+0000] [MainThread] [I] [toil.leader] Issued job 'BlastSequencesAgainstEachOther' kind-BlastSequencesAgainstEachOther/instance-f055myb4 v2 with job batch system ID: 28 and cores: 1, disk: 11.2 Gi, and memory: 2.0 Gi
[2022-03-12T20:15:53+0000] [MainThread] [I] [toil.worker] Redirecting logging to /tmp/31bb14ef91a2531aa32f09e4c9d0fd62/3d35/worker_log.txt
[2022-03-12T20:15:53+0000] [MainThread] [I] [toil.leader] Issued job 'TrimAndRecurseOnOutgroups' kind-TrimAndRecurseOnOutgroups/instance-1mr2vbhn v1 with job batch system ID: 29 and cores: 1, disk: 2.0 Gi, and memory: 2.0 Gi
[2022-03-12T20:15:54+0000] [MainThread] [I] [toil.worker] Redirecting logging to /tmp/31bb14ef91a2531aa32f09e4c9d0fd62/1e89/worker_log.txt
[2022-03-12T20:16:01+0000] [MainThread] [I] [toil-rt] 2022-03-12 20:16:01.522228: Running the command: "cactus_coverage /tmp/31bb14ef91a2531aa32f09e4c9d0fd62/1e89/d88a/tmpfpuufwwm.tmp /tmp/31bb14ef91a2531aa32f09e4c9d0fd62/1e89/d88a/tmpu3nk7u0z.tmp"
[2022-03-12T20:17:28+0000] [MainThread] [I] [toil-rt] 2022-03-12 20:17:28.080373: Successfully ran: "cactus_coverage /tmp/31bb14ef91a2531aa32f09e4c9d0fd62/1e89/d88a/tmpfpuufwwm.tmp /tmp/31bb14ef91a2531aa32f09e4c9d0fd62/1e89/d88a/tmpu3nk7u0z.tmp" in 86.5485 seconds and 4.2 Gi memory
[2022-03-12T20:26:25+0000] [MainThread] [I] [toil-rt] 2022-03-12 20:26:25.477537: Running the command: "cactus_coverage /tmp/31bb14ef91a2531aa32f09e4c9d0fd62/1e89/d88a/tmpnyte33q5.tmp /tmp/31bb14ef91a2531aa32f09e4c9d0fd62/1e89/d88a/tmpu3nk7u0z.tmp"
[2022-03-12T20:27:37+0000] [MainThread] [I] [toil-rt] 2022-03-12 20:27:37.466763: Successfully ran: "cactus_coverage /tmp/31bb14ef91a2531aa32f09e4c9d0fd62/1e89/d88a/tmpnyte33q5.tmp /tmp/31bb14ef91a2531aa32f09e4c9d0fd62/1e89/d88a/tmpu3nk7u0z.tmp" in 71.9574 seconds and 699.6 Mi memory
[2022-03-12T20:27:57+0000] [MainThread] [I] [toil-rt] 2022-03-12 20:27:57.500958: Running the command: "cactus_coverage /tmp/31bb14ef91a2531aa32f09e4c9d0fd62/1e89/d88a/tmp0r98bkla.tmp /tmp/31bb14ef91a2531aa32f09e4c9d0fd62/1e89/d88a/tmpu3nk7u0z.tmp"
[2022-03-12T20:29:07+0000] [MainThread] [I] [toil-rt] 2022-03-12 20:29:07.057587: Successfully ran: "cactus_coverage /tmp/31bb14ef91a2531aa32f09e4c9d0fd62/1e89/d88a/tmp0r98bkla.tmp /tmp/31bb14ef91a2531aa32f09e4c9d0fd62/1e89/d88a/tmpu3nk7u0z.tmp" in 69.524 seconds and 655.5 Mi memory
[2022-03-12T20:29:26+0000] [MainThread] [I] [toil-rt] 2022-03-12 20:29:26.779794: Running the command: "cactus_blast_convertCoordinates --onlyContig1 /tmp/31bb14ef91a2531aa32f09e4c9d0fd62/1e89/d88a/tmpjf4b_n6e.tmp /tmp/31bb14ef91a2531aa32f09e4c9d0fd62/1e89/d88a/tmp6wbh5n31.tmp 1"
[2022-03-12T20:30:52+0000] [MainThread] [I] [toil-rt] 2022-03-12 20:30:52.836395: Successfully ran: "cactus_blast_convertCoordinates --onlyContig1 /tmp/31bb14ef91a2531aa32f09e4c9d0fd62/1e89/d88a/tmpjf4b_n6e.tmp /tmp/31bb14ef91a2531aa32f09e4c9d0fd62/1e89/d88a/tmp6wbh5n31.tmp 1" in 86.0281 seconds and 1.1 Mi memory
[2022-03-12T20:31:16+0000] [MainThread] [I] [toil-rt] 2022-03-12 20:31:16.924888: Running the command: "cactus_coverage /tmp/31bb14ef91a2531aa32f09e4c9d0fd62/1e89/d88a/tmpsqlq5wv_.tmp /tmp/31bb14ef91a2531aa32f09e4c9d0fd62/1e89/d88a/tmp6dpyqluk.tmp"
[2022-03-12T20:35:18+0000] [MainThread] [I] [toil-rt] 2022-03-12 20:35:18.035051: Successfully ran: "cactus_coverage /tmp/31bb14ef91a2531aa32f09e4c9d0fd62/1e89/d88a/tmpsqlq5wv_.tmp /tmp/31bb14ef91a2531aa32f09e4c9d0fd62/1e89/d88a/tmp6dpyqluk.tmp" in 241.0799 seconds and 4.3 Gi memory
[2022-03-12T20:35:52+0000] [MainThread] [I] [toil-rt] 2022-03-12 20:35:52.447436: Running the command: "cactus_coverage /tmp/31bb14ef91a2531aa32f09e4c9d0fd62/1e89/d88a/tmpzh5byn9e.tmp /tmp/31bb14ef91a2531aa32f09e4c9d0fd62/1e89/d88a/tmp6dpyqluk.tmp"
[2022-03-12T20:39:52+0000] [MainThread] [I] [toil-rt] 2022-03-12 20:39:52.055775: Successfully ran: "cactus_coverage /tmp/31bb14ef91a2531aa32f09e4c9d0fd62/1e89/d88a/tmpzh5byn9e.tmp /tmp/31bb14ef91a2531aa32f09e4c9d0fd62/1e89/d88a/tmp6dpyqluk.tmp" in 239.5751 seconds and 4.3 Gi memory
[2022-03-12T20:45:16+0000] [Thread-4  ] [I] [toil.statsAndLogging] Got message from job at time 03-12-2022 20:45:16: Coverage on Cabingdonii from outgroup #2, Pmegacephalum: 35.32998689956625% (current ingroup length 536134920, untrimmed length 2300745855). Outgroup trimmed to 1808068544 bp from 2319087892
[2022-03-12T20:45:16+0000] [Thread-4  ] [I] [toil.statsAndLogging] Got message from job at time 03-12-2022 20:45:16: Coverage on Gevgoodei from outgroup #2, Pmegacephalum: 33.13389781460483% (current ingroup length 542367448, untrimmed length 2298564209). Outgroup trimmed to 1808068544 bp from 2319087892
[2022-03-12T20:45:16+0000] [Thread-4  ] [I] [toil.statsAndLogging] Got message from job at time 03-12-2022 20:45:16: Cumulative coverage of 2 outgroups on ingroup Cabingdonii: 85.87251471979725
[2022-03-12T20:45:16+0000] [Thread-4  ] [I] [toil.statsAndLogging] Got message from job at time 03-12-2022 20:45:16: Cumulative coverage of 2 outgroups on ingroup Gevgoodei: 85.12842966659106
[2022-03-12T20:45:16+0000] [Thread-4  ] [W] [toil.statsAndLogging] Got message from job at time 03-12-2022 20:45:16: Job used more disk than requested. For CWL, consider increasing the outdirMin requirement, otherwise, consider increasing the disk requirement. Job files/for-job/kind-TrimAndRecurseOnOutgroups/instance-1mr2vbhn/cleanup/file-8ffa2185ae6e44759baf9ffc28aa12d1/stream used 1728.11% disk (34.6 GiB [37110951936B] used, 2.0 GiB [2147483648B] requested).
[2022-03-12T20:45:21+0000] [MainThread] [I] [toil.leader] Issued job 'BlastFirstOutgroup' kind-BlastFirstOutgroup/instance-d7e1rfw6 v1 with job batch system ID: 30 and cores: 1, disk: 2.0 Gi, and memory: 2.0 Gi
[2022-03-12T20:45:22+0000] [MainThread] [I] [toil.worker] Redirecting logging to /tmp/31bb14ef91a2531aa32f09e4c9d0fd62/a6c8/worker_log.txt
[2022-03-12T20:45:22+0000] [MainThread] [I] [toil.leader] Issued job 'BlastSequencesAgainstEachOther' kind-BlastSequencesAgainstEachOther/instance-zsk7c_cb v1 with job batch system ID: 31 and cores: 1, disk: 11.5 Gi, and memory: 2.0 Gi
[2022-03-12T20:45:23+0000] [MainThread] [I] [toil.worker] Redirecting logging to /tmp/31bb14ef91a2531aa32f09e4c9d0fd62/980c/worker_log.txt
[2022-03-12T20:45:25+0000] [MainThread] [I] [toil-rt] 2022-03-12 20:45:25.585377: Running the command: "cactus_blast_chunkSequences INFO 6000000000 10000 /tmp/31bb14ef91a2531aa32f09e4c9d0fd62/980c/161e/tmpsi022j4d/tmp_fBteEpb6Yd /tmp/31bb14ef91a2531aa32f09e4c9d0fd62/980c/161e/tmpwkol88t3.tmp /tmp/31bb14ef91a2531aa32f09e4c9d0fd62/980c/161e/tmp7m6z6tx5.tmp"
[2022-03-12T20:45:34+0000] [MainThread] [I] [toil-rt] 2022-03-12 20:45:34.190181: Successfully ran: "cactus_blast_chunkSequences INFO 6000000000 10000 /tmp/31bb14ef91a2531aa32f09e4c9d0fd62/980c/161e/tmpsi022j4d/tmp_fBteEpb6Yd /tmp/31bb14ef91a2531aa32f09e4c9d0fd62/980c/161e/tmpwkol88t3.tmp /tmp/31bb14ef91a2531aa32f09e4c9d0fd62/980c/161e/tmp7m6z6tx5.tmp" in 8.5949 seconds and 8.2 Mi memory
[2022-03-12T20:45:34+0000] [MainThread] [I] [toil-rt] 2022-03-12 20:45:34.191548: Running the command: "cactus_blast_chunkSequences INFO 6000000000 10000 /tmp/31bb14ef91a2531aa32f09e4c9d0fd62/980c/161e/tmpavkdxd5y/tmp_TzJ0wdxRNf /tmp/31bb14ef91a2531aa32f09e4c9d0fd62/980c/161e/tmpycavwuqk.tmp"
[2022-03-12T20:45:53+0000] [MainThread] [I] [toil-rt] 2022-03-12 20:45:53.317849: Successfully ran: "cactus_blast_chunkSequences INFO 6000000000 10000 /tmp/31bb14ef91a2531aa32f09e4c9d0fd62/980c/161e/tmpavkdxd5y/tmp_TzJ0wdxRNf /tmp/31bb14ef91a2531aa32f09e4c9d0fd62/980c/161e/tmpycavwuqk.tmp" in 19.116 seconds and 462.0 Mi memory
[2022-03-12T20:46:04+0000] [MainThread] [I] [toil.leader] Issued job 'RunBlast' kind-RunBlast/instance-ofvtc6gf v1 with job batch system ID: 32 and cores: 32, disk: 8.2 Gi, and memory: 6.7 Gi
[2022-03-12T20:46:05+0000] [MainThread] [I] [toil.worker] Redirecting logging to /tmp/31bb14ef91a2531aa32f09e4c9d0fd62/9534/worker_log.txt
[2022-03-12T20:46:07+0000] [MainThread] [I] [toil-rt] 2022-03-12 20:46:07.208212: Running the command: "run_segalign /tmp/31bb14ef91a2531aa32f09e4c9d0fd62/9534/b98d/tmpa0x44xrj.tmp /tmp/31bb14ef91a2531aa32f09e4c9d0fd62/9534/b98d/tmpd5jkw_d0.tmp --format=cigar --notrivial --step=1 --ambiguous=iupac,100,100 --ydrop=3000"
[2022-03-12T21:08:04+0000] [MainThread] [I] [toil.leader] 1 jobs are running, 0 jobs are issued and waiting to run
[2022-03-12T21:28:59+0000] [MainThread] [I] [toil-rt] 2022-03-12 21:28:59.526054: Successfully ran: "run_segalign /tmp/31bb14ef91a2531aa32f09e4c9d0fd62/9534/b98d/tmpa0x44xrj.tmp /tmp/31bb14ef91a2531aa32f09e4c9d0fd62/9534/b98d/tmpd5jkw_d0.tmp --format=cigar --notrivial --step=1 --ambiguous=iupac,100,100 --ydrop=3000" in 2572.3076 seconds and 11.4 Gi memory
[2022-03-12T21:28:59+0000] [MainThread] [I] [toil-rt] 2022-03-12 21:28:59.527368: Running the command: "cactus_blast_convertCoordinates /tmp/31bb14ef91a2531aa32f09e4c9d0fd62/9534/b98d/tmpyrihsydp.tmp /tmp/31bb14ef91a2531aa32f09e4c9d0fd62/9534/b98d/tmpmq9hrty3.tmp 1"
[2022-03-12T21:30:50+0000] [MainThread] [I] [toil-rt] 2022-03-12 21:30:50.157301: Successfully ran: "cactus_blast_convertCoordinates /tmp/31bb14ef91a2531aa32f09e4c9d0fd62/9534/b98d/tmpyrihsydp.tmp /tmp/31bb14ef91a2531aa32f09e4c9d0fd62/9534/b98d/tmpmq9hrty3.tmp 1" in 110.6218 seconds and 1.2 Mi memory
[2022-03-12T21:30:57+0000] [MainThread] [I] [toil.leader] Issued job 'CollateBlasts' kind-CollateBlasts/instance-qi7d3ycv v1 with job batch system ID: 33 and cores: 1, disk: 2.0 Gi, and memory: 2.0 Gi
[2022-03-12T21:30:58+0000] [MainThread] [I] [toil.worker] Redirecting logging to /tmp/31bb14ef91a2531aa32f09e4c9d0fd62/9cf4/worker_log.txt
[2022-03-12T21:30:58+0000] [MainThread] [I] [toil.leader] Issued job 'CollateBlasts2' kind-CollateBlasts2/instance-lbqo5_ov v1 with job batch system ID: 34 and cores: 1, disk: 17.9 Gi, and memory: 2.0 Gi
[2022-03-12T21:30:59+0000] [MainThread] [I] [toil.worker] Redirecting logging to /tmp/31bb14ef91a2531aa32f09e4c9d0fd62/9e6f/worker_log.txt
[2022-03-12T21:31:08+0000] [MainThread] [I] [toil.leader] Issued job 'DeleteFileIDs' kind-DeleteFileIDs/instance-jdavkun1 v1 with job batch system ID: 35 and cores: 1, disk: 2.0 Gi, and memory: 2.0 Gi
[2022-03-12T21:31:09+0000] [MainThread] [I] [toil.worker] Redirecting logging to /tmp/31bb14ef91a2531aa32f09e4c9d0fd62/9824/worker_log.txt
[2022-03-12T21:31:10+0000] [MainThread] [I] [toil.leader] Issued job 'CollateBlasts2' kind-CollateBlasts2/instance-lbqo5_ov v2 with job batch system ID: 36 and cores: 1, disk: 17.9 Gi, and memory: 2.0 Gi
[2022-03-12T21:31:10+0000] [MainThread] [I] [toil.worker] Redirecting logging to /tmp/31bb14ef91a2531aa32f09e4c9d0fd62/f657/worker_log.txt
[2022-03-12T21:31:11+0000] [MainThread] [I] [toil.leader] Issued job 'CollateBlasts' kind-CollateBlasts/instance-qi7d3ycv v3 with job batch system ID: 37 and cores: 1, disk: 2.0 Gi, and memory: 2.0 Gi
[2022-03-12T21:31:11+0000] [MainThread] [I] [toil.worker] Redirecting logging to /tmp/31bb14ef91a2531aa32f09e4c9d0fd62/9d16/worker_log.txt
[2022-03-12T21:31:11+0000] [MainThread] [I] [toil.leader] Issued job 'BlastSequencesAgainstEachOther' kind-BlastSequencesAgainstEachOther/instance-zsk7c_cb v2 with job batch system ID: 38 and cores: 1, disk: 11.5 Gi, and memory: 2.0 Gi
[2022-03-12T21:31:12+0000] [MainThread] [I] [toil.worker] Redirecting logging to /tmp/31bb14ef91a2531aa32f09e4c9d0fd62/0893/worker_log.txt
[2022-03-12T21:31:13+0000] [MainThread] [I] [toil.leader] Issued job 'TrimAndRecurseOnOutgroups' kind-TrimAndRecurseOnOutgroups/instance-gaz65mjx v1 with job batch system ID: 39 and cores: 1, disk: 2.0 Gi, and memory: 2.0 Gi
[2022-03-12T21:31:14+0000] [MainThread] [I] [toil.worker] Redirecting logging to /tmp/31bb14ef91a2531aa32f09e4c9d0fd62/e0c2/worker_log.txt
[2022-03-12T21:31:18+0000] [MainThread] [I] [toil-rt] 2022-03-12 21:31:18.415314: Running the command: "cactus_coverage /tmp/31bb14ef91a2531aa32f09e4c9d0fd62/e0c2/4203/tmpl_h60fns.tmp /tmp/31bb14ef91a2531aa32f09e4c9d0fd62/e0c2/4203/tmpxnpud56u.tmp"
[2022-03-12T21:32:59+0000] [MainThread] [I] [toil-rt] 2022-03-12 21:32:59.070904: Successfully ran: "cactus_coverage /tmp/31bb14ef91a2531aa32f09e4c9d0fd62/e0c2/4203/tmpl_h60fns.tmp /tmp/31bb14ef91a2531aa32f09e4c9d0fd62/e0c2/4203/tmpxnpud56u.tmp" in 100.6487 seconds and 4.6 Gi memory
[2022-03-12T21:43:40+0000] [MainThread] [I] [toil-rt] 2022-03-12 21:43:40.402971: Running the command: "cactus_coverage /tmp/31bb14ef91a2531aa32f09e4c9d0fd62/e0c2/4203/tmp17a05nbc.tmp /tmp/31bb14ef91a2531aa32f09e4c9d0fd62/e0c2/4203/tmpxnpud56u.tmp"
[2022-03-12T21:45:04+0000] [MainThread] [I] [toil-rt] 2022-03-12 21:45:04.164664: Successfully ran: "cactus_coverage /tmp/31bb14ef91a2531aa32f09e4c9d0fd62/e0c2/4203/tmp17a05nbc.tmp /tmp/31bb14ef91a2531aa32f09e4c9d0fd62/e0c2/4203/tmpxnpud56u.tmp" in 83.7533 seconds and 602.4 Mi memory
[2022-03-12T21:45:26+0000] [MainThread] [I] [toil-rt] 2022-03-12 21:45:26.055544: Running the command: "cactus_coverage /tmp/31bb14ef91a2531aa32f09e4c9d0fd62/e0c2/4203/tmpfz8llyir.tmp /tmp/31bb14ef91a2531aa32f09e4c9d0fd62/e0c2/4203/tmpxnpud56u.tmp"
[2022-03-12T21:46:49+0000] [MainThread] [I] [toil-rt] 2022-03-12 21:46:49.526729: Successfully ran: "cactus_coverage /tmp/31bb14ef91a2531aa32f09e4c9d0fd62/e0c2/4203/tmpfz8llyir.tmp /tmp/31bb14ef91a2531aa32f09e4c9d0fd62/e0c2/4203/tmpxnpud56u.tmp" in 83.4626 seconds and 590.5 Mi memory
[2022-03-12T21:47:12+0000] [MainThread] [I] [toil-rt] 2022-03-12 21:47:12.165658: Running the command: "cactus_blast_convertCoordinates --onlyContig1 /tmp/31bb14ef91a2531aa32f09e4c9d0fd62/e0c2/4203/tmp63criwva.tmp /tmp/31bb14ef91a2531aa32f09e4c9d0fd62/e0c2/4203/tmp4upruo7i.tmp 1"
[2022-03-12T21:48:56+0000] [MainThread] [I] [toil-rt] 2022-03-12 21:48:56.045271: Successfully ran: "cactus_blast_convertCoordinates --onlyContig1 /tmp/31bb14ef91a2531aa32f09e4c9d0fd62/e0c2/4203/tmp63criwva.tmp /tmp/31bb14ef91a2531aa32f09e4c9d0fd62/e0c2/4203/tmp4upruo7i.tmp 1" in 103.8671 seconds and 1.1 Mi memory
[2022-03-12T21:49:28+0000] [MainThread] [I] [toil-rt] 2022-03-12 21:49:28.498456: Running the command: "cactus_coverage /tmp/31bb14ef91a2531aa32f09e4c9d0fd62/e0c2/4203/tmpki3dn24g.tmp /tmp/31bb14ef91a2531aa32f09e4c9d0fd62/e0c2/4203/tmprlxtc2f5.tmp"
[2022-03-12T21:54:39+0000] [MainThread] [I] [toil-rt] 2022-03-12 21:54:39.700027: Successfully ran: "cactus_coverage /tmp/31bb14ef91a2531aa32f09e4c9d0fd62/e0c2/4203/tmpki3dn24g.tmp /tmp/31bb14ef91a2531aa32f09e4c9d0fd62/e0c2/4203/tmprlxtc2f5.tmp" in 311.1883 seconds and 4.3 Gi memory
[2022-03-12T21:55:17+0000] [MainThread] [I] [toil-rt] 2022-03-12 21:55:17.834227: Running the command: "cactus_coverage /tmp/31bb14ef91a2531aa32f09e4c9d0fd62/e0c2/4203/tmpu8cg671_.tmp /tmp/31bb14ef91a2531aa32f09e4c9d0fd62/e0c2/4203/tmprlxtc2f5.tmp"
[2022-03-12T22:00:20+0000] [MainThread] [I] [toil-rt] 2022-03-12 22:00:20.082535: Successfully ran: "cactus_coverage /tmp/31bb14ef91a2531aa32f09e4c9d0fd62/e0c2/4203/tmpu8cg671_.tmp /tmp/31bb14ef91a2531aa32f09e4c9d0fd62/e0c2/4203/tmprlxtc2f5.tmp" in 302.2324 seconds and 4.3 Gi memory
[2022-03-12T22:00:58+0000] [Thread-4  ] [I] [toil.statsAndLogging] Got message from job at time 03-12-2022 22:00:58: Coverage on Cabingdonii from outgroup #3, Mmutica: 36.29603976029727% (current ingroup length 513938411, untrimmed length 2300745855). Outgroup trimmed to 1893816078 bp from 2484351270
[2022-03-12T22:00:58+0000] [Thread-4  ] [I] [toil.statsAndLogging] Got message from job at time 03-12-2022 22:00:58: Coverage on Gevgoodei from outgroup #3, Mmutica: 34.28360696026973% (current ingroup length 521645646, untrimmed length 2298564209). Outgroup trimmed to 1893816078 bp from 2484351270
[2022-03-12T22:00:58+0000] [Thread-4  ] [I] [toil.statsAndLogging] Got message from job at time 03-12-2022 22:00:58: Cumulative coverage of 3 outgroups on ingroup Cabingdonii: 86.1922849362256
[2022-03-12T22:00:58+0000] [Thread-4  ] [I] [toil.statsAndLogging] Got message from job at time 03-12-2022 22:00:58: Cumulative coverage of 3 outgroups on ingroup Gevgoodei: 85.46442206435661
[2022-03-12T22:00:58+0000] [Thread-4  ] [W] [toil.statsAndLogging] Got message from job at time 03-12-2022 22:00:58: Job used more disk than requested. For CWL, consider increasing the outdirMin requirement, otherwise, consider increasing the disk requirement. Job files/for-job/kind-TrimAndRecurseOnOutgroups/instance-gaz65mjx/cleanup/file-8676e5c34629468782f6eb8bb32ce361/stream used 1799.20% disk (36.0 GiB [38637514752B] used, 2.0 GiB [2147483648B] requested).
[2022-03-12T22:01:04+0000] [MainThread] [I] [toil.leader] Issued job 'BlastFirstOutgroup' kind-BlastFirstOutgroup/instance-d7e1rfw6 v2 with job batch system ID: 40 and cores: 1, disk: 2.0 Gi, and memory: 2.0 Gi
[2022-03-12T22:01:04+0000] [MainThread] [I] [toil.worker] Redirecting logging to /tmp/31bb14ef91a2531aa32f09e4c9d0fd62/162f/worker_log.txt
[2022-03-12T22:01:05+0000] [MainThread] [I] [toil.leader] Issued job 'TrimAndRecurseOnOutgroups' kind-TrimAndRecurseOnOutgroups/instance-1mr2vbhn v3 with job batch system ID: 41 and cores: 1, disk: 2.0 Gi, and memory: 2.0 Gi
[2022-03-12T22:01:05+0000] [MainThread] [I] [toil.worker] Redirecting logging to /tmp/31bb14ef91a2531aa32f09e4c9d0fd62/b201/worker_log.txt
[2022-03-12T22:01:06+0000] [MainThread] [I] [toil.leader] Issued job 'BlastFirstOutgroup' kind-BlastFirstOutgroup/instance-11frzopf v2 with job batch system ID: 42 and cores: 1, disk: 2.0 Gi, and memory: 2.0 Gi
[2022-03-12T22:01:06+0000] [MainThread] [I] [toil.worker] Redirecting logging to /tmp/31bb14ef91a2531aa32f09e4c9d0fd62/e62f/worker_log.txt
[2022-03-12T22:01:07+0000] [MainThread] [I] [toil.leader] Issued job 'TrimAndRecurseOnOutgroups' kind-TrimAndRecurseOnOutgroups/instance-csiawnca v3 with job batch system ID: 43 and cores: 1, disk: 2.0 Gi, and memory: 2.0 Gi
[2022-03-12T22:01:07+0000] [MainThread] [I] [toil.worker] Redirecting logging to /tmp/31bb14ef91a2531aa32f09e4c9d0fd62/e95a/worker_log.txt
[2022-03-12T22:01:07+0000] [MainThread] [I] [toil.leader] Issued job 'BlastFirstOutgroup' kind-BlastFirstOutgroup/instance-njaaoz8p v2 with job batch system ID: 44 and cores: 1, disk: 2.0 Gi, and memory: 2.0 Gi
[2022-03-12T22:01:08+0000] [MainThread] [I] [toil.worker] Redirecting logging to /tmp/31bb14ef91a2531aa32f09e4c9d0fd62/36a5/worker_log.txt
[2022-03-12T22:01:08+0000] [MainThread] [I] [toil.leader] Issued job 'CollateBlasts' kind-CollateBlasts/instance-otntc91x v1 with job batch system ID: 45 and cores: 1, disk: 2.0 Gi, and memory: 2.0 Gi
[2022-03-12T22:01:09+0000] [MainThread] [I] [toil.worker] Redirecting logging to /tmp/31bb14ef91a2531aa32f09e4c9d0fd62/db89/worker_log.txt
[2022-03-12T22:01:09+0000] [MainThread] [I] [toil.leader] Issued job 'CollateBlasts2' kind-CollateBlasts2/instance-kbhzwl1e v1 with job batch system ID: 46 and cores: 1, disk: 135.8 Gi, and memory: 2.0 Gi
[2022-03-12T22:01:10+0000] [MainThread] [I] [toil.worker] Redirecting logging to /tmp/31bb14ef91a2531aa32f09e4c9d0fd62/c8c9/worker_log.txt
[2022-03-12T22:02:28+0000] [MainThread] [I] [toil.leader] Issued job 'DeleteFileIDs' kind-DeleteFileIDs/instance-wy2taeft v1 with job batch system ID: 47 and cores: 1, disk: 2.0 Gi, and memory: 2.0 Gi
[2022-03-12T22:02:29+0000] [MainThread] [I] [toil.worker] Redirecting logging to /tmp/31bb14ef91a2531aa32f09e4c9d0fd62/47f7/worker_log.txt
[2022-03-12T22:02:34+0000] [MainThread] [I] [toil.leader] Issued job 'CollateBlasts2' kind-CollateBlasts2/instance-kbhzwl1e v2 with job batch system ID: 48 and cores: 1, disk: 135.8 Gi, and memory: 2.0 Gi
[2022-03-12T22:02:35+0000] [MainThread] [I] [toil.worker] Redirecting logging to /tmp/31bb14ef91a2531aa32f09e4c9d0fd62/ea2c/worker_log.txt
[2022-03-12T22:02:35+0000] [MainThread] [I] [toil.leader] Issued job 'CollateBlasts' kind-CollateBlasts/instance-otntc91x v3 with job batch system ID: 49 and cores: 1, disk: 2.0 Gi, and memory: 2.0 Gi
[2022-03-12T22:02:35+0000] [MainThread] [I] [toil.worker] Redirecting logging to /tmp/31bb14ef91a2531aa32f09e4c9d0fd62/1038/worker_log.txt
[2022-03-12T22:02:36+0000] [MainThread] [I] [toil.leader] Issued job 'BlastIngroupsAndOutgroups' kind-BlastIngroupsAndOutgroups/instance-vx6jxndo v2 with job batch system ID: 50 and cores: 1, disk: 2.0 Gi, and memory: 2.0 Gi
[2022-03-12T22:02:36+0000] [MainThread] [I] [toil.worker] Redirecting logging to /tmp/31bb14ef91a2531aa32f09e4c9d0fd62/58f7/worker_log.txt
[2022-03-12T22:02:37+0000] [MainThread] [I] [toil.leader] Issued job 'Job' kind-Job/instance-m9edalmk v1 with job batch system ID: 51 and cores: 0, disk: 95.4 Mi, and memory: 488.3 Mi
[2022-03-12T22:02:37+0000] [MainThread] [I] [toil.worker] Redirecting logging to /tmp/31bb14ef91a2531aa32f09e4c9d0fd62/717d/worker_log.txt
[2022-03-12T22:02:38+0000] [MainThread] [I] [toil.leader] Issued job 'updateExpWrapperForOutgroups' kind-updateExpWrapperForOutgroups/instance-8ad_8qtf v1 with job batch system ID: 52 and cores: 1, disk: 2.0 Gi, and memory: 2.0 Gi
[2022-03-12T22:02:38+0000] [MainThread] [I] [toil.leader] Issued job 'mappingQualityRescoring' kind-mappingQualityRescoring/instance-s3r5k_72 v1 with job batch system ID: 53 and cores: 1, disk: 2.0 Gi, and memory: 2.0 Gi
[2022-03-12T22:02:38+0000] [MainThread] [I] [toil.worker] Redirecting logging to /tmp/31bb14ef91a2531aa32f09e4c9d0fd62/9eb3/worker_log.txt
[2022-03-12T22:02:38+0000] [MainThread] [I] [toil.worker] Redirecting logging to /tmp/31bb14ef91a2531aa32f09e4c9d0fd62/fd5c/worker_log.txt
[2022-03-12T22:03:07+0000] [MainThread] [I] [toil-rt] 2022-03-12 22:03:07.804577: Running the command: "bash -c set -eo pipefail && cat /tmp/31bb14ef91a2531aa32f09e4c9d0fd62/fd5c/0779/tmpktm28g3q.tmp | cactus_mirrorAndOrientAlignments INFO | sort -T/tmp/31bb14ef91a2531aa32f09e4c9d0fd62/fd5c/0779/tmpl3j_d70d -k6,6 -k7,7n -k8,8n | uniq | cactus_splitAlignmentOverlaps INFO | cactus_calculateMappingQualities INFO 5 0.0 0.001 /tmp/31bb14ef91a2531aa32f09e4c9d0fd62/fd5c/0779/tmp2gsu362d.tmp /tmp/31bb14ef91a2531aa32f09e4c9d0fd62/fd5c/0779/tmp3wl8d3_i.tmp /tmp/31bb14ef91a2531aa32f09e4c9d0fd62/fd5c/0779/tmpf_1spekb.tmp /tmp/31bb14ef91a2531aa32f09e4c9d0fd62/fd5c/0779/tmpgho06ubk.tmp /tmp/31bb14ef91a2531aa32f09e4c9d0fd62/fd5c/0779/tmps53zddm4.tmp"
[2022-03-12T22:08:05+0000] [MainThread] [I] [toil.leader] 1 jobs are running, 0 jobs are issued and waiting to run
[2022-03-12T23:08:05+0000] [MainThread] [I] [toil.leader] 1 jobs are running, 0 jobs are issued and waiting to run
slurmstepd: error: *** JOB 65529904 ON holygpu2c0704 CANCELLED AT 2022-03-12T18:08:21 DUE TO TIME LIMIT ***
