[2022-03-15T03:38:03+0000] [MainThread] [C] [toil.jobStores.abstractJobStore] Repairing job: kind-Job/instance-6h_hmd86
[2022-03-15T03:38:03+0000] [MainThread] [I] [toil] Running Toil version 5.6.0-c34146a6437e4407a61e946e968bcce67a0ebbca on host holygpu2c0705.rc.fas.harvard.edu.
[2022-03-15T03:38:03+0000] [MainThread] [I] [toil.realtimeLogger] Starting real-time logging.
[2022-03-15T03:38:03+0000] [MainThread] [I] [toil.leader] Issued job 'CactusConsolidated' kind-CactusConsolidated/instance-fg2wmbcz v1 with job batch system ID: 0 and cores: 32, disk: 13.0 Gi, and memory: 78.1 Gi
[2022-03-15T03:38:04+0000] [MainThread] [I] [toil.worker] Redirecting logging to /tmp/a19dad1c5e0456feb107e28c1732190b/6305/worker_log.txt
[2022-03-15T03:38:05+0000] [MainThread] [I] [toil.leader] 1 jobs are running, 0 jobs are issued and waiting to run
[2022-03-15T03:40:06+0000] [MainThread] [I] [toil-rt] 2022-03-15 03:40:06.201012: Running the command: "cactus_consolidated --sequences Cabingdonii /tmp/a19dad1c5e0456feb107e28c1732190b/6305/354d/tmp44d0izqu.tmp Cmccordii /tmp/a19dad1c5e0456feb107e28c1732190b/6305/354d/tmpr5lpd0yx.tmp Gevgoodei /tmp/a19dad1c5e0456feb107e28c1732190b/6305/354d/tmpf8ro0q9f.tmp Mmutica /tmp/a19dad1c5e0456feb107e28c1732190b/6305/354d/tmpeookifii.tmp Pmegacephalum /tmp/a19dad1c5e0456feb107e28c1732190b/6305/354d/tmp0y0b71pc.tmp --speciesTree (((Cmccordii:1.0,Mmutica:2.0)Anc07:1.0,(Cabingdonii:1.0,Gevgoodei:1.0)Anc08:1.0)Anc03:1.0,Pmegacephalum:2.0)Anc01; --logLevel INFO --alignments /tmp/a19dad1c5e0456feb107e28c1732190b/6305/354d/tmpmafa66bk.tmp --params /tmp/a19dad1c5e0456feb107e28c1732190b/6305/354d/tmpm7ajzije.tmp --outputFile /tmp/a19dad1c5e0456feb107e28c1732190b/6305/354d/tmp01tp974u.tmp --outputHalFastaFile /tmp/a19dad1c5e0456feb107e28c1732190b/6305/354d/tmpdsug667q.tmp --outputReferenceFile /tmp/a19dad1c5e0456feb107e28c1732190b/6305/354d/tmpaeoa9pmg.tmp --outgroupEvents Cmccordii Pmegacephalum Mmutica --referenceEvent Anc08 --secondaryAlignments /tmp/a19dad1c5e0456feb107e28c1732190b/6305/354d/tmp5zvy8n_h.tmp --threads 32"
[2022-03-15T03:40:06+0000] [MainThread] [I] [toil-rt] cactus_consolidated(Anc08): Params file: /tmp/a19dad1c5e0456feb107e28c1732190b/6305/354d/tmpm7ajzije.tmp
[2022-03-15T03:40:06+0000] [MainThread] [I] [toil-rt] cactus_consolidated(Anc08): Output file string : /tmp/a19dad1c5e0456feb107e28c1732190b/6305/354d/tmp01tp974u.tmp
[2022-03-15T03:40:06+0000] [MainThread] [I] [toil-rt] cactus_consolidated(Anc08): Output hal fasta file string : /tmp/a19dad1c5e0456feb107e28c1732190b/6305/354d/tmpdsug667q.tmp
[2022-03-15T03:40:06+0000] [MainThread] [I] [toil-rt] cactus_consolidated(Anc08): Output reference fasta file string : /tmp/a19dad1c5e0456feb107e28c1732190b/6305/354d/tmpaeoa9pmg.tmp
[2022-03-15T03:40:06+0000] [MainThread] [I] [toil-rt] cactus_consolidated(Anc08): Sequence files and events: Cabingdonii /tmp/a19dad1c5e0456feb107e28c1732190b/6305/354d/tmp44d0izqu.tmp Cmccordii /tmp/a19dad1c5e0456feb107e28c1732190b/6305/354d/tmpr5lpd0yx.tmp Gevgoodei /tmp/a19dad1c5e0456feb107e28c1732190b/6305/354d/tmpf8ro0q9f.tmp Mmutica /tmp/a19dad1c5e0456feb107e28c1732190b/6305/354d/tmpeookifii.tmp Pmegacephalum /tmp/a19dad1c5e0456feb107e28c1732190b/6305/354d/tmp0y0b71pc.tmp
[2022-03-15T03:40:06+0000] [MainThread] [I] [toil-rt] cactus_consolidated(Anc08): Alignments file: /tmp/a19dad1c5e0456feb107e28c1732190b/6305/354d/tmpmafa66bk.tmp
[2022-03-15T03:40:06+0000] [MainThread] [I] [toil-rt] cactus_consolidated(Anc08): Secondary alignments file: /tmp/a19dad1c5e0456feb107e28c1732190b/6305/354d/tmp5zvy8n_h.tmp
[2022-03-15T03:40:06+0000] [MainThread] [I] [toil-rt] cactus_consolidated(Anc08): Constraint alignments file: (null)
[2022-03-15T03:40:06+0000] [MainThread] [I] [toil-rt] cactus_consolidated(Anc08): Species tree: (((Cmccordii:1.0,Mmutica:2.0)Anc07:1.0,(Cabingdonii:1.0,Gevgoodei:1.0)Anc08:1.0)Anc03:1.0,Pmegacephalum:2.0)Anc01;
[2022-03-15T03:40:06+0000] [MainThread] [I] [toil-rt] cactus_consolidated(Anc08): Outgroup events: Cmccordii Pmegacephalum Mmutica
[2022-03-15T03:40:06+0000] [MainThread] [I] [toil-rt] cactus_consolidated(Anc08): Reference event: Anc08
[2022-03-15T03:40:06+0000] [MainThread] [I] [toil-rt] cactus_consolidated(Anc08): Loaded the parameters files, 0 seconds have elapsed
[2022-03-15T03:40:06+0000] [MainThread] [I] [toil-rt] cactus_consolidated(Anc08): Set up the cactus disk, 0 seconds have elapsed
[2022-03-15T03:40:06+0000] [MainThread] [I] [toil-rt] cactus_consolidated(Anc08): Constructed the first flower
[2022-03-15T03:40:06+0000] [MainThread] [I] [toil-rt] cactus_consolidated(Anc08): Going to build the event tree with newick string: (((Cmccordii:1.0,Mmutica:2.0)Anc07:1.0,(Cabingdonii:1.0,Gevgoodei:1.0)Anc08:1.0)Anc03:1.0,Pmegacephalum:2.0)Anc01;
[2022-03-15T03:40:06+0000] [MainThread] [I] [toil-rt] cactus_consolidated(Anc08): Parsed the tree
[2022-03-15T03:40:06+0000] [MainThread] [I] [toil-rt] cactus_consolidated(Anc08): Constructed the basic event tree
[2022-03-15T03:40:06+0000] [MainThread] [I] [toil-rt] cactus_consolidated(Anc08): Assigning sequence /tmp/a19dad1c5e0456feb107e28c1732190b/6305/354d/tmp44d0izqu.tmp to Cabingdonii
[2022-03-15T03:40:06+0000] [MainThread] [I] [toil-rt] cactus_consolidated(Anc08): Processing file: /tmp/a19dad1c5e0456feb107e28c1732190b/6305/354d/tmp44d0izqu.tmp
[2022-03-15T03:40:06+0000] [MainThread] [I] [toil-rt] cactus_consolidated(Anc08): The file /tmp/a19dad1c5e0456feb107e28c1732190b/6305/354d/tmp44d0izqu.tmp is specified incomplete, the sequences will not be attached
[2022-03-15T03:40:22+0000] [MainThread] [I] [toil-rt] cactus_consolidated(Anc08): Assigning sequence /tmp/a19dad1c5e0456feb107e28c1732190b/6305/354d/tmpr5lpd0yx.tmp to Cmccordii
[2022-03-15T03:40:22+0000] [MainThread] [I] [toil-rt] cactus_consolidated(Anc08): Processing file: /tmp/a19dad1c5e0456feb107e28c1732190b/6305/354d/tmpr5lpd0yx.tmp
[2022-03-15T03:40:22+0000] [MainThread] [I] [toil-rt] cactus_consolidated(Anc08): The file /tmp/a19dad1c5e0456feb107e28c1732190b/6305/354d/tmpr5lpd0yx.tmp is specified incomplete, the sequences will not be attached
[2022-03-15T03:40:37+0000] [MainThread] [I] [toil-rt] cactus_consolidated(Anc08): Assigning sequence /tmp/a19dad1c5e0456feb107e28c1732190b/6305/354d/tmpf8ro0q9f.tmp to Gevgoodei
[2022-03-15T03:40:37+0000] [MainThread] [I] [toil-rt] cactus_consolidated(Anc08): Processing file: /tmp/a19dad1c5e0456feb107e28c1732190b/6305/354d/tmpf8ro0q9f.tmp
[2022-03-15T03:40:37+0000] [MainThread] [I] [toil-rt] cactus_consolidated(Anc08): The file /tmp/a19dad1c5e0456feb107e28c1732190b/6305/354d/tmpf8ro0q9f.tmp is specified incomplete, the sequences will not be attached
[2022-03-15T03:40:53+0000] [MainThread] [I] [toil-rt] cactus_consolidated(Anc08): Assigning sequence /tmp/a19dad1c5e0456feb107e28c1732190b/6305/354d/tmpeookifii.tmp to Mmutica
[2022-03-15T03:40:53+0000] [MainThread] [I] [toil-rt] cactus_consolidated(Anc08): Processing file: /tmp/a19dad1c5e0456feb107e28c1732190b/6305/354d/tmpeookifii.tmp
[2022-03-15T03:40:53+0000] [MainThread] [I] [toil-rt] cactus_consolidated(Anc08): The file /tmp/a19dad1c5e0456feb107e28c1732190b/6305/354d/tmpeookifii.tmp is specified incomplete, the sequences will not be attached
[2022-03-15T03:41:07+0000] [MainThread] [I] [toil-rt] cactus_consolidated(Anc08): Assigning sequence /tmp/a19dad1c5e0456feb107e28c1732190b/6305/354d/tmp0y0b71pc.tmp to Pmegacephalum
[2022-03-15T03:41:07+0000] [MainThread] [I] [toil-rt] cactus_consolidated(Anc08): Processing file: /tmp/a19dad1c5e0456feb107e28c1732190b/6305/354d/tmp0y0b71pc.tmp
[2022-03-15T03:41:07+0000] [MainThread] [I] [toil-rt] cactus_consolidated(Anc08): The file /tmp/a19dad1c5e0456feb107e28c1732190b/6305/354d/tmp0y0b71pc.tmp is specified incomplete, the sequences will not be attached
[2022-03-15T03:41:21+0000] [MainThread] [I] [toil-rt] cactus_consolidated(Anc08): Constructed the initial flower with 433067 sequences and 10 events with string: ((((Cmccordii:1,Mmutica:2)Anc07:1,(Cabingdonii:1,Gevgoodei:1)Anc08:1)Anc03:1,Pmegacephalum:2)Anc01:9.22337e+18)ROOT:9.22337e+18;
[2022-03-15T03:41:21+0000] [MainThread] [I] [toil-rt] cactus_consolidated(Anc08): Established the first Flower in the hierarchy, 75 seconds have elapsed
[2022-03-15T04:07:25+0000] [MainThread] [I] [toil-rt] cactus_consolidated(Anc08): Converted alignment coordinates, 1639 seconds have elapsed
[2022-03-15T04:07:25+0000] [MainThread] [I] [toil-rt] cactus_consolidated(Anc08): Stripped the unique IDs, 1639 seconds have elapsed
[2022-03-15T04:07:27+0000] [MainThread] [I] [toil-rt] cactus_consolidated(Anc08): Starting annealing round with a minimum chain length of 64 and an alignment trim of 3
[2022-03-15T04:38:07+0000] [MainThread] [I] [toil.leader] 1 jobs are running, 0 jobs are issued and waiting to run
[2022-03-15T05:28:29+0000] [MainThread] [I] [toil-rt] cactus_consolidated(Anc08): There were 159362292 blocks in the sequence graph, representing 6743955860 total aligned bases
[2022-03-15T05:29:02+0000] [MainThread] [I] [toil-rt] cactus_consolidated(Anc08): Block degree stats: min 1, avg 5.328231, median 4, max 394349
[2022-03-15T05:29:02+0000] [MainThread] [I] [toil-rt] cactus_consolidated(Anc08): Block support stats: min 0.000000, avg 0.738990, median 0.666667, max 5.000000
[2022-03-15T05:35:12+0000] [MainThread] [I] [toil-rt] cactus_consolidated(Anc08): Starting melting round with a minimum chain length of 2
[2022-03-15T05:38:07+0000] [MainThread] [I] [toil.leader] 1 jobs are running, 0 jobs are issued and waiting to run
[2022-03-15T06:38:09+0000] [MainThread] [I] [toil.leader] 1 jobs are running, 0 jobs are issued and waiting to run
[2022-03-15T07:07:54+0000] [MainThread] [I] [toil-rt] cactus_consolidated(Anc08): A melting round is destroying 31467290 blocks with an average degree of 8.364870 from chains with length less than 2. Total aligned bases lost: 263219786
[2022-03-15T07:25:56+0000] [MainThread] [I] [toil-rt] cactus_consolidated(Anc08): Starting melting round with a minimum chain length of 4
[2022-03-15T07:38:10+0000] [MainThread] [I] [toil.leader] 1 jobs are running, 0 jobs are issued and waiting to run
[2022-03-15T08:36:55+0000] [MainThread] [I] [toil-rt] cactus_consolidated(Anc08): A melting round is destroying 27629383 blocks with an average degree of 6.238047 from chains with length less than 4. Total aligned bases lost: 364603707
[2022-03-15T08:38:10+0000] [MainThread] [I] [toil.leader] 1 jobs are running, 0 jobs are issued and waiting to run
[2022-03-15T08:50:40+0000] [MainThread] [I] [toil-rt] cactus_consolidated(Anc08): Starting melting round with a minimum chain length of 8
[2022-03-15T09:38:12+0000] [MainThread] [I] [toil.leader] 1 jobs are running, 0 jobs are issued and waiting to run
[2022-03-15T09:45:24+0000] [MainThread] [I] [toil-rt] cactus_consolidated(Anc08): A melting round is destroying 29957677 blocks with an average degree of 4.259153 from chains with length less than 8. Total aligned bases lost: 540829343
[2022-03-15T10:38:13+0000] [MainThread] [I] [toil.leader] 1 jobs are running, 0 jobs are issued and waiting to run
[2022-03-15T11:09:23+0000] [MainThread] [I] [toil-rt] cactus_consolidated(Anc08): A melting round is destroying 18513281 blocks with an average degree of 4.033124 from chains with length less than 64. Total aligned bases lost: 504678674
slurmstepd: error: *** JOB 65855458 ON holygpu2c0705 CANCELLED AT 2022-03-15T07:38:06 DUE TO TIME LIMIT ***
