INFO:    Could not find any nv files on this host!
[2022-04-14T19:05:23+0000] [MainThread] [I] [toil.statsAndLogging] xmlRoot = <multi_cactus inputSequences="turtle-output/GCA_009430475.1_Amar_v1_genomic.fna turtle-output/Anc00.fa turtle-output/Anc01.fa turtle-output/Anc02.fa turtle-output/Anc03.fa turtle-output/Anc04.fa turtle-output/Anc05.fa turtle-output/Anc06.fa turtle-output/Anc07.fa turtle-output/Anc09.fa turtle-output/Anc10.fa turtle-output/Anc11.fa turtle-output/Anc12.fa turtle-output/Anc13.fa turtle-output/Anc14.fa turtle-output/Anc15.fa turtle-output/Anc16.fa turtle-output/Anc17.fa turtle-output/Anc18.fa turtle-output/Anc19.fa turtle-output/Anc20.fa turtle-output/GCA_003597395.1_ASM359739v1_genomic.fna turtle-output/GCA_007922185.1_Carettochelys_insculpta-1.0_genomic.fna turtle-output/GCA_003846335.1_ASM384633v1_genomic.fna turtle-output/GCF_015237465.2_rCheMyd1.pri.v2_genomic.fna turtle-output/GCA_000241765.3_Chrysemys_picta_BioNano-3.0.4_genomic.fna turtle-output/GCA_007922165.1_Chelydra_serpentina-1.0_genomic.fna turtle-output/GCF_009764565.3_rDerCor1.pri.v4_genomic.fna turtle-output/GCA_007922305.1_Dermatemys_mawii-1.0_genomic.fna turtle-output/GCA_007922225.1_Emydura_subglobosa-1.0_genomic.fna turtle-output/GCF_007399415.2_rGopEvg1_v1.p_genomic.fna turtle-output/LepKem1-11Jun2020.fasta.masked turtle-output/GCA_020497125.1_ASM2049712v1_genomic.fna turtle-output/GCF_016161935.1_ASM1616193v1_genomic.fna turtle-output/GCA_001728815.2_terp_v2_2_genomic.fna turtle-output/GCA_007922155.1_Mesoclemmys_tuberculata-1.0_genomic.fna turtle-output/GCA_007922175.1_Pelusios_castaneus-1.0_genomic.fna turtle-output/GCA_007922195.1_Podocnemis_expansa-1.0_genomic.fna turtle-output/GCA_003942145.1_ASM394214v1_genomic.fna turtle-output/GCA_000230535.1_PelSin_1.0_genomic.fna turtle-output/GCA_019425775.1_ASM1942577v1_genomic.fna turtle-output/GCF_013100865.1_CAS_Tse_1.0_genomic.fna" inputSequenceNames="Amarmorata Anc00 Anc01 Anc02 Anc03 Anc04 Anc05 Anc06 Anc07 Anc09 Anc10 Anc11 Anc12 Anc13 Anc14 Anc15 Anc16 Anc17 Anc18 Anc19 Anc20 Cabingdonii Cinsculpta Cmccordii Cmydas Cpicta Cserpentina Dcoriacea Dmawii Esubglobosa Gevgoodei Lkempii Mmutica Mreevesii Mterrapin Mtuberculata Pcastaneus Pexpansa Pmegacephalum Psinensis Rswinhoei Tscripta">
	<tree>((((Cmccordii:1.0,(Mmutica:1.0,Mreevesii:1.0)Anc14:1.0)Anc07:1.0,(Cabingdonii:1.0,Gevgoodei:1.0)Anc08:1.0)Anc03:1.0,((((Tscripta:1.0,Mterrapin:1.0)Anc19:1.0,Cpicta:1.0)Anc15:1.0,Amarmorata:1.0)Anc09:1.0,Pmegacephalum:1.0)Anc04:1.0)Anc01:1.0,((((Dmawii:1.0,Cserpentina:1.0)Anc16:1.0,((Cmydas:1.0,Lkempii:1.0)Anc20:1.0,Dcoriacea:1.0)Anc17:1.0)Anc10:1.0,((Psinensis:1.0,Rswinhoei:1.0)Anc18:1.0,Cinsculpta:1.0)Anc11:1.0)Anc05:1.0,((Esubglobosa:1.0,Mtuberculata:1.0)Anc12:1.0,(Pcastaneus:1.0,Pexpansa:1.0)Anc13:1.0)Anc06:1.0)Anc02:1.0)Anc00;</tree>
	<cactus name="Anc00" experiment_path="/tmp/tmpmdnrt0a4/progressiveAlignment/Anc00/Anc00_experiment.xml" />
	<cactus name="Anc01" experiment_path="/tmp/tmpmdnrt0a4/progressiveAlignment/Anc01/Anc01_experiment.xml" />
	<cactus name="Anc03" experiment_path="/tmp/tmpmdnrt0a4/progressiveAlignment/Anc03/Anc03_experiment.xml" />
	<cactus name="Anc07" experiment_path="/tmp/tmpmdnrt0a4/progressiveAlignment/Anc07/Anc07_experiment.xml" />
	<cactus name="Anc14" experiment_path="/tmp/tmpmdnrt0a4/progressiveAlignment/Anc14/Anc14_experiment.xml" />
	<cactus name="Anc08" experiment_path="/tmp/tmpmdnrt0a4/progressiveAlignment/Anc08/Anc08_experiment.xml" />
	<cactus name="Anc04" experiment_path="/tmp/tmpmdnrt0a4/progressiveAlignment/Anc04/Anc04_experiment.xml" />
	<cactus name="Anc09" experiment_path="/tmp/tmpmdnrt0a4/progressiveAlignment/Anc09/Anc09_experiment.xml" />
	<cactus name="Anc15" experiment_path="/tmp/tmpmdnrt0a4/progressiveAlignment/Anc15/Anc15_experiment.xml" />
	<cactus name="Anc19" experiment_path="/tmp/tmpmdnrt0a4/progressiveAlignment/Anc19/Anc19_experiment.xml" />
	<cactus name="Anc02" experiment_path="/tmp/tmpmdnrt0a4/progressiveAlignment/Anc02/Anc02_experiment.xml" />
	<cactus name="Anc05" experiment_path="/tmp/tmpmdnrt0a4/progressiveAlignment/Anc05/Anc05_experiment.xml" />
	<cactus name="Anc10" experiment_path="/tmp/tmpmdnrt0a4/progressiveAlignment/Anc10/Anc10_experiment.xml" />
	<cactus name="Anc16" experiment_path="/tmp/tmpmdnrt0a4/progressiveAlignment/Anc16/Anc16_experiment.xml" />
	<cactus name="Anc17" experiment_path="/tmp/tmpmdnrt0a4/progressiveAlignment/Anc17/Anc17_experiment.xml" />
	<cactus name="Anc20" experiment_path="/tmp/tmpmdnrt0a4/progressiveAlignment/Anc20/Anc20_experiment.xml" />
	<cactus name="Anc11" experiment_path="/tmp/tmpmdnrt0a4/progressiveAlignment/Anc11/Anc11_experiment.xml" />
	<cactus name="Anc18" experiment_path="/tmp/tmpmdnrt0a4/progressiveAlignment/Anc18/Anc18_experiment.xml" />
	<cactus name="Anc06" experiment_path="/tmp/tmpmdnrt0a4/progressiveAlignment/Anc06/Anc06_experiment.xml" />
	<cactus name="Anc12" experiment_path="/tmp/tmpmdnrt0a4/progressiveAlignment/Anc12/Anc12_experiment.xml" />
	<cactus name="Anc13" experiment_path="/tmp/tmpmdnrt0a4/progressiveAlignment/Anc13/Anc13_experiment.xml" />
</multi_cactus>
[2022-04-14T19:05:30+0000] [MainThread] [I] [toil.statsAndLogging] Importing file:///n/holylfs05/LABS/informatics/Users/gthomas/turtles/cactus/turtle-output/GCA_003597395.1_ASM359739v1_genomic.fna
[2022-04-14T19:05:30+0000] [MainThread] [I] [toil.statsAndLogging] Importing file:///n/holylfs05/LABS/informatics/Users/gthomas/turtles/cactus/turtle-output/GCF_007399415.2_rGopEvg1_v1.p_genomic.fna
[2022-04-14T19:05:30+0000] [MainThread] [I] [toil.job] Saving graph of 1 jobs, 1 new
[2022-04-14T19:05:30+0000] [MainThread] [I] [toil.job] Processing job 'run_batch_align_jobs' kind-run_batch_align_jobs/instance-fs_znzg2 v0
[2022-04-14T19:05:30+0000] [MainThread] [I] [toil] Running Toil version 5.6.0-c34146a6437e4407a61e946e968bcce67a0ebbca on host holy7c26410.rc.fas.harvard.edu.
[2022-04-14T19:05:30+0000] [MainThread] [I] [toil.realtimeLogger] Starting real-time logging.
[2022-04-14T19:05:30+0000] [MainThread] [I] [toil.leader] Issued job 'run_batch_align_jobs' kind-run_batch_align_jobs/instance-fs_znzg2 v1 with job batch system ID: 0 and cores: 1, disk: 2.0 Gi, and memory: 2.0 Gi
[2022-04-14T19:05:30+0000] [MainThread] [I] [toil.worker] Redirecting logging to /tmp/1f12588952da56b08f2e2068be7a98f3/8dfb/worker_log.txt
[2022-04-14T19:05:32+0000] [MainThread] [I] [toil.leader] 0 jobs are running, 0 jobs are issued and waiting to run
[2022-04-14T19:05:32+0000] [MainThread] [I] [toil.leader] Issued job 'run_cactus_align' kind-run_cactus_align/instance-0rf_uzns v1 with job batch system ID: 1 and cores: 1, disk: 2.0 Gi, and memory: 2.0 Gi
[2022-04-14T19:05:32+0000] [MainThread] [I] [toil.worker] Redirecting logging to /tmp/1f12588952da56b08f2e2068be7a98f3/3f87/worker_log.txt
[2022-04-14T19:05:33+0000] [MainThread] [I] [toil.leader] Issued job 'Job' kind-Job/instance-8801d1vd v1 with job batch system ID: 2 and cores: 1, disk: 2.0 Gi, and memory: 2.0 Gi
[2022-04-14T19:05:33+0000] [MainThread] [I] [toil.worker] Redirecting logging to /tmp/1f12588952da56b08f2e2068be7a98f3/5e7e/worker_log.txt
[2022-04-14T19:05:34+0000] [MainThread] [I] [toil.leader] Issued job 'preprocess_input_sequences' kind-preprocess_input_sequences/instance-edps5k72 v1 with job batch system ID: 3 and cores: 1, disk: 2.0 Gi, and memory: 2.0 Gi
[2022-04-14T19:05:34+0000] [MainThread] [I] [toil.worker] Redirecting logging to /tmp/1f12588952da56b08f2e2068be7a98f3/cb03/worker_log.txt
[2022-04-14T19:05:35+0000] [MainThread] [I] [toil.leader] Issued job 'Job' kind-Job/instance-da4uht1d v1 with job batch system ID: 4 and cores: 1, disk: 2.0 Gi, and memory: 2.0 Gi
[2022-04-14T19:05:35+0000] [MainThread] [I] [toil.worker] Redirecting logging to /tmp/1f12588952da56b08f2e2068be7a98f3/97b5/worker_log.txt
[2022-04-14T19:05:36+0000] [MainThread] [I] [toil.leader] Issued job 'resolve_id_promises' kind-resolve_id_promises/instance-0u0_i42o v1 with job batch system ID: 5 and cores: 1, disk: 2.0 Gi, and memory: 2.0 Gi
[2022-04-14T19:05:36+0000] [MainThread] [I] [toil.worker] Redirecting logging to /tmp/1f12588952da56b08f2e2068be7a98f3/4ce9/worker_log.txt
[2022-04-14T19:05:37+0000] [MainThread] [I] [toil.leader] Issued job 'Job' kind-Job/instance-da4uht1d v2 with job batch system ID: 6 and cores: 1, disk: 2.0 Gi, and memory: 2.0 Gi
[2022-04-14T19:05:37+0000] [MainThread] [I] [toil.worker] Redirecting logging to /tmp/1f12588952da56b08f2e2068be7a98f3/2362/worker_log.txt
[2022-04-14T19:05:37+0000] [MainThread] [I] [toil.leader] Issued job 'preprocess_input_sequences' kind-preprocess_input_sequences/instance-edps5k72 v2 with job batch system ID: 7 and cores: 1, disk: 2.0 Gi, and memory: 2.0 Gi
[2022-04-14T19:05:38+0000] [MainThread] [I] [toil.worker] Redirecting logging to /tmp/1f12588952da56b08f2e2068be7a98f3/ad3d/worker_log.txt
[2022-04-14T19:05:38+0000] [MainThread] [I] [toil.leader] Issued job 'run_prepend_unique_ids' kind-run_prepend_unique_ids/instance-n3sipm3x v1 with job batch system ID: 8 and cores: 1, disk: 2.0 Gi, and memory: 2.0 Gi
[2022-04-14T19:05:39+0000] [MainThread] [I] [toil.worker] Redirecting logging to /tmp/1f12588952da56b08f2e2068be7a98f3/6a4e/worker_log.txt
[2022-04-14T19:06:08+0000] [Thread-4  ] [W] [toil.statsAndLogging] Got message from job at time 04-14-2022 19:06:08: Job used more disk than requested. For CWL, consider increasing the outdirMin requirement, otherwise, consider increasing the disk requirement. Job files/for-job/kind-run_prepend_unique_ids/instance-n3sipm3x/cleanup/file-f3d63a4a2c3b4e1cb6b6dc0c13e31789/stream used 432.42% disk (8.6 GiB [9286103552B] used, 2.0 GiB [2147483648B] requested).
[2022-04-14T19:06:08+0000] [MainThread] [I] [toil.leader] Issued job 'run_setup_phase' kind-run_setup_phase/instance-f2vkqk6s v1 with job batch system ID: 9 and cores: 1, disk: 2.0 Gi, and memory: 2.0 Gi
[2022-04-14T19:06:09+0000] [MainThread] [I] [toil.worker] Redirecting logging to /tmp/1f12588952da56b08f2e2068be7a98f3/4eac/worker_log.txt
[2022-04-14T19:06:10+0000] [MainThread] [I] [toil.leader] Issued job 'CactusConsolidated' kind-CactusConsolidated/instance-7s2ca7j7 v1 with job batch system ID: 10 and cores: 64, disk: 13.0 Gi, and memory: 78.1 Gi
[2022-04-14T19:06:10+0000] [MainThread] [I] [toil.worker] Redirecting logging to /tmp/1f12588952da56b08f2e2068be7a98f3/0664/worker_log.txt
[2022-04-14T19:09:05+0000] [MainThread] [I] [toil-rt] 2022-04-14 19:09:05.018900: Running the command: "cactus_consolidated --sequences Cabingdonii /tmp/1f12588952da56b08f2e2068be7a98f3/0664/75c6/tmpsdmzc71w.tmp Cmccordii /tmp/1f12588952da56b08f2e2068be7a98f3/0664/75c6/tmpa8nwflvp.tmp Gevgoodei /tmp/1f12588952da56b08f2e2068be7a98f3/0664/75c6/tmpp77avd55.tmp Mmutica /tmp/1f12588952da56b08f2e2068be7a98f3/0664/75c6/tmpqo9a549e.tmp Pmegacephalum /tmp/1f12588952da56b08f2e2068be7a98f3/0664/75c6/tmp2h8cllle.tmp --speciesTree (((Cmccordii:1.0,Mmutica:2.0)Anc07:1.0,(Cabingdonii:1.0,Gevgoodei:1.0)Anc08:1.0)Anc03:1.0,Pmegacephalum:2.0)Anc01; --logLevel INFO --alignments /tmp/1f12588952da56b08f2e2068be7a98f3/0664/75c6/tmpqb9srpxn.tmp --params /tmp/1f12588952da56b08f2e2068be7a98f3/0664/75c6/tmpbh42xfn_.tmp --outputFile /tmp/1f12588952da56b08f2e2068be7a98f3/0664/75c6/tmpadpnr0ah.tmp --outputHalFastaFile /tmp/1f12588952da56b08f2e2068be7a98f3/0664/75c6/tmp9436wur7.tmp --outputReferenceFile /tmp/1f12588952da56b08f2e2068be7a98f3/0664/75c6/tmpv_fag3r9.tmp --outgroupEvents Cmccordii Pmegacephalum Mmutica --referenceEvent Anc08 --secondaryAlignments /tmp/1f12588952da56b08f2e2068be7a98f3/0664/75c6/tmpfgf83v6k.tmp --threads 64"
[2022-04-14T19:09:05+0000] [MainThread] [I] [toil-rt] cactus_consolidated(Anc08): Params file: /tmp/1f12588952da56b08f2e2068be7a98f3/0664/75c6/tmpbh42xfn_.tmp
[2022-04-14T19:09:05+0000] [MainThread] [I] [toil-rt] cactus_consolidated(Anc08): Output file string : /tmp/1f12588952da56b08f2e2068be7a98f3/0664/75c6/tmpadpnr0ah.tmp
[2022-04-14T19:09:05+0000] [MainThread] [I] [toil-rt] cactus_consolidated(Anc08): Output hal fasta file string : /tmp/1f12588952da56b08f2e2068be7a98f3/0664/75c6/tmp9436wur7.tmp
[2022-04-14T19:09:05+0000] [MainThread] [I] [toil-rt] cactus_consolidated(Anc08): Output reference fasta file string : /tmp/1f12588952da56b08f2e2068be7a98f3/0664/75c6/tmpv_fag3r9.tmp
[2022-04-14T19:09:05+0000] [MainThread] [I] [toil-rt] cactus_consolidated(Anc08): Sequence files and events: Cabingdonii /tmp/1f12588952da56b08f2e2068be7a98f3/0664/75c6/tmpsdmzc71w.tmp Cmccordii /tmp/1f12588952da56b08f2e2068be7a98f3/0664/75c6/tmpa8nwflvp.tmp Gevgoodei /tmp/1f12588952da56b08f2e2068be7a98f3/0664/75c6/tmpp77avd55.tmp Mmutica /tmp/1f12588952da56b08f2e2068be7a98f3/0664/75c6/tmpqo9a549e.tmp Pmegacephalum /tmp/1f12588952da56b08f2e2068be7a98f3/0664/75c6/tmp2h8cllle.tmp
[2022-04-14T19:09:05+0000] [MainThread] [I] [toil-rt] cactus_consolidated(Anc08): Alignments file: /tmp/1f12588952da56b08f2e2068be7a98f3/0664/75c6/tmpqb9srpxn.tmp
[2022-04-14T19:09:05+0000] [MainThread] [I] [toil-rt] cactus_consolidated(Anc08): Secondary alignments file: /tmp/1f12588952da56b08f2e2068be7a98f3/0664/75c6/tmpfgf83v6k.tmp
[2022-04-14T19:09:05+0000] [MainThread] [I] [toil-rt] cactus_consolidated(Anc08): Constraint alignments file: (null)
[2022-04-14T19:09:05+0000] [MainThread] [I] [toil-rt] cactus_consolidated(Anc08): Species tree: (((Cmccordii:1.0,Mmutica:2.0)Anc07:1.0,(Cabingdonii:1.0,Gevgoodei:1.0)Anc08:1.0)Anc03:1.0,Pmegacephalum:2.0)Anc01;
[2022-04-14T19:09:05+0000] [MainThread] [I] [toil-rt] cactus_consolidated(Anc08): Outgroup events: Cmccordii Pmegacephalum Mmutica
[2022-04-14T19:09:05+0000] [MainThread] [I] [toil-rt] cactus_consolidated(Anc08): Reference event: Anc08
[2022-04-14T19:09:05+0000] [MainThread] [I] [toil-rt] cactus_consolidated(Anc08): Loaded the parameters files, 0 seconds have elapsed
[2022-04-14T19:09:05+0000] [MainThread] [I] [toil-rt] cactus_consolidated(Anc08): Set up the cactus disk, 0 seconds have elapsed
[2022-04-14T19:09:05+0000] [MainThread] [I] [toil-rt] cactus_consolidated(Anc08): Constructed the first flower
[2022-04-14T19:09:05+0000] [MainThread] [I] [toil-rt] cactus_consolidated(Anc08): Going to build the event tree with newick string: (((Cmccordii:1.0,Mmutica:2.0)Anc07:1.0,(Cabingdonii:1.0,Gevgoodei:1.0)Anc08:1.0)Anc03:1.0,Pmegacephalum:2.0)Anc01;
[2022-04-14T19:09:05+0000] [MainThread] [I] [toil-rt] cactus_consolidated(Anc08): Parsed the tree
[2022-04-14T19:09:05+0000] [MainThread] [I] [toil-rt] cactus_consolidated(Anc08): Constructed the basic event tree
[2022-04-14T19:09:05+0000] [MainThread] [I] [toil-rt] cactus_consolidated(Anc08): Assigning sequence /tmp/1f12588952da56b08f2e2068be7a98f3/0664/75c6/tmpsdmzc71w.tmp to Cabingdonii
[2022-04-14T19:09:05+0000] [MainThread] [I] [toil-rt] cactus_consolidated(Anc08): Processing file: /tmp/1f12588952da56b08f2e2068be7a98f3/0664/75c6/tmpsdmzc71w.tmp
[2022-04-14T19:09:05+0000] [MainThread] [I] [toil-rt] cactus_consolidated(Anc08): The file /tmp/1f12588952da56b08f2e2068be7a98f3/0664/75c6/tmpsdmzc71w.tmp is specified incomplete, the sequences will not be attached
[2022-04-14T19:09:17+0000] [MainThread] [I] [toil-rt] cactus_consolidated(Anc08): Assigning sequence /tmp/1f12588952da56b08f2e2068be7a98f3/0664/75c6/tmpa8nwflvp.tmp to Cmccordii
[2022-04-14T19:09:17+0000] [MainThread] [I] [toil-rt] cactus_consolidated(Anc08): Processing file: /tmp/1f12588952da56b08f2e2068be7a98f3/0664/75c6/tmpa8nwflvp.tmp
[2022-04-14T19:09:17+0000] [MainThread] [I] [toil-rt] cactus_consolidated(Anc08): The file /tmp/1f12588952da56b08f2e2068be7a98f3/0664/75c6/tmpa8nwflvp.tmp is specified incomplete, the sequences will not be attached
[2022-04-14T19:09:28+0000] [MainThread] [I] [toil-rt] cactus_consolidated(Anc08): Assigning sequence /tmp/1f12588952da56b08f2e2068be7a98f3/0664/75c6/tmpp77avd55.tmp to Gevgoodei
[2022-04-14T19:09:28+0000] [MainThread] [I] [toil-rt] cactus_consolidated(Anc08): Processing file: /tmp/1f12588952da56b08f2e2068be7a98f3/0664/75c6/tmpp77avd55.tmp
[2022-04-14T19:09:28+0000] [MainThread] [I] [toil-rt] cactus_consolidated(Anc08): The file /tmp/1f12588952da56b08f2e2068be7a98f3/0664/75c6/tmpp77avd55.tmp is specified incomplete, the sequences will not be attached
[2022-04-14T19:09:41+0000] [MainThread] [I] [toil-rt] cactus_consolidated(Anc08): Assigning sequence /tmp/1f12588952da56b08f2e2068be7a98f3/0664/75c6/tmpqo9a549e.tmp to Mmutica
[2022-04-14T19:09:41+0000] [MainThread] [I] [toil-rt] cactus_consolidated(Anc08): Processing file: /tmp/1f12588952da56b08f2e2068be7a98f3/0664/75c6/tmpqo9a549e.tmp
[2022-04-14T19:09:41+0000] [MainThread] [I] [toil-rt] cactus_consolidated(Anc08): The file /tmp/1f12588952da56b08f2e2068be7a98f3/0664/75c6/tmpqo9a549e.tmp is specified incomplete, the sequences will not be attached
[2022-04-14T19:09:51+0000] [MainThread] [I] [toil-rt] cactus_consolidated(Anc08): Assigning sequence /tmp/1f12588952da56b08f2e2068be7a98f3/0664/75c6/tmp2h8cllle.tmp to Pmegacephalum
[2022-04-14T19:09:51+0000] [MainThread] [I] [toil-rt] cactus_consolidated(Anc08): Processing file: /tmp/1f12588952da56b08f2e2068be7a98f3/0664/75c6/tmp2h8cllle.tmp
[2022-04-14T19:09:51+0000] [MainThread] [I] [toil-rt] cactus_consolidated(Anc08): The file /tmp/1f12588952da56b08f2e2068be7a98f3/0664/75c6/tmp2h8cllle.tmp is specified incomplete, the sequences will not be attached
[2022-04-14T19:10:01+0000] [MainThread] [I] [toil-rt] cactus_consolidated(Anc08): Constructed the initial flower with 433067 sequences and 10 events with string: ((((Cmccordii:1,Mmutica:2)Anc07:1,(Cabingdonii:1,Gevgoodei:1)Anc08:1)Anc03:1,Pmegacephalum:2)Anc01:9.22337e+18)ROOT:9.22337e+18;
[2022-04-14T19:10:02+0000] [MainThread] [I] [toil-rt] cactus_consolidated(Anc08): Established the first Flower in the hierarchy, 57 seconds have elapsed
[2022-04-14T19:34:38+0000] [MainThread] [I] [toil-rt] cactus_consolidated(Anc08): Converted alignment coordinates, 1533 seconds have elapsed
[2022-04-14T19:34:39+0000] [MainThread] [I] [toil-rt] cactus_consolidated(Anc08): Stripped the unique IDs, 1534 seconds have elapsed
[2022-04-14T19:34:40+0000] [MainThread] [I] [toil-rt] cactus_consolidated(Anc08): Starting annealing round with a minimum chain length of 64 and an alignment trim of 3
[2022-04-14T20:05:32+0000] [MainThread] [I] [toil.leader] 1 jobs are running, 0 jobs are issued and waiting to run
[2022-04-14T20:30:11+0000] [MainThread] [I] [toil-rt] cactus_consolidated(Anc08): There were 159362292 blocks in the sequence graph, representing 6743955860 total aligned bases
[2022-04-14T20:30:37+0000] [MainThread] [I] [toil-rt] cactus_consolidated(Anc08): Block degree stats: min 1, avg 5.328231, median 4, max 394349
[2022-04-14T20:30:37+0000] [MainThread] [I] [toil-rt] cactus_consolidated(Anc08): Block support stats: min 0.000000, avg 0.738990, median 0.666667, max 5.000000
[2022-04-14T20:34:15+0000] [MainThread] [I] [toil-rt] cactus_consolidated(Anc08): Starting melting round with a minimum chain length of 2
slurmstepd: error: *** JOB 4863548 ON holy7c26410 CANCELLED AT 2022-04-15T15:05:27 DUE TO TIME LIMIT ***
