# generating maf index...
# reading bed file...
# creating output folder: /n/holylfs05/LABS/informatics/Users/gthomas/turtles/cactus/turtle-output-smk/windows/02-fasta//NC_050086.2-10kb-windows/
# beginning fasta conversion...
# generating maf index...
# reading bed file...
# creating output folder: /n/holylfs05/LABS/informatics/Users/gthomas/turtles/cactus/turtle-output-smk/windows/02-fasta//NC_050087.2-10kb-windows/
# beginning fasta conversion...
# generating maf index...
# reading bed file...
# creating output folder: /n/holylfs05/LABS/informatics/Users/gthomas/turtles/cactus/turtle-output-smk/windows/02-fasta//NC_050085.1-10kb-windows/
# beginning fasta conversion...
# generating maf index...
# reading bed file...
# creating output folder: /n/holylfs05/LABS/informatics/Users/gthomas/turtles/cactus/turtle-output-smk/windows/02-fasta//NC_050083.1-10kb-windows/
# beginning fasta conversion...
# generating maf index...
# reading bed file...
# creating output folder: /n/holylfs05/LABS/informatics/Users/gthomas/turtles/cactus/turtle-output-smk/windows/02-fasta//NC_050084.1-10kb-windows/
# beginning fasta conversion...
# generating maf index...
# reading bed file...
# creating output folder: /n/holylfs05/LABS/informatics/Users/gthomas/turtles/cactus/turtle-output-smk/windows/02-fasta//NC_050082.1-10kb-windows/
# beginning fasta conversion...
# generating maf index...
# reading bed file...
# creating output folder: /n/holylfs05/LABS/informatics/Users/gthomas/turtles/cactus/turtle-output-smk/windows/02-fasta//NC_050081.1-10kb-windows/
# beginning fasta conversion...
# generating maf index...
# reading bed file...
# creating output folder: /n/holylfs05/LABS/informatics/Users/gthomas/turtles/cactus/turtle-output-smk/windows/02-fasta//NC_050088.1-10kb-windows/
# beginning fasta conversion...
# generating maf index...
# reading bed file...
# creating output folder: /n/holylfs05/LABS/informatics/Users/gthomas/turtles/cactus/turtle-output-smk/windows/02-fasta//NC_050080.1-10kb-windows/
# beginning fasta conversion...
# generating maf index...
# reading bed file...
# creating output folder: /n/holylfs05/LABS/informatics/Users/gthomas/turtles/cactus/turtle-output-smk/windows/02-fasta//NW_025091561.1-10kb-windows/
# beginning fasta conversion...
# generating maf index...
# reading bed file...
# creating output folder: /n/holylfs05/LABS/informatics/Users/gthomas/turtles/cactus/turtle-output-smk/windows/02-fasta//NW_025091562.1-10kb-windows/
# beginning fasta conversion...
# generating maf index...
# reading bed file...
# creating output folder: /n/holylfs05/LABS/informatics/Users/gthomas/turtles/cactus/turtle-output-smk/windows/02-fasta//NW_025091563.1-10kb-windows/
# beginning fasta conversion...
# generating maf index...
# reading bed file...
# creating output folder: /n/holylfs05/LABS/informatics/Users/gthomas/turtles/cactus/turtle-output-smk/windows/02-fasta//NW_025091564.1-10kb-windows/
# beginning fasta conversion...
# generating maf index...
# reading bed file...
# creating output folder: /n/holylfs05/LABS/informatics/Users/gthomas/turtles/cactus/turtle-output-smk/windows/02-fasta//NW_025091565.1-10kb-windows/
# beginning fasta conversion...
# generating maf index...
# reading bed file...
# creating output folder: /n/holylfs05/LABS/informatics/Users/gthomas/turtles/cactus/turtle-output-smk/windows/02-fasta//NC_050089.1-10kb-windows/
# beginning fasta conversion...
# generating maf index...
# reading bed file...
# creating output folder: /n/holylfs05/LABS/informatics/Users/gthomas/turtles/cactus/turtle-output-smk/windows/02-fasta//NW_025091567.1-10kb-windows/
# beginning fasta conversion...
# generating maf index...
# reading bed file...
# creating output folder: /n/holylfs05/LABS/informatics/Users/gthomas/turtles/cactus/turtle-output-smk/windows/02-fasta//NW_025091566.1-10kb-windows/
# beginning fasta conversion...
# generating maf index...
# reading bed file...
# creating output folder: /n/holylfs05/LABS/informatics/Users/gthomas/turtles/cactus/turtle-output-smk/windows/02-fasta//NW_025091568.1-10kb-windows/
# beginning fasta conversion...
# generating maf index...
# reading bed file...
# creating output folder: /n/holylfs05/LABS/informatics/Users/gthomas/turtles/cactus/turtle-output-smk/windows/02-fasta//NW_025091569.1-10kb-windows/
# beginning fasta conversion...
# generating maf index...
# reading bed file...
# creating output folder: /n/holylfs05/LABS/informatics/Users/gthomas/turtles/cactus/turtle-output-smk/windows/02-fasta//NW_025091570.1-10kb-windows/
# beginning fasta conversion...
# generating maf index...
# reading bed file...
# creating output folder: /n/holylfs05/LABS/informatics/Users/gthomas/turtles/cactus/turtle-output-smk/windows/02-fasta//NW_025091571.1-10kb-windows/
# beginning fasta conversion...
# generating maf index...
# reading bed file...
# creating output folder: /n/holylfs05/LABS/informatics/Users/gthomas/turtles/cactus/turtle-output-smk/windows/02-fasta//NW_025091572.1-10kb-windows/
# beginning fasta conversion...
# generating maf index...
# reading bed file...
# creating output folder: /n/holylfs05/LABS/informatics/Users/gthomas/turtles/cactus/turtle-output-smk/windows/02-fasta//NC_050090.1-10kb-windows/
# beginning fasta conversion...
# generating maf index...
# reading bed file...
# creating output folder: /n/holylfs05/LABS/informatics/Users/gthomas/turtles/cactus/turtle-output-smk/windows/02-fasta//NC_050095.1-10kb-windows/
# beginning fasta conversion...
# generating maf index...
# reading bed file...
# creating output folder: /n/holylfs05/LABS/informatics/Users/gthomas/turtles/cactus/turtle-output-smk/windows/02-fasta//NC_050091.1-10kb-windows/
# beginning fasta conversion...
# generating maf index...
# reading bed file...
# creating output folder: /n/holylfs05/LABS/informatics/Users/gthomas/turtles/cactus/turtle-output-smk/windows/02-fasta//NC_050079.1-10kb-windows/
# beginning fasta conversion...
# generating maf index...
# reading bed file...
# creating output folder: /n/holylfs05/LABS/informatics/Users/gthomas/turtles/cactus/turtle-output-smk/windows/02-fasta//NC_050092.1-10kb-windows/
# beginning fasta conversion...
# generating maf index...
# reading bed file...
# creating output folder: /n/holylfs05/LABS/informatics/Users/gthomas/turtles/cactus/turtle-output-smk/windows/02-fasta//NC_050093.1-10kb-windows/
# beginning fasta conversion...
# generating maf index...
# reading bed file...
# creating output folder: /n/holylfs05/LABS/informatics/Users/gthomas/turtles/cactus/turtle-output-smk/windows/02-fasta//NC_050094.1-10kb-windows/
# beginning fasta conversion...
# generating maf index...
# reading bed file...
# creating output folder: /n/holylfs05/LABS/informatics/Users/gthomas/turtles/cactus/turtle-output-smk/windows/02-fasta//NC_050078.2-10kb-windows/
# beginning fasta conversion...
# generating maf index...
# reading bed file...
# creating output folder: /n/holylfs05/LABS/informatics/Users/gthomas/turtles/cactus/turtle-output-smk/windows/02-fasta//NC_050077.1-10kb-windows/
# beginning fasta conversion...
# generating maf index...
# reading bed file...
# creating output folder: /n/holylfs05/LABS/informatics/Users/gthomas/turtles/cactus/turtle-output-smk/windows/02-fasta//NC_050076.1-10kb-windows/
# beginning fasta conversion...
# generating maf index...
# reading bed file...
# creating output folder: /n/holylfs05/LABS/informatics/Users/gthomas/turtles/cactus/turtle-output-smk/windows/02-fasta//NC_050075.1-10kb-windows/
# beginning fasta conversion...
# generating maf index...
# reading bed file...
# creating output folder: /n/holylfs05/LABS/informatics/Users/gthomas/turtles/cactus/turtle-output-smk/windows/02-fasta//NC_050073.1-10kb-windows/
# beginning fasta conversion...
# generating maf index...
# reading bed file...
# creating output folder: /n/holylfs05/LABS/informatics/Users/gthomas/turtles/cactus/turtle-output-smk/windows/02-fasta//NC_050074.1-10kb-windows/
# beginning fasta conversion...
# generating maf index...
# reading bed file...
# creating output folder: /n/holylfs05/LABS/informatics/Users/gthomas/turtles/cactus/turtle-output-smk/windows/02-fasta//NC_050072.1-10kb-windows/
# beginning fasta conversion...
# generating maf index...
# reading bed file...
# creating output folder: /n/holylfs05/LABS/informatics/Users/gthomas/turtles/cactus/turtle-output-smk/windows/02-fasta//NC_050071.1-10kb-windows/
# beginning fasta conversion...
# generating maf index...
# reading bed file...
# creating output folder: /n/holylfs05/LABS/informatics/Users/gthomas/turtles/cactus/turtle-output-smk/windows/02-fasta//NC_050070.1-10kb-windows/
# beginning fasta conversion...
# generating maf index...
# reading bed file...
# creating output folder: /n/holylfs05/LABS/informatics/Users/gthomas/turtles/cactus/turtle-output-smk/windows/02-fasta//NC_050069.1-10kb-windows/
# beginning fasta conversion...
# generating maf index...
# reading bed file...
# creating output folder: /n/holylfs05/LABS/informatics/Users/gthomas/turtles/cactus/turtle-output-smk/windows/02-fasta//NC_050068.2-10kb-windows/
# beginning fasta conversion...
